<?xml version="1.0" encoding="UTF-8" ?>
<testsuite tests="50" failures="7" name="TestSuite" time="2,445.165" errors="0" skipped="0">
  <properties>
[...]
</properties>
  <testcase classname="automationFramework.TestCases.CreateCustomerTest" name="createNewCustomer" time="50.782"/>
  <testcase classname="automationFramework.TestCases.CreateCustomerTest" name="createCustomerCancel" time="25.469"/>
  <testcase classname="automationFramework.TestCases.CreateCustomerTest" name="createCustomerContactTypeNotSelected" time="35.304"/>
  <testcase classname="automationFramework.TestCases.CreateCustomerTest" name="createCustomerInvalidEmail" time="37.592"/>
  <testcase classname="automationFramework.TestCases.CreateCustomerTest" name="createCustomerInvalidPin" time="32.601"/>
  <testcase classname="automationFramework.TestCases.CreateCustomerTest" name="createCustomerFundingInvalidCC" time="36.177"/>
  <testcase classname="automationFramework.TestCases.CreateCustomerTest" name="createCustomerDuplicateUserName" time="46.607"/>
  <testcase classname="automationFramework.TestCases.CreateCustomerTest" name="createCustomerInvalidUserName" time="35.598"/>
  <testcase classname="automationFramework.TestCases.CreateCustomerTest" name="createCustomerInvalidPhone" time="23.523"/>
  <testcase classname="automationFramework.TestCases.CreateCustomerTest" name="createCustomerNameMissing" time="20.987"/>
  <testcase classname="automationFramework.TestCases.CreateCustomerTest" name="createCustomerEmailMissing" time="25.681"/>
  <testcase classname="automationFramework.TestCases.SearchTest" name="searchCustomerVerifiedTest" time="27.593"/>
  <testcase classname="automationFramework.TestCases.SearchTest" name="searchCustomerNotVerifiedTest" time="36.277"/>
  <testcase classname="automationFramework.TestCases.SearchTest" name="searchCustomerNoResultsTest" time="28.795"/>
  <testcase classname="automationFramework.TestCases.SearchTest" name="searchCustomerTypeNotSelected" time="17.01"/>
  <testcase classname="automationFramework.TestCases.SearchTest" name="searchCustomerInvalidEmail" time="26.81"/>
  <testcase classname="automationFramework.TestCases.SearchTest" name="searchCustomerCheckDuplicateTestFname" time="26.538"/>
  <testcase classname="automationFramework.TestCases.SearchTest" name="searchCustomerCheckDuplicateTestLname" time="23.63"/>
  <testcase classname="automationFramework.TestCases.SearchTest" name="searchCustomerCheckDuplicateTestFnameLname" time="31.001"/>
  <testcase classname="automationFramework.TestCases.SearchTest" name="searchCustomerCheckDuplicateTestPhone" time="25.324"/>
  <testcase classname="automationFramework.TestCases.SearchTest" name="searchCustomerCheckDuplicateTestEmail" time="26.52"/>
  <testcase classname="automationFramework.TestCases.SearchTest" name="searchCustomerCheckDuplicateTestEmailPhone" time="28.435"/>
  <testcase classname="automationFramework.TestCases.SearchTest" name="searchCustomerCheckDuplicateTestAll" time="22.903"/>
  <testcase classname="automationFramework.TestCases.CreateFundingTest" name="createFundingSource" time="76.426"/>
  <testcase classname="automationFramework.TestCases.CreateFundingTest" name="createFundingSourceNewBillingAddress" time="85.354"/>
  <testcase classname="automationFramework.TestCases.CreateFundingTest" name="createFundingSourceCancel" time="40.411"/>
  <testcase classname="automationFramework.TestCases.CreateFundingTest" name="createFundingSourceTypeNotSelected" time="43.214"/>
  <testcase classname="automationFramework.TestCases.CreateFundingTest" name="createCustomerInvalidEmail" time="44.251"/>
  <testcase classname="automationFramework.TestCases.CreateFundingTest" name="createCustomerFundingInvalidCC" time="41.99"/>
  <testcase classname="automationFramework.TestCases.LinkAccountTest" name="linkAccountAlreadyLinkedException" time="43.393">
    <failure message="expected [Account Already Linked] but found [Link Account Failure]" type="java.lang.AssertionError">java.lang.AssertionError: expected [Account Already Linked] but found [Link Account Failure]
	at org.testng.Assert.fail(Assert.java:94)
	at org.testng.Assert.failNotEquals(Assert.java:494)
	at org.testng.Assert.assertEquals(Assert.java:123)
	at org.testng.Assert.assertEquals(Assert.java:176)
	at org.testng.Assert.assertEquals(Assert.java:186)
	at automationFramework.TestCases.LinkAccountTest.linkAccountAlreadyLinkedException(LinkAccountTest.java:121)
</failure>
    <system-out>Time in Milliseconds: 1327790 
Test Case: automationFramework.TestCases.CreateFundingTest 
Time Stamp: 2016-07-27 17:18:52,846 
Code Location: automationFramework.TestCases.CreateFundingTest.tearDown(CreateFundingTest.java:237) 
Log Message: TearDown Complete 
 
Time in Milliseconds: 1327790 
Test Case: automationFramework.TestCases.CreateFundingTest 
Time Stamp: 2016-07-27 17:18:52,846 
Code Location: automationFramework.TestCases.CreateFundingTest.tearDown(CreateFundingTest.java:237) 
Log Message: TearDown Complete 
 
Time in Milliseconds: 1327790 
Test Case: automationFramework.TestCases.CreateFundingTest 
Time Stamp: 2016-07-27 17:18:52,846 
Code Location: automationFramework.TestCases.CreateFundingTest.tearDown(CreateFundingTest.java:237) 
Log Message: TearDown Complete 
 
Time in Milliseconds: 1327790 
Test Case: automationFramework.TestCases.CreateFundingTest 
Time Stamp: 2016-07-27 17:18:52,846 
Code Location: automationFramework.TestCases.CreateFundingTest.tearDown(CreateFundingTest.java:237) 
Log Message: TearDown Complete 
 
Time in Milliseconds: 1327790 
Test Case: automationFramework.TestCases.CreateFundingTest 
Time Stamp: 2016-07-27 17:18:52,846 
Code Location: automationFramework.TestCases.CreateFundingTest.tearDown(CreateFundingTest.java:237) 
Log Message: TearDown Complete 
 
Time in Milliseconds: 1327790 
Test Case: automationFramework.TestCases.CreateFundingTest 
Time Stamp: 2016-07-27 17:18:52,846 
Code Location: automationFramework.TestCases.CreateFundingTest.tearDown(CreateFundingTest.java:237) 
Log Message: TearDown Complete 
 
Time in Milliseconds: 1327790 
Test Case: automationFramework.TestCases.CreateFundingTest 
Time Stamp: 2016-07-27 17:18:52,846 
Code Location: automationFramework.TestCases.CreateFundingTest.tearDown(CreateFundingTest.java:237) 
Log Message: TearDown Complete 
 
Time in Milliseconds: 1327790 
Test Case: automationFramework.TestCases.CreateFundingTest 
Time Stamp: 2016-07-27 17:18:52,846 
Code Location: automationFramework.TestCases.CreateFundingTest.tearDown(CreateFundingTest.java:237) 
Log Message: TearDown Complete 
 
Time in Milliseconds: 1327790 
Test Case: automationFramework.TestCases.CreateFundingTest 
Time Stamp: 2016-07-27 17:18:52,846 
Code Location: automationFramework.TestCases.CreateFundingTest.tearDown(CreateFundingTest.java:237) 
Log Message: TearDown Complete 
 
Time in Milliseconds: 1327790 
Test Case: automationFramework.TestCases.CreateFundingTest 
Time Stamp: 2016-07-27 17:18:52,846 
Code Location: automationFramework.TestCases.CreateFundingTest.tearDown(CreateFundingTest.java:237) 
Log Message: TearDown Complete 
 
Time in Milliseconds: 1327790 
Test Case: automationFramework.TestCases.CreateFundingTest 
Time Stamp: 2016-07-27 17:18:52,846 
Code Location: automationFramework.TestCases.CreateFundingTest.tearDown(CreateFundingTest.java:237) 
Log Message: TearDown Complete 
 
Time in Milliseconds: 1327790 
Test Case: automationFramework.TestCases.CreateFundingTest 
Time Stamp: 2016-07-27 17:18:52,846 
Code Location: automationFramework.TestCases.CreateFundingTest.tearDown(CreateFundingTest.java:237) 
Log Message: TearDown Complete 
 
Time in Milliseconds: 1327790 
Test Case: automationFramework.TestCases.CreateFundingTest 
Time Stamp: 2016-07-27 17:18:52,846 
Code Location: automationFramework.TestCases.CreateFundingTest.tearDown(CreateFundingTest.java:237) 
Log Message: TearDown Complete 
 
Time in Milliseconds: 1327790 
Test Case: automationFramework.TestCases.CreateFundingTest 
Time Stamp: 2016-07-27 17:18:52,846 
Code Location: automationFramework.TestCases.CreateFundingTest.tearDown(CreateFundingTest.java:237) 
Log Message: TearDown Complete 
 
Time in Milliseconds: 1327790 
Test Case: automationFramework.TestCases.CreateFundingTest 
Time Stamp: 2016-07-27 17:18:52,846 
Code Location: automationFramework.TestCases.CreateFundingTest.tearDown(CreateFundingTest.java:237) 
Log Message: TearDown Complete 
 
Time in Milliseconds: 1327790 
Test Case: automationFramework.TestCases.CreateFundingTest 
Time Stamp: 2016-07-27 17:18:52,846 
Code Location: automationFramework.TestCases.CreateFundingTest.tearDown(CreateFundingTest.java:237) 
Log Message: TearDown Complete 
 
Time in Milliseconds: 1327790 
Test Case: automationFramework.TestCases.CreateFundingTest 
Time Stamp: 2016-07-27 17:18:52,846 
Code Location: automationFramework.TestCases.CreateFundingTest.tearDown(CreateFundingTest.java:237) 
Log Message: TearDown Complete 
 
Time in Milliseconds: 1327790 
Test Case: automationFramework.TestCases.CreateFundingTest 
Time Stamp: 2016-07-27 17:18:52,846 
Code Location: automationFramework.TestCases.CreateFundingTest.tearDown(CreateFundingTest.java:237) 
Log Message: TearDown Complete 
 
Time in Milliseconds: 1327790 
Test Case: automationFramework.TestCases.CreateFundingTest 
Time Stamp: 2016-07-27 17:18:52,846 
Code Location: automationFramework.TestCases.CreateFundingTest.tearDown(CreateFundingTest.java:237) 
Log Message: TearDown Complete 
 
Time in Milliseconds: 1327790 
Test Case: automationFramework.TestCases.CreateFundingTest 
Time Stamp: 2016-07-27 17:18:52,846 
Code Location: automationFramework.TestCases.CreateFundingTest.tearDown(CreateFundingTest.java:237) 
Log Message: TearDown Complete 
 
Time in Milliseconds: 1327790 
Test Case: automationFramework.TestCases.CreateFundingTest 
Time Stamp: 2016-07-27 17:18:52,846 
Code Location: automationFramework.TestCases.CreateFundingTest.tearDown(CreateFundingTest.java:237) 
Log Message: TearDown Complete 
 
Time in Milliseconds: 1327790 
Test Case: automationFramework.TestCases.CreateFundingTest 
Time Stamp: 2016-07-27 17:18:52,846 
Code Location: automationFramework.TestCases.CreateFundingTest.tearDown(CreateFundingTest.java:237) 
Log Message: TearDown Complete 
 
Time in Milliseconds: 1327790 
Test Case: automationFramework.TestCases.CreateFundingTest 
Time Stamp: 2016-07-27 17:18:52,846 
Code Location: automationFramework.TestCases.CreateFundingTest.tearDown(CreateFundingTest.java:237) 
Log Message: TearDown Complete 
 
Time in Milliseconds: 1327790 
Test Case: automationFramework.TestCases.CreateFundingTest 
Time Stamp: 2016-07-27 17:18:52,846 
Code Location: automationFramework.TestCases.CreateFundingTest.tearDown(CreateFundingTest.java:237) 
Log Message: TearDown Complete 
 
Time in Milliseconds: 1327790 
Test Case: automationFramework.TestCases.CreateFundingTest 
Time Stamp: 2016-07-27 17:18:52,846 
Code Location: automationFramework.TestCases.CreateFundingTest.tearDown(CreateFundingTest.java:237) 
Log Message: TearDown Complete 
 
Time in Milliseconds: 1327790 
Test Case: automationFramework.TestCases.CreateFundingTest 
Time Stamp: 2016-07-27 17:18:52,846 
Code Location: automationFramework.TestCases.CreateFundingTest.tearDown(CreateFundingTest.java:237) 
Log Message: TearDown Complete 
 
Time in Milliseconds: 1327790 
Test Case: automationFramework.TestCases.CreateFundingTest 
Time Stamp: 2016-07-27 17:18:52,846 
Code Location: automationFramework.TestCases.CreateFundingTest.tearDown(CreateFundingTest.java:237) 
Log Message: TearDown Complete 
 
Time in Milliseconds: 1327790 
Test Case: automationFramework.TestCases.CreateFundingTest 
Time Stamp: 2016-07-27 17:18:52,846 
Code Location: automationFramework.TestCases.CreateFundingTest.tearDown(CreateFundingTest.java:237) 
Log Message: TearDown Complete 
 
Time in Milliseconds: 1327790 
Test Case: automationFramework.TestCases.CreateFundingTest 
Time Stamp: 2016-07-27 17:18:52,846 
Code Location: automationFramework.TestCases.CreateFundingTest.tearDown(CreateFundingTest.java:237) 
Log Message: TearDown Complete 
 
2016-07-27 17:18:52,846 INFO  [Logger] TearDown Complete 
Time in Milliseconds: 1328166 
Test Case: automationFramework.TestCases.LinkAccountTest 
Time Stamp: 2016-07-27 17:18:53,222 
Code Location: automationFramework.TestCases.LinkAccountTest.setUp(LinkAccountTest.java:42) 
Log Message: Setup Started 
 
Time in Milliseconds: 1328166 
Test Case: automationFramework.TestCases.LinkAccountTest 
Time Stamp: 2016-07-27 17:18:53,222 
Code Location: automationFramework.TestCases.LinkAccountTest.setUp(LinkAccountTest.java:42) 
Log Message: Setup Started 
 
Time in Milliseconds: 1328166 
Test Case: automationFramework.TestCases.LinkAccountTest 
Time Stamp: 2016-07-27 17:18:53,222 
Code Location: automationFramework.TestCases.LinkAccountTest.setUp(LinkAccountTest.java:42) 
Log Message: Setup Started 
 
Time in Milliseconds: 1328166 
Test Case: automationFramework.TestCases.LinkAccountTest 
Time Stamp: 2016-07-27 17:18:53,222 
Code Location: automationFramework.TestCases.LinkAccountTest.setUp(LinkAccountTest.java:42) 
Log Message: Setup Started 
 
Time in Milliseconds: 1328166 
Test Case: automationFramework.TestCases.LinkAccountTest 
Time Stamp: 2016-07-27 17:18:53,222 
Code Location: automationFramework.TestCases.LinkAccountTest.setUp(LinkAccountTest.java:42) 
Log Message: Setup Started 
 
Time in Milliseconds: 1328166 
Test Case: automationFramework.TestCases.LinkAccountTest 
Time Stamp: 2016-07-27 17:18:53,222 
Code Location: automationFramework.TestCases.LinkAccountTest.setUp(LinkAccountTest.java:42) 
Log Message: Setup Started 
 
Time in Milliseconds: 1328166 
Test Case: automationFramework.TestCases.LinkAccountTest 
Time Stamp: 2016-07-27 17:18:53,222 
Code Location: automationFramework.TestCases.LinkAccountTest.setUp(LinkAccountTest.java:42) 
Log Message: Setup Started 
 
Time in Milliseconds: 1328166 
Test Case: automationFramework.TestCases.LinkAccountTest 
Time Stamp: 2016-07-27 17:18:53,222 
Code Location: automationFramework.TestCases.LinkAccountTest.setUp(LinkAccountTest.java:42) 
Log Message: Setup Started 
 
Time in Milliseconds: 1328166 
Test Case: automationFramework.TestCases.LinkAccountTest 
Time Stamp: 2016-07-27 17:18:53,222 
Code Location: automationFramework.TestCases.LinkAccountTest.setUp(LinkAccountTest.java:42) 
Log Message: Setup Started 
 
Time in Milliseconds: 1328166 
Test Case: automationFramework.TestCases.LinkAccountTest 
Time Stamp: 2016-07-27 17:18:53,222 
Code Location: automationFramework.TestCases.LinkAccountTest.setUp(LinkAccountTest.java:42) 
Log Message: Setup Started 
 
Time in Milliseconds: 1328166 
Test Case: automationFramework.TestCases.LinkAccountTest 
Time Stamp: 2016-07-27 17:18:53,222 
Code Location: automationFramework.TestCases.LinkAccountTest.setUp(LinkAccountTest.java:42) 
Log Message: Setup Started 
 
Time in Milliseconds: 1328166 
Test Case: automationFramework.TestCases.LinkAccountTest 
Time Stamp: 2016-07-27 17:18:53,222 
Code Location: automationFramework.TestCases.LinkAccountTest.setUp(LinkAccountTest.java:42) 
Log Message: Setup Started 
 
Time in Milliseconds: 1328166 
Test Case: automationFramework.TestCases.LinkAccountTest 
Time Stamp: 2016-07-27 17:18:53,222 
Code Location: automationFramework.TestCases.LinkAccountTest.setUp(LinkAccountTest.java:42) 
Log Message: Setup Started 
 
Time in Milliseconds: 1328166 
Test Case: automationFramework.TestCases.LinkAccountTest 
Time Stamp: 2016-07-27 17:18:53,222 
Code Location: automationFramework.TestCases.LinkAccountTest.setUp(LinkAccountTest.java:42) 
Log Message: Setup Started 
 
Time in Milliseconds: 1328166 
Test Case: automationFramework.TestCases.LinkAccountTest 
Time Stamp: 2016-07-27 17:18:53,222 
Code Location: automationFramework.TestCases.LinkAccountTest.setUp(LinkAccountTest.java:42) 
Log Message: Setup Started 
 
Time in Milliseconds: 1328166 
Test Case: automationFramework.TestCases.LinkAccountTest 
Time Stamp: 2016-07-27 17:18:53,222 
Code Location: automationFramework.TestCases.LinkAccountTest.setUp(LinkAccountTest.java:42) 
Log Message: Setup Started 
 
Time in Milliseconds: 1328166 
Test Case: automationFramework.TestCases.LinkAccountTest 
Time Stamp: 2016-07-27 17:18:53,222 
Code Location: automationFramework.TestCases.LinkAccountTest.setUp(LinkAccountTest.java:42) 
Log Message: Setup Started 
 
Time in Milliseconds: 1328166 
Test Case: automationFramework.TestCases.LinkAccountTest 
Time Stamp: 2016-07-27 17:18:53,222 
Code Location: automationFramework.TestCases.LinkAccountTest.setUp(LinkAccountTest.java:42) 
Log Message: Setup Started 
 
Time in Milliseconds: 1328166 
Test Case: automationFramework.TestCases.LinkAccountTest 
Time Stamp: 2016-07-27 17:18:53,222 
Code Location: automationFramework.TestCases.LinkAccountTest.setUp(LinkAccountTest.java:42) 
Log Message: Setup Started 
 
Time in Milliseconds: 1328166 
Test Case: automationFramework.TestCases.LinkAccountTest 
Time Stamp: 2016-07-27 17:18:53,222 
Code Location: automationFramework.TestCases.LinkAccountTest.setUp(LinkAccountTest.java:42) 
Log Message: Setup Started 
 
Time in Milliseconds: 1328166 
Test Case: automationFramework.TestCases.LinkAccountTest 
Time Stamp: 2016-07-27 17:18:53,222 
Code Location: automationFramework.TestCases.LinkAccountTest.setUp(LinkAccountTest.java:42) 
Log Message: Setup Started 
 
Time in Milliseconds: 1328166 
Test Case: automationFramework.TestCases.LinkAccountTest 
Time Stamp: 2016-07-27 17:18:53,222 
Code Location: automationFramework.TestCases.LinkAccountTest.setUp(LinkAccountTest.java:42) 
Log Message: Setup Started 
 
Time in Milliseconds: 1328166 
Test Case: automationFramework.TestCases.LinkAccountTest 
Time Stamp: 2016-07-27 17:18:53,222 
Code Location: automationFramework.TestCases.LinkAccountTest.setUp(LinkAccountTest.java:42) 
Log Message: Setup Started 
 
Time in Milliseconds: 1328166 
Test Case: automationFramework.TestCases.LinkAccountTest 
Time Stamp: 2016-07-27 17:18:53,222 
Code Location: automationFramework.TestCases.LinkAccountTest.setUp(LinkAccountTest.java:42) 
Log Message: Setup Started 
 
Time in Milliseconds: 1328166 
Test Case: automationFramework.TestCases.LinkAccountTest 
Time Stamp: 2016-07-27 17:18:53,222 
Code Location: automationFramework.TestCases.LinkAccountTest.setUp(LinkAccountTest.java:42) 
Log Message: Setup Started 
 
Time in Milliseconds: 1328166 
Test Case: automationFramework.TestCases.LinkAccountTest 
Time Stamp: 2016-07-27 17:18:53,222 
Code Location: automationFramework.TestCases.LinkAccountTest.setUp(LinkAccountTest.java:42) 
Log Message: Setup Started 
 
Time in Milliseconds: 1328166 
Test Case: automationFramework.TestCases.LinkAccountTest 
Time Stamp: 2016-07-27 17:18:53,222 
Code Location: automationFramework.TestCases.LinkAccountTest.setUp(LinkAccountTest.java:42) 
Log Message: Setup Started 
 
Time in Milliseconds: 1328166 
Test Case: automationFramework.TestCases.LinkAccountTest 
Time Stamp: 2016-07-27 17:18:53,222 
Code Location: automationFramework.TestCases.LinkAccountTest.setUp(LinkAccountTest.java:42) 
Log Message: Setup Started 
 
Time in Milliseconds: 1328166 
Test Case: automationFramework.TestCases.LinkAccountTest 
Time Stamp: 2016-07-27 17:18:53,222 
Code Location: automationFramework.TestCases.LinkAccountTest.setUp(LinkAccountTest.java:42) 
Log Message: Setup Started 
 
Time in Milliseconds: 1328166 
Test Case: automationFramework.TestCases.LinkAccountTest 
Time Stamp: 2016-07-27 17:18:53,222 
Code Location: automationFramework.TestCases.LinkAccountTest.setUp(LinkAccountTest.java:42) 
Log Message: Setup Started 
 
2016-07-27 17:18:53,222 INFO  [Logger] Setup Started 
Time in Milliseconds: 1328277 
Test Case: automationFramework.TestCases.LinkAccountTest 
Time Stamp: 2016-07-27 17:18:53,333 
Code Location: automationFramework.TestCases.LinkAccountTest.setUp(LinkAccountTest.java:43) 
Log Message: Current OS: Windows 7 Enterprise 
 
Time in Milliseconds: 1328277 
Test Case: automationFramework.TestCases.LinkAccountTest 
Time Stamp: 2016-07-27 17:18:53,333 
Code Location: automationFramework.TestCases.LinkAccountTest.setUp(LinkAccountTest.java:43) 
Log Message: Current OS: Windows 7 Enterprise 
 
Time in Milliseconds: 1328277 
Test Case: automationFramework.TestCases.LinkAccountTest 
Time Stamp: 2016-07-27 17:18:53,333 
Code Location: automationFramework.TestCases.LinkAccountTest.setUp(LinkAccountTest.java:43) 
Log Message: Current OS: Windows 7 Enterprise 
 
Time in Milliseconds: 1328277 
Test Case: automationFramework.TestCases.LinkAccountTest 
Time Stamp: 2016-07-27 17:18:53,333 
Code Location: automationFramework.TestCases.LinkAccountTest.setUp(LinkAccountTest.java:43) 
Log Message: Current OS: Windows 7 Enterprise 
 
Time in Milliseconds: 1328277 
Test Case: automationFramework.TestCases.LinkAccountTest 
Time Stamp: 2016-07-27 17:18:53,333 
Code Location: automationFramework.TestCases.LinkAccountTest.setUp(LinkAccountTest.java:43) 
Log Message: Current OS: Windows 7 Enterprise 
 
Time in Milliseconds: 1328277 
Test Case: automationFramework.TestCases.LinkAccountTest 
Time Stamp: 2016-07-27 17:18:53,333 
Code Location: automationFramework.TestCases.LinkAccountTest.setUp(LinkAccountTest.java:43) 
Log Message: Current OS: Windows 7 Enterprise 
 
Time in Milliseconds: 1328277 
Test Case: automationFramework.TestCases.LinkAccountTest 
Time Stamp: 2016-07-27 17:18:53,333 
Code Location: automationFramework.TestCases.LinkAccountTest.setUp(LinkAccountTest.java:43) 
Log Message: Current OS: Windows 7 Enterprise 
 
Time in Milliseconds: 1328277 
Test Case: automationFramework.TestCases.LinkAccountTest 
Time Stamp: 2016-07-27 17:18:53,333 
Code Location: automationFramework.TestCases.LinkAccountTest.setUp(LinkAccountTest.java:43) 
Log Message: Current OS: Windows 7 Enterprise 
 
Time in Milliseconds: 1328277 
Test Case: automationFramework.TestCases.LinkAccountTest 
Time Stamp: 2016-07-27 17:18:53,333 
Code Location: automationFramework.TestCases.LinkAccountTest.setUp(LinkAccountTest.java:43) 
Log Message: Current OS: Windows 7 Enterprise 
 
Time in Milliseconds: 1328277 
Test Case: automationFramework.TestCases.LinkAccountTest 
Time Stamp: 2016-07-27 17:18:53,333 
Code Location: automationFramework.TestCases.LinkAccountTest.setUp(LinkAccountTest.java:43) 
Log Message: Current OS: Windows 7 Enterprise 
 
Time in Milliseconds: 1328277 
Test Case: automationFramework.TestCases.LinkAccountTest 
Time Stamp: 2016-07-27 17:18:53,333 
Code Location: automationFramework.TestCases.LinkAccountTest.setUp(LinkAccountTest.java:43) 
Log Message: Current OS: Windows 7 Enterprise 
 
Time in Milliseconds: 1328277 
Test Case: automationFramework.TestCases.LinkAccountTest 
Time Stamp: 2016-07-27 17:18:53,333 
Code Location: automationFramework.TestCases.LinkAccountTest.setUp(LinkAccountTest.java:43) 
Log Message: Current OS: Windows 7 Enterprise 
 
Time in Milliseconds: 1328277 
Test Case: automationFramework.TestCases.LinkAccountTest 
Time Stamp: 2016-07-27 17:18:53,333 
Code Location: automationFramework.TestCases.LinkAccountTest.setUp(LinkAccountTest.java:43) 
Log Message: Current OS: Windows 7 Enterprise 
 
Time in Milliseconds: 1328277 
Test Case: automationFramework.TestCases.LinkAccountTest 
Time Stamp: 2016-07-27 17:18:53,333 
Code Location: automationFramework.TestCases.LinkAccountTest.setUp(LinkAccountTest.java:43) 
Log Message: Current OS: Windows 7 Enterprise 
 
Time in Milliseconds: 1328277 
Test Case: automationFramework.TestCases.LinkAccountTest 
Time Stamp: 2016-07-27 17:18:53,333 
Code Location: automationFramework.TestCases.LinkAccountTest.setUp(LinkAccountTest.java:43) 
Log Message: Current OS: Windows 7 Enterprise 
 
Time in Milliseconds: 1328277 
Test Case: automationFramework.TestCases.LinkAccountTest 
Time Stamp: 2016-07-27 17:18:53,333 
Code Location: automationFramework.TestCases.LinkAccountTest.setUp(LinkAccountTest.java:43) 
Log Message: Current OS: Windows 7 Enterprise 
 
Time in Milliseconds: 1328277 
Test Case: automationFramework.TestCases.LinkAccountTest 
Time Stamp: 2016-07-27 17:18:53,333 
Code Location: automationFramework.TestCases.LinkAccountTest.setUp(LinkAccountTest.java:43) 
Log Message: Current OS: Windows 7 Enterprise 
 
Time in Milliseconds: 1328277 
Test Case: automationFramework.TestCases.LinkAccountTest 
Time Stamp: 2016-07-27 17:18:53,333 
Code Location: automationFramework.TestCases.LinkAccountTest.setUp(LinkAccountTest.java:43) 
Log Message: Current OS: Windows 7 Enterprise 
 
Time in Milliseconds: 1328277 
Test Case: automationFramework.TestCases.LinkAccountTest 
Time Stamp: 2016-07-27 17:18:53,333 
Code Location: automationFramework.TestCases.LinkAccountTest.setUp(LinkAccountTest.java:43) 
Log Message: Current OS: Windows 7 Enterprise 
 
Time in Milliseconds: 1328277 
Test Case: automationFramework.TestCases.LinkAccountTest 
Time Stamp: 2016-07-27 17:18:53,333 
Code Location: automationFramework.TestCases.LinkAccountTest.setUp(LinkAccountTest.java:43) 
Log Message: Current OS: Windows 7 Enterprise 
 
Time in Milliseconds: 1328277 
Test Case: automationFramework.TestCases.LinkAccountTest 
Time Stamp: 2016-07-27 17:18:53,333 
Code Location: automationFramework.TestCases.LinkAccountTest.setUp(LinkAccountTest.java:43) 
Log Message: Current OS: Windows 7 Enterprise 
 
Time in Milliseconds: 1328277 
Test Case: automationFramework.TestCases.LinkAccountTest 
Time Stamp: 2016-07-27 17:18:53,333 
Code Location: automationFramework.TestCases.LinkAccountTest.setUp(LinkAccountTest.java:43) 
Log Message: Current OS: Windows 7 Enterprise 
 
Time in Milliseconds: 1328277 
Test Case: automationFramework.TestCases.LinkAccountTest 
Time Stamp: 2016-07-27 17:18:53,333 
Code Location: automationFramework.TestCases.LinkAccountTest.setUp(LinkAccountTest.java:43) 
Log Message: Current OS: Windows 7 Enterprise 
 
Time in Milliseconds: 1328277 
Test Case: automationFramework.TestCases.LinkAccountTest 
Time Stamp: 2016-07-27 17:18:53,333 
Code Location: automationFramework.TestCases.LinkAccountTest.setUp(LinkAccountTest.java:43) 
Log Message: Current OS: Windows 7 Enterprise 
 
Time in Milliseconds: 1328277 
Test Case: automationFramework.TestCases.LinkAccountTest 
Time Stamp: 2016-07-27 17:18:53,333 
Code Location: automationFramework.TestCases.LinkAccountTest.setUp(LinkAccountTest.java:43) 
Log Message: Current OS: Windows 7 Enterprise 
 
Time in Milliseconds: 1328277 
Test Case: automationFramework.TestCases.LinkAccountTest 
Time Stamp: 2016-07-27 17:18:53,333 
Code Location: automationFramework.TestCases.LinkAccountTest.setUp(LinkAccountTest.java:43) 
Log Message: Current OS: Windows 7 Enterprise 
 
Time in Milliseconds: 1328277 
Test Case: automationFramework.TestCases.LinkAccountTest 
Time Stamp: 2016-07-27 17:18:53,333 
Code Location: automationFramework.TestCases.LinkAccountTest.setUp(LinkAccountTest.java:43) 
Log Message: Current OS: Windows 7 Enterprise 
 
Time in Milliseconds: 1328277 
Test Case: automationFramework.TestCases.LinkAccountTest 
Time Stamp: 2016-07-27 17:18:53,333 
Code Location: automationFramework.TestCases.LinkAccountTest.setUp(LinkAccountTest.java:43) 
Log Message: Current OS: Windows 7 Enterprise 
 
Time in Milliseconds: 1328277 
Test Case: automationFramework.TestCases.LinkAccountTest 
Time Stamp: 2016-07-27 17:18:53,333 
Code Location: automationFramework.TestCases.LinkAccountTest.setUp(LinkAccountTest.java:43) 
Log Message: Current OS: Windows 7 Enterprise 
 
Time in Milliseconds: 1328277 
Test Case: automationFramework.TestCases.LinkAccountTest 
Time Stamp: 2016-07-27 17:18:53,333 
Code Location: automationFramework.TestCases.LinkAccountTest.setUp(LinkAccountTest.java:43) 
Log Message: Current OS: Windows 7 Enterprise 
 
2016-07-27 17:18:53,333 INFO  [Logger] Current OS: Windows 7 Enterprise 
Time in Milliseconds: 1328284 
Test Case: automationFramework.TestCases.LinkAccountTest 
Time Stamp: 2016-07-27 17:18:53,340 
Code Location: automationFramework.TestCases.LinkAccountTest.setUp(LinkAccountTest.java:44) 
Log Message: Current Browser: firefox.exe 
 
Time in Milliseconds: 1328284 
Test Case: automationFramework.TestCases.LinkAccountTest 
Time Stamp: 2016-07-27 17:18:53,340 
Code Location: automationFramework.TestCases.LinkAccountTest.setUp(LinkAccountTest.java:44) 
Log Message: Current Browser: firefox.exe 
 
Time in Milliseconds: 1328284 
Test Case: automationFramework.TestCases.LinkAccountTest 
Time Stamp: 2016-07-27 17:18:53,340 
Code Location: automationFramework.TestCases.LinkAccountTest.setUp(LinkAccountTest.java:44) 
Log Message: Current Browser: firefox.exe 
 
Time in Milliseconds: 1328284 
Test Case: automationFramework.TestCases.LinkAccountTest 
Time Stamp: 2016-07-27 17:18:53,340 
Code Location: automationFramework.TestCases.LinkAccountTest.setUp(LinkAccountTest.java:44) 
Log Message: Current Browser: firefox.exe 
 
Time in Milliseconds: 1328284 
Test Case: automationFramework.TestCases.LinkAccountTest 
Time Stamp: 2016-07-27 17:18:53,340 
Code Location: automationFramework.TestCases.LinkAccountTest.setUp(LinkAccountTest.java:44) 
Log Message: Current Browser: firefox.exe 
 
Time in Milliseconds: 1328284 
Test Case: automationFramework.TestCases.LinkAccountTest 
Time Stamp: 2016-07-27 17:18:53,340 
Code Location: automationFramework.TestCases.LinkAccountTest.setUp(LinkAccountTest.java:44) 
Log Message: Current Browser: firefox.exe 
 
Time in Milliseconds: 1328284 
Test Case: automationFramework.TestCases.LinkAccountTest 
Time Stamp: 2016-07-27 17:18:53,340 
Code Location: automationFramework.TestCases.LinkAccountTest.setUp(LinkAccountTest.java:44) 
Log Message: Current Browser: firefox.exe 
 
Time in Milliseconds: 1328284 
Test Case: automationFramework.TestCases.LinkAccountTest 
Time Stamp: 2016-07-27 17:18:53,340 
Code Location: automationFramework.TestCases.LinkAccountTest.setUp(LinkAccountTest.java:44) 
Log Message: Current Browser: firefox.exe 
 
Time in Milliseconds: 1328284 
Test Case: automationFramework.TestCases.LinkAccountTest 
Time Stamp: 2016-07-27 17:18:53,340 
Code Location: automationFramework.TestCases.LinkAccountTest.setUp(LinkAccountTest.java:44) 
Log Message: Current Browser: firefox.exe 
 
Time in Milliseconds: 1328284 
Test Case: automationFramework.TestCases.LinkAccountTest 
Time Stamp: 2016-07-27 17:18:53,340 
Code Location: automationFramework.TestCases.LinkAccountTest.setUp(LinkAccountTest.java:44) 
Log Message: Current Browser: firefox.exe 
 
Time in Milliseconds: 1328284 
Test Case: automationFramework.TestCases.LinkAccountTest 
Time Stamp: 2016-07-27 17:18:53,340 
Code Location: automationFramework.TestCases.LinkAccountTest.setUp(LinkAccountTest.java:44) 
Log Message: Current Browser: firefox.exe 
 
Time in Milliseconds: 1328284 
Test Case: automationFramework.TestCases.LinkAccountTest 
Time Stamp: 2016-07-27 17:18:53,340 
Code Location: automationFramework.TestCases.LinkAccountTest.setUp(LinkAccountTest.java:44) 
Log Message: Current Browser: firefox.exe 
 
Time in Milliseconds: 1328284 
Test Case: automationFramework.TestCases.LinkAccountTest 
Time Stamp: 2016-07-27 17:18:53,340 
Code Location: automationFramework.TestCases.LinkAccountTest.setUp(LinkAccountTest.java:44) 
Log Message: Current Browser: firefox.exe 
 
Time in Milliseconds: 1328284 
Test Case: automationFramework.TestCases.LinkAccountTest 
Time Stamp: 2016-07-27 17:18:53,340 
Code Location: automationFramework.TestCases.LinkAccountTest.setUp(LinkAccountTest.java:44) 
Log Message: Current Browser: firefox.exe 
 
Time in Milliseconds: 1328284 
Test Case: automationFramework.TestCases.LinkAccountTest 
Time Stamp: 2016-07-27 17:18:53,340 
Code Location: automationFramework.TestCases.LinkAccountTest.setUp(LinkAccountTest.java:44) 
Log Message: Current Browser: firefox.exe 
 
Time in Milliseconds: 1328284 
Test Case: automationFramework.TestCases.LinkAccountTest 
Time Stamp: 2016-07-27 17:18:53,340 
Code Location: automationFramework.TestCases.LinkAccountTest.setUp(LinkAccountTest.java:44) 
Log Message: Current Browser: firefox.exe 
 
Time in Milliseconds: 1328284 
Test Case: automationFramework.TestCases.LinkAccountTest 
Time Stamp: 2016-07-27 17:18:53,340 
Code Location: automationFramework.TestCases.LinkAccountTest.setUp(LinkAccountTest.java:44) 
Log Message: Current Browser: firefox.exe 
 
Time in Milliseconds: 1328284 
Test Case: automationFramework.TestCases.LinkAccountTest 
Time Stamp: 2016-07-27 17:18:53,340 
Code Location: automationFramework.TestCases.LinkAccountTest.setUp(LinkAccountTest.java:44) 
Log Message: Current Browser: firefox.exe 
 
Time in Milliseconds: 1328284 
Test Case: automationFramework.TestCases.LinkAccountTest 
Time Stamp: 2016-07-27 17:18:53,340 
Code Location: automationFramework.TestCases.LinkAccountTest.setUp(LinkAccountTest.java:44) 
Log Message: Current Browser: firefox.exe 
 
Time in Milliseconds: 1328284 
Test Case: automationFramework.TestCases.LinkAccountTest 
Time Stamp: 2016-07-27 17:18:53,340 
Code Location: automationFramework.TestCases.LinkAccountTest.setUp(LinkAccountTest.java:44) 
Log Message: Current Browser: firefox.exe 
 
Time in Milliseconds: 1328284 
Test Case: automationFramework.TestCases.LinkAccountTest 
Time Stamp: 2016-07-27 17:18:53,340 
Code Location: automationFramework.TestCases.LinkAccountTest.setUp(LinkAccountTest.java:44) 
Log Message: Current Browser: firefox.exe 
 
Time in Milliseconds: 1328284 
Test Case: automationFramework.TestCases.LinkAccountTest 
Time Stamp: 2016-07-27 17:18:53,340 
Code Location: automationFramework.TestCases.LinkAccountTest.setUp(LinkAccountTest.java:44) 
Log Message: Current Browser: firefox.exe 
 
Time in Milliseconds: 1328284 
Test Case: automationFramework.TestCases.LinkAccountTest 
Time Stamp: 2016-07-27 17:18:53,340 
Code Location: automationFramework.TestCases.LinkAccountTest.setUp(LinkAccountTest.java:44) 
Log Message: Current Browser: firefox.exe 
 
Time in Milliseconds: 1328284 
Test Case: automationFramework.TestCases.LinkAccountTest 
Time Stamp: 2016-07-27 17:18:53,340 
Code Location: automationFramework.TestCases.LinkAccountTest.setUp(LinkAccountTest.java:44) 
Log Message: Current Browser: firefox.exe 
 
Time in Milliseconds: 1328284 
Test Case: automationFramework.TestCases.LinkAccountTest 
Time Stamp: 2016-07-27 17:18:53,340 
Code Location: automationFramework.TestCases.LinkAccountTest.setUp(LinkAccountTest.java:44) 
Log Message: Current Browser: firefox.exe 
 
Time in Milliseconds: 1328284 
Test Case: automationFramework.TestCases.LinkAccountTest 
Time Stamp: 2016-07-27 17:18:53,340 
Code Location: automationFramework.TestCases.LinkAccountTest.setUp(LinkAccountTest.java:44) 
Log Message: Current Browser: firefox.exe 
 
Time in Milliseconds: 1328284 
Test Case: automationFramework.TestCases.LinkAccountTest 
Time Stamp: 2016-07-27 17:18:53,340 
Code Location: automationFramework.TestCases.LinkAccountTest.setUp(LinkAccountTest.java:44) 
Log Message: Current Browser: firefox.exe 
 
Time in Milliseconds: 1328284 
Test Case: automationFramework.TestCases.LinkAccountTest 
Time Stamp: 2016-07-27 17:18:53,340 
Code Location: automationFramework.TestCases.LinkAccountTest.setUp(LinkAccountTest.java:44) 
Log Message: Current Browser: firefox.exe 
 
Time in Milliseconds: 1328284 
Test Case: automationFramework.TestCases.LinkAccountTest 
Time Stamp: 2016-07-27 17:18:53,340 
Code Location: automationFramework.TestCases.LinkAccountTest.setUp(LinkAccountTest.java:44) 
Log Message: Current Browser: firefox.exe 
 
Time in Milliseconds: 1328284 
Test Case: automationFramework.TestCases.LinkAccountTest 
Time Stamp: 2016-07-27 17:18:53,340 
Code Location: automationFramework.TestCases.LinkAccountTest.setUp(LinkAccountTest.java:44) 
Log Message: Current Browser: firefox.exe 
 
2016-07-27 17:18:53,340 INFO  [Logger] Current Browser: firefox.exe 
Time in Milliseconds: 1335737 
Test Case: automationFramework.TestCases.LinkAccountTest 
Time Stamp: 2016-07-27 17:19:00,793 
Code Location: automationFramework.TestCases.LinkAccountTest.setUp(LinkAccountTest.java:47) 
Log Message: Setup Completed 
 
Time in Milliseconds: 1335737 
Test Case: automationFramework.TestCases.LinkAccountTest 
Time Stamp: 2016-07-27 17:19:00,793 
Code Location: automationFramework.TestCases.LinkAccountTest.setUp(LinkAccountTest.java:47) 
Log Message: Setup Completed 
 
Time in Milliseconds: 1335737 
Test Case: automationFramework.TestCases.LinkAccountTest 
Time Stamp: 2016-07-27 17:19:00,793 
Code Location: automationFramework.TestCases.LinkAccountTest.setUp(LinkAccountTest.java:47) 
Log Message: Setup Completed 
 
Time in Milliseconds: 1335737 
Test Case: automationFramework.TestCases.LinkAccountTest 
Time Stamp: 2016-07-27 17:19:00,793 
Code Location: automationFramework.TestCases.LinkAccountTest.setUp(LinkAccountTest.java:47) 
Log Message: Setup Completed 
 
Time in Milliseconds: 1335737 
Test Case: automationFramework.TestCases.LinkAccountTest 
Time Stamp: 2016-07-27 17:19:00,793 
Code Location: automationFramework.TestCases.LinkAccountTest.setUp(LinkAccountTest.java:47) 
Log Message: Setup Completed 
 
Time in Milliseconds: 1335737 
Test Case: automationFramework.TestCases.LinkAccountTest 
Time Stamp: 2016-07-27 17:19:00,793 
Code Location: automationFramework.TestCases.LinkAccountTest.setUp(LinkAccountTest.java:47) 
Log Message: Setup Completed 
 
Time in Milliseconds: 1335737 
Test Case: automationFramework.TestCases.LinkAccountTest 
Time Stamp: 2016-07-27 17:19:00,793 
Code Location: automationFramework.TestCases.LinkAccountTest.setUp(LinkAccountTest.java:47) 
Log Message: Setup Completed 
 
Time in Milliseconds: 1335737 
Test Case: automationFramework.TestCases.LinkAccountTest 
Time Stamp: 2016-07-27 17:19:00,793 
Code Location: automationFramework.TestCases.LinkAccountTest.setUp(LinkAccountTest.java:47) 
Log Message: Setup Completed 
 
Time in Milliseconds: 1335737 
Test Case: automationFramework.TestCases.LinkAccountTest 
Time Stamp: 2016-07-27 17:19:00,793 
Code Location: automationFramework.TestCases.LinkAccountTest.setUp(LinkAccountTest.java:47) 
Log Message: Setup Completed 
 
Time in Milliseconds: 1335737 
Test Case: automationFramework.TestCases.LinkAccountTest 
Time Stamp: 2016-07-27 17:19:00,793 
Code Location: automationFramework.TestCases.LinkAccountTest.setUp(LinkAccountTest.java:47) 
Log Message: Setup Completed 
 
Time in Milliseconds: 1335737 
Test Case: automationFramework.TestCases.LinkAccountTest 
Time Stamp: 2016-07-27 17:19:00,793 
Code Location: automationFramework.TestCases.LinkAccountTest.setUp(LinkAccountTest.java:47) 
Log Message: Setup Completed 
 
Time in Milliseconds: 1335737 
Test Case: automationFramework.TestCases.LinkAccountTest 
Time Stamp: 2016-07-27 17:19:00,793 
Code Location: automationFramework.TestCases.LinkAccountTest.setUp(LinkAccountTest.java:47) 
Log Message: Setup Completed 
 
Time in Milliseconds: 1335737 
Test Case: automationFramework.TestCases.LinkAccountTest 
Time Stamp: 2016-07-27 17:19:00,793 
Code Location: automationFramework.TestCases.LinkAccountTest.setUp(LinkAccountTest.java:47) 
Log Message: Setup Completed 
 
Time in Milliseconds: 1335737 
Test Case: automationFramework.TestCases.LinkAccountTest 
Time Stamp: 2016-07-27 17:19:00,793 
Code Location: automationFramework.TestCases.LinkAccountTest.setUp(LinkAccountTest.java:47) 
Log Message: Setup Completed 
 
Time in Milliseconds: 1335737 
Test Case: automationFramework.TestCases.LinkAccountTest 
Time Stamp: 2016-07-27 17:19:00,793 
Code Location: automationFramework.TestCases.LinkAccountTest.setUp(LinkAccountTest.java:47) 
Log Message: Setup Completed 
 
Time in Milliseconds: 1335737 
Test Case: automationFramework.TestCases.LinkAccountTest 
Time Stamp: 2016-07-27 17:19:00,793 
Code Location: automationFramework.TestCases.LinkAccountTest.setUp(LinkAccountTest.java:47) 
Log Message: Setup Completed 
 
Time in Milliseconds: 1335737 
Test Case: automationFramework.TestCases.LinkAccountTest 
Time Stamp: 2016-07-27 17:19:00,793 
Code Location: automationFramework.TestCases.LinkAccountTest.setUp(LinkAccountTest.java:47) 
Log Message: Setup Completed 
 
Time in Milliseconds: 1335737 
Test Case: automationFramework.TestCases.LinkAccountTest 
Time Stamp: 2016-07-27 17:19:00,793 
Code Location: automationFramework.TestCases.LinkAccountTest.setUp(LinkAccountTest.java:47) 
Log Message: Setup Completed 
 
Time in Milliseconds: 1335737 
Test Case: automationFramework.TestCases.LinkAccountTest 
Time Stamp: 2016-07-27 17:19:00,793 
Code Location: automationFramework.TestCases.LinkAccountTest.setUp(LinkAccountTest.java:47) 
Log Message: Setup Completed 
 
Time in Milliseconds: 1335737 
Test Case: automationFramework.TestCases.LinkAccountTest 
Time Stamp: 2016-07-27 17:19:00,793 
Code Location: automationFramework.TestCases.LinkAccountTest.setUp(LinkAccountTest.java:47) 
Log Message: Setup Completed 
 
Time in Milliseconds: 1335737 
Test Case: automationFramework.TestCases.LinkAccountTest 
Time Stamp: 2016-07-27 17:19:00,793 
Code Location: automationFramework.TestCases.LinkAccountTest.setUp(LinkAccountTest.java:47) 
Log Message: Setup Completed 
 
Time in Milliseconds: 1335737 
Test Case: automationFramework.TestCases.LinkAccountTest 
Time Stamp: 2016-07-27 17:19:00,793 
Code Location: automationFramework.TestCases.LinkAccountTest.setUp(LinkAccountTest.java:47) 
Log Message: Setup Completed 
 
Time in Milliseconds: 1335737 
Test Case: automationFramework.TestCases.LinkAccountTest 
Time Stamp: 2016-07-27 17:19:00,793 
Code Location: automationFramework.TestCases.LinkAccountTest.setUp(LinkAccountTest.java:47) 
Log Message: Setup Completed 
 
Time in Milliseconds: 1335737 
Test Case: automationFramework.TestCases.LinkAccountTest 
Time Stamp: 2016-07-27 17:19:00,793 
Code Location: automationFramework.TestCases.LinkAccountTest.setUp(LinkAccountTest.java:47) 
Log Message: Setup Completed 
 
Time in Milliseconds: 1335737 
Test Case: automationFramework.TestCases.LinkAccountTest 
Time Stamp: 2016-07-27 17:19:00,793 
Code Location: automationFramework.TestCases.LinkAccountTest.setUp(LinkAccountTest.java:47) 
Log Message: Setup Completed 
 
Time in Milliseconds: 1335737 
Test Case: automationFramework.TestCases.LinkAccountTest 
Time Stamp: 2016-07-27 17:19:00,793 
Code Location: automationFramework.TestCases.LinkAccountTest.setUp(LinkAccountTest.java:47) 
Log Message: Setup Completed 
 
Time in Milliseconds: 1335737 
Test Case: automationFramework.TestCases.LinkAccountTest 
Time Stamp: 2016-07-27 17:19:00,793 
Code Location: automationFramework.TestCases.LinkAccountTest.setUp(LinkAccountTest.java:47) 
Log Message: Setup Completed 
 
Time in Milliseconds: 1335737 
Test Case: automationFramework.TestCases.LinkAccountTest 
Time Stamp: 2016-07-27 17:19:00,793 
Code Location: automationFramework.TestCases.LinkAccountTest.setUp(LinkAccountTest.java:47) 
Log Message: Setup Completed 
 
Time in Milliseconds: 1335737 
Test Case: automationFramework.TestCases.LinkAccountTest 
Time Stamp: 2016-07-27 17:19:00,793 
Code Location: automationFramework.TestCases.LinkAccountTest.setUp(LinkAccountTest.java:47) 
Log Message: Setup Completed 
 
Time in Milliseconds: 1335737 
Test Case: automationFramework.TestCases.LinkAccountTest 
Time Stamp: 2016-07-27 17:19:00,793 
Code Location: automationFramework.TestCases.LinkAccountTest.setUp(LinkAccountTest.java:47) 
Log Message: Setup Completed 
 
2016-07-27 17:19:00,793 INFO  [Logger] Setup Completed 
</system-out>
  </testcase>
  <testcase classname="automationFramework.TestCases.LinkAccountTest" name="linkAccountBankNumberMissingTest" time="34.923"/>
  <testcase classname="automationFramework.TestCases.LinkAccountTest" name="linkAccountCancelTest" time="43.657">
    <failure message="expected [$5.00] but found [$17.40]" type="java.lang.AssertionError">java.lang.AssertionError: expected [$5.00] but found [$17.40]
	at org.testng.Assert.fail(Assert.java:94)
	at org.testng.Assert.failNotEquals(Assert.java:494)
	at org.testng.Assert.assertEquals(Assert.java:123)
	at org.testng.Assert.assertEquals(Assert.java:176)
	at org.testng.Assert.assertEquals(Assert.java:186)
	at automationFramework.TestCases.LinkAccountTest.linkAccountCancelTest(LinkAccountTest.java:253)
</failure>
    <system-out>Time in Milliseconds: 1425462 
Test Case: automationFramework.TestCases.LinkAccountTest 
Time Stamp: 2016-07-27 17:20:30,518 
Code Location: automationFramework.TestCases.LinkAccountTest.tearDown(LinkAccountTest.java:324) 
Log Message: TearDown Complete 
 
Time in Milliseconds: 1425462 
Test Case: automationFramework.TestCases.LinkAccountTest 
Time Stamp: 2016-07-27 17:20:30,518 
Code Location: automationFramework.TestCases.LinkAccountTest.tearDown(LinkAccountTest.java:324) 
Log Message: TearDown Complete 
 
Time in Milliseconds: 1425462 
Test Case: automationFramework.TestCases.LinkAccountTest 
Time Stamp: 2016-07-27 17:20:30,518 
Code Location: automationFramework.TestCases.LinkAccountTest.tearDown(LinkAccountTest.java:324) 
Log Message: TearDown Complete 
 
Time in Milliseconds: 1425462 
Test Case: automationFramework.TestCases.LinkAccountTest 
Time Stamp: 2016-07-27 17:20:30,518 
Code Location: automationFramework.TestCases.LinkAccountTest.tearDown(LinkAccountTest.java:324) 
Log Message: TearDown Complete 
 
Time in Milliseconds: 1425462 
Test Case: automationFramework.TestCases.LinkAccountTest 
Time Stamp: 2016-07-27 17:20:30,518 
Code Location: automationFramework.TestCases.LinkAccountTest.tearDown(LinkAccountTest.java:324) 
Log Message: TearDown Complete 
 
Time in Milliseconds: 1425462 
Test Case: automationFramework.TestCases.LinkAccountTest 
Time Stamp: 2016-07-27 17:20:30,518 
Code Location: automationFramework.TestCases.LinkAccountTest.tearDown(LinkAccountTest.java:324) 
Log Message: TearDown Complete 
 
Time in Milliseconds: 1425462 
Test Case: automationFramework.TestCases.LinkAccountTest 
Time Stamp: 2016-07-27 17:20:30,518 
Code Location: automationFramework.TestCases.LinkAccountTest.tearDown(LinkAccountTest.java:324) 
Log Message: TearDown Complete 
 
Time in Milliseconds: 1425462 
Test Case: automationFramework.TestCases.LinkAccountTest 
Time Stamp: 2016-07-27 17:20:30,518 
Code Location: automationFramework.TestCases.LinkAccountTest.tearDown(LinkAccountTest.java:324) 
Log Message: TearDown Complete 
 
Time in Milliseconds: 1425462 
Test Case: automationFramework.TestCases.LinkAccountTest 
Time Stamp: 2016-07-27 17:20:30,518 
Code Location: automationFramework.TestCases.LinkAccountTest.tearDown(LinkAccountTest.java:324) 
Log Message: TearDown Complete 
 
Time in Milliseconds: 1425462 
Test Case: automationFramework.TestCases.LinkAccountTest 
Time Stamp: 2016-07-27 17:20:30,518 
Code Location: automationFramework.TestCases.LinkAccountTest.tearDown(LinkAccountTest.java:324) 
Log Message: TearDown Complete 
 
Time in Milliseconds: 1425462 
Test Case: automationFramework.TestCases.LinkAccountTest 
Time Stamp: 2016-07-27 17:20:30,518 
Code Location: automationFramework.TestCases.LinkAccountTest.tearDown(LinkAccountTest.java:324) 
Log Message: TearDown Complete 
 
Time in Milliseconds: 1425462 
Test Case: automationFramework.TestCases.LinkAccountTest 
Time Stamp: 2016-07-27 17:20:30,518 
Code Location: automationFramework.TestCases.LinkAccountTest.tearDown(LinkAccountTest.java:324) 
Log Message: TearDown Complete 
 
Time in Milliseconds: 1425462 
Test Case: automationFramework.TestCases.LinkAccountTest 
Time Stamp: 2016-07-27 17:20:30,518 
Code Location: automationFramework.TestCases.LinkAccountTest.tearDown(LinkAccountTest.java:324) 
Log Message: TearDown Complete 
 
Time in Milliseconds: 1425462 
Test Case: automationFramework.TestCases.LinkAccountTest 
Time Stamp: 2016-07-27 17:20:30,518 
Code Location: automationFramework.TestCases.LinkAccountTest.tearDown(LinkAccountTest.java:324) 
Log Message: TearDown Complete 
 
Time in Milliseconds: 1425462 
Test Case: automationFramework.TestCases.LinkAccountTest 
Time Stamp: 2016-07-27 17:20:30,518 
Code Location: automationFramework.TestCases.LinkAccountTest.tearDown(LinkAccountTest.java:324) 
Log Message: TearDown Complete 
 
Time in Milliseconds: 1425462 
Test Case: automationFramework.TestCases.LinkAccountTest 
Time Stamp: 2016-07-27 17:20:30,518 
Code Location: automationFramework.TestCases.LinkAccountTest.tearDown(LinkAccountTest.java:324) 
Log Message: TearDown Complete 
 
Time in Milliseconds: 1425462 
Test Case: automationFramework.TestCases.LinkAccountTest 
Time Stamp: 2016-07-27 17:20:30,518 
Code Location: automationFramework.TestCases.LinkAccountTest.tearDown(LinkAccountTest.java:324) 
Log Message: TearDown Complete 
 
Time in Milliseconds: 1425462 
Test Case: automationFramework.TestCases.LinkAccountTest 
Time Stamp: 2016-07-27 17:20:30,518 
Code Location: automationFramework.TestCases.LinkAccountTest.tearDown(LinkAccountTest.java:324) 
Log Message: TearDown Complete 
 
Time in Milliseconds: 1425462 
Test Case: automationFramework.TestCases.LinkAccountTest 
Time Stamp: 2016-07-27 17:20:30,518 
Code Location: automationFramework.TestCases.LinkAccountTest.tearDown(LinkAccountTest.java:324) 
Log Message: TearDown Complete 
 
Time in Milliseconds: 1425462 
Test Case: automationFramework.TestCases.LinkAccountTest 
Time Stamp: 2016-07-27 17:20:30,518 
Code Location: automationFramework.TestCases.LinkAccountTest.tearDown(LinkAccountTest.java:324) 
Log Message: TearDown Complete 
 
Time in Milliseconds: 1425462 
Test Case: automationFramework.TestCases.LinkAccountTest 
Time Stamp: 2016-07-27 17:20:30,518 
Code Location: automationFramework.TestCases.LinkAccountTest.tearDown(LinkAccountTest.java:324) 
Log Message: TearDown Complete 
 
Time in Milliseconds: 1425462 
Test Case: automationFramework.TestCases.LinkAccountTest 
Time Stamp: 2016-07-27 17:20:30,518 
Code Location: automationFramework.TestCases.LinkAccountTest.tearDown(LinkAccountTest.java:324) 
Log Message: TearDown Complete 
 
Time in Milliseconds: 1425462 
Test Case: automationFramework.TestCases.LinkAccountTest 
Time Stamp: 2016-07-27 17:20:30,518 
Code Location: automationFramework.TestCases.LinkAccountTest.tearDown(LinkAccountTest.java:324) 
Log Message: TearDown Complete 
 
Time in Milliseconds: 1425462 
Test Case: automationFramework.TestCases.LinkAccountTest 
Time Stamp: 2016-07-27 17:20:30,518 
Code Location: automationFramework.TestCases.LinkAccountTest.tearDown(LinkAccountTest.java:324) 
Log Message: TearDown Complete 
 
Time in Milliseconds: 1425462 
Test Case: automationFramework.TestCases.LinkAccountTest 
Time Stamp: 2016-07-27 17:20:30,518 
Code Location: automationFramework.TestCases.LinkAccountTest.tearDown(LinkAccountTest.java:324) 
Log Message: TearDown Complete 
 
Time in Milliseconds: 1425462 
Test Case: automationFramework.TestCases.LinkAccountTest 
Time Stamp: 2016-07-27 17:20:30,518 
Code Location: automationFramework.TestCases.LinkAccountTest.tearDown(LinkAccountTest.java:324) 
Log Message: TearDown Complete 
 
Time in Milliseconds: 1425462 
Test Case: automationFramework.TestCases.LinkAccountTest 
Time Stamp: 2016-07-27 17:20:30,518 
Code Location: automationFramework.TestCases.LinkAccountTest.tearDown(LinkAccountTest.java:324) 
Log Message: TearDown Complete 
 
Time in Milliseconds: 1425462 
Test Case: automationFramework.TestCases.LinkAccountTest 
Time Stamp: 2016-07-27 17:20:30,518 
Code Location: automationFramework.TestCases.LinkAccountTest.tearDown(LinkAccountTest.java:324) 
Log Message: TearDown Complete 
 
Time in Milliseconds: 1425462 
Test Case: automationFramework.TestCases.LinkAccountTest 
Time Stamp: 2016-07-27 17:20:30,518 
Code Location: automationFramework.TestCases.LinkAccountTest.tearDown(LinkAccountTest.java:324) 
Log Message: TearDown Complete 
 
Time in Milliseconds: 1425462 
Test Case: automationFramework.TestCases.LinkAccountTest 
Time Stamp: 2016-07-27 17:20:30,518 
Code Location: automationFramework.TestCases.LinkAccountTest.tearDown(LinkAccountTest.java:324) 
Log Message: TearDown Complete 
 
Time in Milliseconds: 1425462 
Test Case: automationFramework.TestCases.LinkAccountTest 
Time Stamp: 2016-07-27 17:20:30,518 
Code Location: automationFramework.TestCases.LinkAccountTest.tearDown(LinkAccountTest.java:324) 
Log Message: TearDown Complete 
 
2016-07-27 17:20:30,518 INFO  [Logger] TearDown Complete 
Time in Milliseconds: 1425987 
Test Case: automationFramework.TestCases.LinkAccountTest 
Time Stamp: 2016-07-27 17:20:31,043 
Code Location: automationFramework.TestCases.LinkAccountTest.setUp(LinkAccountTest.java:42) 
Log Message: Setup Started 
 
Time in Milliseconds: 1425987 
Test Case: automationFramework.TestCases.LinkAccountTest 
Time Stamp: 2016-07-27 17:20:31,043 
Code Location: automationFramework.TestCases.LinkAccountTest.setUp(LinkAccountTest.java:42) 
Log Message: Setup Started 
 
Time in Milliseconds: 1425987 
Test Case: automationFramework.TestCases.LinkAccountTest 
Time Stamp: 2016-07-27 17:20:31,043 
Code Location: automationFramework.TestCases.LinkAccountTest.setUp(LinkAccountTest.java:42) 
Log Message: Setup Started 
 
Time in Milliseconds: 1425987 
Test Case: automationFramework.TestCases.LinkAccountTest 
Time Stamp: 2016-07-27 17:20:31,043 
Code Location: automationFramework.TestCases.LinkAccountTest.setUp(LinkAccountTest.java:42) 
Log Message: Setup Started 
 
Time in Milliseconds: 1425987 
Test Case: automationFramework.TestCases.LinkAccountTest 
Time Stamp: 2016-07-27 17:20:31,043 
Code Location: automationFramework.TestCases.LinkAccountTest.setUp(LinkAccountTest.java:42) 
Log Message: Setup Started 
 
Time in Milliseconds: 1425987 
Test Case: automationFramework.TestCases.LinkAccountTest 
Time Stamp: 2016-07-27 17:20:31,043 
Code Location: automationFramework.TestCases.LinkAccountTest.setUp(LinkAccountTest.java:42) 
Log Message: Setup Started 
 
Time in Milliseconds: 1425987 
Test Case: automationFramework.TestCases.LinkAccountTest 
Time Stamp: 2016-07-27 17:20:31,043 
Code Location: automationFramework.TestCases.LinkAccountTest.setUp(LinkAccountTest.java:42) 
Log Message: Setup Started 
 
Time in Milliseconds: 1425987 
Test Case: automationFramework.TestCases.LinkAccountTest 
Time Stamp: 2016-07-27 17:20:31,043 
Code Location: automationFramework.TestCases.LinkAccountTest.setUp(LinkAccountTest.java:42) 
Log Message: Setup Started 
 
Time in Milliseconds: 1425987 
Test Case: automationFramework.TestCases.LinkAccountTest 
Time Stamp: 2016-07-27 17:20:31,043 
Code Location: automationFramework.TestCases.LinkAccountTest.setUp(LinkAccountTest.java:42) 
Log Message: Setup Started 
 
Time in Milliseconds: 1425987 
Test Case: automationFramework.TestCases.LinkAccountTest 
Time Stamp: 2016-07-27 17:20:31,043 
Code Location: automationFramework.TestCases.LinkAccountTest.setUp(LinkAccountTest.java:42) 
Log Message: Setup Started 
 
Time in Milliseconds: 1425987 
Test Case: automationFramework.TestCases.LinkAccountTest 
Time Stamp: 2016-07-27 17:20:31,043 
Code Location: automationFramework.TestCases.LinkAccountTest.setUp(LinkAccountTest.java:42) 
Log Message: Setup Started 
 
Time in Milliseconds: 1425987 
Test Case: automationFramework.TestCases.LinkAccountTest 
Time Stamp: 2016-07-27 17:20:31,043 
Code Location: automationFramework.TestCases.LinkAccountTest.setUp(LinkAccountTest.java:42) 
Log Message: Setup Started 
 
Time in Milliseconds: 1425987 
Test Case: automationFramework.TestCases.LinkAccountTest 
Time Stamp: 2016-07-27 17:20:31,043 
Code Location: automationFramework.TestCases.LinkAccountTest.setUp(LinkAccountTest.java:42) 
Log Message: Setup Started 
 
Time in Milliseconds: 1425987 
Test Case: automationFramework.TestCases.LinkAccountTest 
Time Stamp: 2016-07-27 17:20:31,043 
Code Location: automationFramework.TestCases.LinkAccountTest.setUp(LinkAccountTest.java:42) 
Log Message: Setup Started 
 
Time in Milliseconds: 1425987 
Test Case: automationFramework.TestCases.LinkAccountTest 
Time Stamp: 2016-07-27 17:20:31,043 
Code Location: automationFramework.TestCases.LinkAccountTest.setUp(LinkAccountTest.java:42) 
Log Message: Setup Started 
 
Time in Milliseconds: 1425987 
Test Case: automationFramework.TestCases.LinkAccountTest 
Time Stamp: 2016-07-27 17:20:31,043 
Code Location: automationFramework.TestCases.LinkAccountTest.setUp(LinkAccountTest.java:42) 
Log Message: Setup Started 
 
Time in Milliseconds: 1425987 
Test Case: automationFramework.TestCases.LinkAccountTest 
Time Stamp: 2016-07-27 17:20:31,043 
Code Location: automationFramework.TestCases.LinkAccountTest.setUp(LinkAccountTest.java:42) 
Log Message: Setup Started 
 
Time in Milliseconds: 1425987 
Test Case: automationFramework.TestCases.LinkAccountTest 
Time Stamp: 2016-07-27 17:20:31,043 
Code Location: automationFramework.TestCases.LinkAccountTest.setUp(LinkAccountTest.java:42) 
Log Message: Setup Started 
 
Time in Milliseconds: 1425987 
Test Case: automationFramework.TestCases.LinkAccountTest 
Time Stamp: 2016-07-27 17:20:31,043 
Code Location: automationFramework.TestCases.LinkAccountTest.setUp(LinkAccountTest.java:42) 
Log Message: Setup Started 
 
Time in Milliseconds: 1425987 
Test Case: automationFramework.TestCases.LinkAccountTest 
Time Stamp: 2016-07-27 17:20:31,043 
Code Location: automationFramework.TestCases.LinkAccountTest.setUp(LinkAccountTest.java:42) 
Log Message: Setup Started 
 
Time in Milliseconds: 1425987 
Test Case: automationFramework.TestCases.LinkAccountTest 
Time Stamp: 2016-07-27 17:20:31,043 
Code Location: automationFramework.TestCases.LinkAccountTest.setUp(LinkAccountTest.java:42) 
Log Message: Setup Started 
 
Time in Milliseconds: 1425987 
Test Case: automationFramework.TestCases.LinkAccountTest 
Time Stamp: 2016-07-27 17:20:31,043 
Code Location: automationFramework.TestCases.LinkAccountTest.setUp(LinkAccountTest.java:42) 
Log Message: Setup Started 
 
Time in Milliseconds: 1425987 
Test Case: automationFramework.TestCases.LinkAccountTest 
Time Stamp: 2016-07-27 17:20:31,043 
Code Location: automationFramework.TestCases.LinkAccountTest.setUp(LinkAccountTest.java:42) 
Log Message: Setup Started 
 
Time in Milliseconds: 1425987 
Test Case: automationFramework.TestCases.LinkAccountTest 
Time Stamp: 2016-07-27 17:20:31,043 
Code Location: automationFramework.TestCases.LinkAccountTest.setUp(LinkAccountTest.java:42) 
Log Message: Setup Started 
 
Time in Milliseconds: 1425987 
Test Case: automationFramework.TestCases.LinkAccountTest 
Time Stamp: 2016-07-27 17:20:31,043 
Code Location: automationFramework.TestCases.LinkAccountTest.setUp(LinkAccountTest.java:42) 
Log Message: Setup Started 
 
Time in Milliseconds: 1425987 
Test Case: automationFramework.TestCases.LinkAccountTest 
Time Stamp: 2016-07-27 17:20:31,043 
Code Location: automationFramework.TestCases.LinkAccountTest.setUp(LinkAccountTest.java:42) 
Log Message: Setup Started 
 
Time in Milliseconds: 1425987 
Test Case: automationFramework.TestCases.LinkAccountTest 
Time Stamp: 2016-07-27 17:20:31,043 
Code Location: automationFramework.TestCases.LinkAccountTest.setUp(LinkAccountTest.java:42) 
Log Message: Setup Started 
 
Time in Milliseconds: 1425987 
Test Case: automationFramework.TestCases.LinkAccountTest 
Time Stamp: 2016-07-27 17:20:31,043 
Code Location: automationFramework.TestCases.LinkAccountTest.setUp(LinkAccountTest.java:42) 
Log Message: Setup Started 
 
Time in Milliseconds: 1425987 
Test Case: automationFramework.TestCases.LinkAccountTest 
Time Stamp: 2016-07-27 17:20:31,043 
Code Location: automationFramework.TestCases.LinkAccountTest.setUp(LinkAccountTest.java:42) 
Log Message: Setup Started 
 
Time in Milliseconds: 1425987 
Test Case: automationFramework.TestCases.LinkAccountTest 
Time Stamp: 2016-07-27 17:20:31,043 
Code Location: automationFramework.TestCases.LinkAccountTest.setUp(LinkAccountTest.java:42) 
Log Message: Setup Started 
 
Time in Milliseconds: 1425987 
Test Case: automationFramework.TestCases.LinkAccountTest 
Time Stamp: 2016-07-27 17:20:31,043 
Code Location: automationFramework.TestCases.LinkAccountTest.setUp(LinkAccountTest.java:42) 
Log Message: Setup Started 
 
Time in Milliseconds: 1425987 
Test Case: automationFramework.TestCases.LinkAccountTest 
Time Stamp: 2016-07-27 17:20:31,043 
Code Location: automationFramework.TestCases.LinkAccountTest.setUp(LinkAccountTest.java:42) 
Log Message: Setup Started 
 
2016-07-27 17:20:31,043 INFO  [Logger] Setup Started 
Time in Milliseconds: 1426044 
Test Case: automationFramework.TestCases.LinkAccountTest 
Time Stamp: 2016-07-27 17:20:31,100 
Code Location: automationFramework.TestCases.LinkAccountTest.setUp(LinkAccountTest.java:43) 
Log Message: Current OS: Windows 7 Enterprise 
 
Time in Milliseconds: 1426044 
Test Case: automationFramework.TestCases.LinkAccountTest 
Time Stamp: 2016-07-27 17:20:31,100 
Code Location: automationFramework.TestCases.LinkAccountTest.setUp(LinkAccountTest.java:43) 
Log Message: Current OS: Windows 7 Enterprise 
 
Time in Milliseconds: 1426044 
Test Case: automationFramework.TestCases.LinkAccountTest 
Time Stamp: 2016-07-27 17:20:31,100 
Code Location: automationFramework.TestCases.LinkAccountTest.setUp(LinkAccountTest.java:43) 
Log Message: Current OS: Windows 7 Enterprise 
 
Time in Milliseconds: 1426044 
Test Case: automationFramework.TestCases.LinkAccountTest 
Time Stamp: 2016-07-27 17:20:31,100 
Code Location: automationFramework.TestCases.LinkAccountTest.setUp(LinkAccountTest.java:43) 
Log Message: Current OS: Windows 7 Enterprise 
 
Time in Milliseconds: 1426044 
Test Case: automationFramework.TestCases.LinkAccountTest 
Time Stamp: 2016-07-27 17:20:31,100 
Code Location: automationFramework.TestCases.LinkAccountTest.setUp(LinkAccountTest.java:43) 
Log Message: Current OS: Windows 7 Enterprise 
 
Time in Milliseconds: 1426044 
Test Case: automationFramework.TestCases.LinkAccountTest 
Time Stamp: 2016-07-27 17:20:31,100 
Code Location: automationFramework.TestCases.LinkAccountTest.setUp(LinkAccountTest.java:43) 
Log Message: Current OS: Windows 7 Enterprise 
 
Time in Milliseconds: 1426044 
Test Case: automationFramework.TestCases.LinkAccountTest 
Time Stamp: 2016-07-27 17:20:31,100 
Code Location: automationFramework.TestCases.LinkAccountTest.setUp(LinkAccountTest.java:43) 
Log Message: Current OS: Windows 7 Enterprise 
 
Time in Milliseconds: 1426044 
Test Case: automationFramework.TestCases.LinkAccountTest 
Time Stamp: 2016-07-27 17:20:31,100 
Code Location: automationFramework.TestCases.LinkAccountTest.setUp(LinkAccountTest.java:43) 
Log Message: Current OS: Windows 7 Enterprise 
 
Time in Milliseconds: 1426044 
Test Case: automationFramework.TestCases.LinkAccountTest 
Time Stamp: 2016-07-27 17:20:31,100 
Code Location: automationFramework.TestCases.LinkAccountTest.setUp(LinkAccountTest.java:43) 
Log Message: Current OS: Windows 7 Enterprise 
 
Time in Milliseconds: 1426044 
Test Case: automationFramework.TestCases.LinkAccountTest 
Time Stamp: 2016-07-27 17:20:31,100 
Code Location: automationFramework.TestCases.LinkAccountTest.setUp(LinkAccountTest.java:43) 
Log Message: Current OS: Windows 7 Enterprise 
 
Time in Milliseconds: 1426044 
Test Case: automationFramework.TestCases.LinkAccountTest 
Time Stamp: 2016-07-27 17:20:31,100 
Code Location: automationFramework.TestCases.LinkAccountTest.setUp(LinkAccountTest.java:43) 
Log Message: Current OS: Windows 7 Enterprise 
 
Time in Milliseconds: 1426044 
Test Case: automationFramework.TestCases.LinkAccountTest 
Time Stamp: 2016-07-27 17:20:31,100 
Code Location: automationFramework.TestCases.LinkAccountTest.setUp(LinkAccountTest.java:43) 
Log Message: Current OS: Windows 7 Enterprise 
 
Time in Milliseconds: 1426044 
Test Case: automationFramework.TestCases.LinkAccountTest 
Time Stamp: 2016-07-27 17:20:31,100 
Code Location: automationFramework.TestCases.LinkAccountTest.setUp(LinkAccountTest.java:43) 
Log Message: Current OS: Windows 7 Enterprise 
 
Time in Milliseconds: 1426044 
Test Case: automationFramework.TestCases.LinkAccountTest 
Time Stamp: 2016-07-27 17:20:31,100 
Code Location: automationFramework.TestCases.LinkAccountTest.setUp(LinkAccountTest.java:43) 
Log Message: Current OS: Windows 7 Enterprise 
 
Time in Milliseconds: 1426044 
Test Case: automationFramework.TestCases.LinkAccountTest 
Time Stamp: 2016-07-27 17:20:31,100 
Code Location: automationFramework.TestCases.LinkAccountTest.setUp(LinkAccountTest.java:43) 
Log Message: Current OS: Windows 7 Enterprise 
 
Time in Milliseconds: 1426044 
Test Case: automationFramework.TestCases.LinkAccountTest 
Time Stamp: 2016-07-27 17:20:31,100 
Code Location: automationFramework.TestCases.LinkAccountTest.setUp(LinkAccountTest.java:43) 
Log Message: Current OS: Windows 7 Enterprise 
 
Time in Milliseconds: 1426044 
Test Case: automationFramework.TestCases.LinkAccountTest 
Time Stamp: 2016-07-27 17:20:31,100 
Code Location: automationFramework.TestCases.LinkAccountTest.setUp(LinkAccountTest.java:43) 
Log Message: Current OS: Windows 7 Enterprise 
 
Time in Milliseconds: 1426044 
Test Case: automationFramework.TestCases.LinkAccountTest 
Time Stamp: 2016-07-27 17:20:31,100 
Code Location: automationFramework.TestCases.LinkAccountTest.setUp(LinkAccountTest.java:43) 
Log Message: Current OS: Windows 7 Enterprise 
 
Time in Milliseconds: 1426044 
Test Case: automationFramework.TestCases.LinkAccountTest 
Time Stamp: 2016-07-27 17:20:31,100 
Code Location: automationFramework.TestCases.LinkAccountTest.setUp(LinkAccountTest.java:43) 
Log Message: Current OS: Windows 7 Enterprise 
 
Time in Milliseconds: 1426044 
Test Case: automationFramework.TestCases.LinkAccountTest 
Time Stamp: 2016-07-27 17:20:31,100 
Code Location: automationFramework.TestCases.LinkAccountTest.setUp(LinkAccountTest.java:43) 
Log Message: Current OS: Windows 7 Enterprise 
 
Time in Milliseconds: 1426044 
Test Case: automationFramework.TestCases.LinkAccountTest 
Time Stamp: 2016-07-27 17:20:31,100 
Code Location: automationFramework.TestCases.LinkAccountTest.setUp(LinkAccountTest.java:43) 
Log Message: Current OS: Windows 7 Enterprise 
 
Time in Milliseconds: 1426044 
Test Case: automationFramework.TestCases.LinkAccountTest 
Time Stamp: 2016-07-27 17:20:31,100 
Code Location: automationFramework.TestCases.LinkAccountTest.setUp(LinkAccountTest.java:43) 
Log Message: Current OS: Windows 7 Enterprise 
 
Time in Milliseconds: 1426044 
Test Case: automationFramework.TestCases.LinkAccountTest 
Time Stamp: 2016-07-27 17:20:31,100 
Code Location: automationFramework.TestCases.LinkAccountTest.setUp(LinkAccountTest.java:43) 
Log Message: Current OS: Windows 7 Enterprise 
 
Time in Milliseconds: 1426044 
Test Case: automationFramework.TestCases.LinkAccountTest 
Time Stamp: 2016-07-27 17:20:31,100 
Code Location: automationFramework.TestCases.LinkAccountTest.setUp(LinkAccountTest.java:43) 
Log Message: Current OS: Windows 7 Enterprise 
 
Time in Milliseconds: 1426044 
Test Case: automationFramework.TestCases.LinkAccountTest 
Time Stamp: 2016-07-27 17:20:31,100 
Code Location: automationFramework.TestCases.LinkAccountTest.setUp(LinkAccountTest.java:43) 
Log Message: Current OS: Windows 7 Enterprise 
 
Time in Milliseconds: 1426044 
Test Case: automationFramework.TestCases.LinkAccountTest 
Time Stamp: 2016-07-27 17:20:31,100 
Code Location: automationFramework.TestCases.LinkAccountTest.setUp(LinkAccountTest.java:43) 
Log Message: Current OS: Windows 7 Enterprise 
 
Time in Milliseconds: 1426044 
Test Case: automationFramework.TestCases.LinkAccountTest 
Time Stamp: 2016-07-27 17:20:31,100 
Code Location: automationFramework.TestCases.LinkAccountTest.setUp(LinkAccountTest.java:43) 
Log Message: Current OS: Windows 7 Enterprise 
 
Time in Milliseconds: 1426044 
Test Case: automationFramework.TestCases.LinkAccountTest 
Time Stamp: 2016-07-27 17:20:31,100 
Code Location: automationFramework.TestCases.LinkAccountTest.setUp(LinkAccountTest.java:43) 
Log Message: Current OS: Windows 7 Enterprise 
 
Time in Milliseconds: 1426044 
Test Case: automationFramework.TestCases.LinkAccountTest 
Time Stamp: 2016-07-27 17:20:31,100 
Code Location: automationFramework.TestCases.LinkAccountTest.setUp(LinkAccountTest.java:43) 
Log Message: Current OS: Windows 7 Enterprise 
 
Time in Milliseconds: 1426044 
Test Case: automationFramework.TestCases.LinkAccountTest 
Time Stamp: 2016-07-27 17:20:31,100 
Code Location: automationFramework.TestCases.LinkAccountTest.setUp(LinkAccountTest.java:43) 
Log Message: Current OS: Windows 7 Enterprise 
 
Time in Milliseconds: 1426044 
Test Case: automationFramework.TestCases.LinkAccountTest 
Time Stamp: 2016-07-27 17:20:31,100 
Code Location: automationFramework.TestCases.LinkAccountTest.setUp(LinkAccountTest.java:43) 
Log Message: Current OS: Windows 7 Enterprise 
 
Time in Milliseconds: 1426044 
Test Case: automationFramework.TestCases.LinkAccountTest 
Time Stamp: 2016-07-27 17:20:31,100 
Code Location: automationFramework.TestCases.LinkAccountTest.setUp(LinkAccountTest.java:43) 
Log Message: Current OS: Windows 7 Enterprise 
 
2016-07-27 17:20:31,100 INFO  [Logger] Current OS: Windows 7 Enterprise 
Time in Milliseconds: 1426050 
Test Case: automationFramework.TestCases.LinkAccountTest 
Time Stamp: 2016-07-27 17:20:31,106 
Code Location: automationFramework.TestCases.LinkAccountTest.setUp(LinkAccountTest.java:44) 
Log Message: Current Browser: firefox.exe 
 
Time in Milliseconds: 1426050 
Test Case: automationFramework.TestCases.LinkAccountTest 
Time Stamp: 2016-07-27 17:20:31,106 
Code Location: automationFramework.TestCases.LinkAccountTest.setUp(LinkAccountTest.java:44) 
Log Message: Current Browser: firefox.exe 
 
Time in Milliseconds: 1426050 
Test Case: automationFramework.TestCases.LinkAccountTest 
Time Stamp: 2016-07-27 17:20:31,106 
Code Location: automationFramework.TestCases.LinkAccountTest.setUp(LinkAccountTest.java:44) 
Log Message: Current Browser: firefox.exe 
 
Time in Milliseconds: 1426050 
Test Case: automationFramework.TestCases.LinkAccountTest 
Time Stamp: 2016-07-27 17:20:31,106 
Code Location: automationFramework.TestCases.LinkAccountTest.setUp(LinkAccountTest.java:44) 
Log Message: Current Browser: firefox.exe 
 
Time in Milliseconds: 1426050 
Test Case: automationFramework.TestCases.LinkAccountTest 
Time Stamp: 2016-07-27 17:20:31,106 
Code Location: automationFramework.TestCases.LinkAccountTest.setUp(LinkAccountTest.java:44) 
Log Message: Current Browser: firefox.exe 
 
Time in Milliseconds: 1426050 
Test Case: automationFramework.TestCases.LinkAccountTest 
Time Stamp: 2016-07-27 17:20:31,106 
Code Location: automationFramework.TestCases.LinkAccountTest.setUp(LinkAccountTest.java:44) 
Log Message: Current Browser: firefox.exe 
 
Time in Milliseconds: 1426050 
Test Case: automationFramework.TestCases.LinkAccountTest 
Time Stamp: 2016-07-27 17:20:31,106 
Code Location: automationFramework.TestCases.LinkAccountTest.setUp(LinkAccountTest.java:44) 
Log Message: Current Browser: firefox.exe 
 
Time in Milliseconds: 1426050 
Test Case: automationFramework.TestCases.LinkAccountTest 
Time Stamp: 2016-07-27 17:20:31,106 
Code Location: automationFramework.TestCases.LinkAccountTest.setUp(LinkAccountTest.java:44) 
Log Message: Current Browser: firefox.exe 
 
Time in Milliseconds: 1426050 
Test Case: automationFramework.TestCases.LinkAccountTest 
Time Stamp: 2016-07-27 17:20:31,106 
Code Location: automationFramework.TestCases.LinkAccountTest.setUp(LinkAccountTest.java:44) 
Log Message: Current Browser: firefox.exe 
 
Time in Milliseconds: 1426050 
Test Case: automationFramework.TestCases.LinkAccountTest 
Time Stamp: 2016-07-27 17:20:31,106 
Code Location: automationFramework.TestCases.LinkAccountTest.setUp(LinkAccountTest.java:44) 
Log Message: Current Browser: firefox.exe 
 
Time in Milliseconds: 1426050 
Test Case: automationFramework.TestCases.LinkAccountTest 
Time Stamp: 2016-07-27 17:20:31,106 
Code Location: automationFramework.TestCases.LinkAccountTest.setUp(LinkAccountTest.java:44) 
Log Message: Current Browser: firefox.exe 
 
Time in Milliseconds: 1426050 
Test Case: automationFramework.TestCases.LinkAccountTest 
Time Stamp: 2016-07-27 17:20:31,106 
Code Location: automationFramework.TestCases.LinkAccountTest.setUp(LinkAccountTest.java:44) 
Log Message: Current Browser: firefox.exe 
 
Time in Milliseconds: 1426050 
Test Case: automationFramework.TestCases.LinkAccountTest 
Time Stamp: 2016-07-27 17:20:31,106 
Code Location: automationFramework.TestCases.LinkAccountTest.setUp(LinkAccountTest.java:44) 
Log Message: Current Browser: firefox.exe 
 
Time in Milliseconds: 1426050 
Test Case: automationFramework.TestCases.LinkAccountTest 
Time Stamp: 2016-07-27 17:20:31,106 
Code Location: automationFramework.TestCases.LinkAccountTest.setUp(LinkAccountTest.java:44) 
Log Message: Current Browser: firefox.exe 
 
Time in Milliseconds: 1426050 
Test Case: automationFramework.TestCases.LinkAccountTest 
Time Stamp: 2016-07-27 17:20:31,106 
Code Location: automationFramework.TestCases.LinkAccountTest.setUp(LinkAccountTest.java:44) 
Log Message: Current Browser: firefox.exe 
 
Time in Milliseconds: 1426050 
Test Case: automationFramework.TestCases.LinkAccountTest 
Time Stamp: 2016-07-27 17:20:31,106 
Code Location: automationFramework.TestCases.LinkAccountTest.setUp(LinkAccountTest.java:44) 
Log Message: Current Browser: firefox.exe 
 
Time in Milliseconds: 1426050 
Test Case: automationFramework.TestCases.LinkAccountTest 
Time Stamp: 2016-07-27 17:20:31,106 
Code Location: automationFramework.TestCases.LinkAccountTest.setUp(LinkAccountTest.java:44) 
Log Message: Current Browser: firefox.exe 
 
Time in Milliseconds: 1426050 
Test Case: automationFramework.TestCases.LinkAccountTest 
Time Stamp: 2016-07-27 17:20:31,106 
Code Location: automationFramework.TestCases.LinkAccountTest.setUp(LinkAccountTest.java:44) 
Log Message: Current Browser: firefox.exe 
 
Time in Milliseconds: 1426050 
Test Case: automationFramework.TestCases.LinkAccountTest 
Time Stamp: 2016-07-27 17:20:31,106 
Code Location: automationFramework.TestCases.LinkAccountTest.setUp(LinkAccountTest.java:44) 
Log Message: Current Browser: firefox.exe 
 
Time in Milliseconds: 1426050 
Test Case: automationFramework.TestCases.LinkAccountTest 
Time Stamp: 2016-07-27 17:20:31,106 
Code Location: automationFramework.TestCases.LinkAccountTest.setUp(LinkAccountTest.java:44) 
Log Message: Current Browser: firefox.exe 
 
Time in Milliseconds: 1426050 
Test Case: automationFramework.TestCases.LinkAccountTest 
Time Stamp: 2016-07-27 17:20:31,106 
Code Location: automationFramework.TestCases.LinkAccountTest.setUp(LinkAccountTest.java:44) 
Log Message: Current Browser: firefox.exe 
 
Time in Milliseconds: 1426050 
Test Case: automationFramework.TestCases.LinkAccountTest 
Time Stamp: 2016-07-27 17:20:31,106 
Code Location: automationFramework.TestCases.LinkAccountTest.setUp(LinkAccountTest.java:44) 
Log Message: Current Browser: firefox.exe 
 
Time in Milliseconds: 1426050 
Test Case: automationFramework.TestCases.LinkAccountTest 
Time Stamp: 2016-07-27 17:20:31,106 
Code Location: automationFramework.TestCases.LinkAccountTest.setUp(LinkAccountTest.java:44) 
Log Message: Current Browser: firefox.exe 
 
Time in Milliseconds: 1426050 
Test Case: automationFramework.TestCases.LinkAccountTest 
Time Stamp: 2016-07-27 17:20:31,106 
Code Location: automationFramework.TestCases.LinkAccountTest.setUp(LinkAccountTest.java:44) 
Log Message: Current Browser: firefox.exe 
 
Time in Milliseconds: 1426050 
Test Case: automationFramework.TestCases.LinkAccountTest 
Time Stamp: 2016-07-27 17:20:31,106 
Code Location: automationFramework.TestCases.LinkAccountTest.setUp(LinkAccountTest.java:44) 
Log Message: Current Browser: firefox.exe 
 
Time in Milliseconds: 1426050 
Test Case: automationFramework.TestCases.LinkAccountTest 
Time Stamp: 2016-07-27 17:20:31,106 
Code Location: automationFramework.TestCases.LinkAccountTest.setUp(LinkAccountTest.java:44) 
Log Message: Current Browser: firefox.exe 
 
Time in Milliseconds: 1426050 
Test Case: automationFramework.TestCases.LinkAccountTest 
Time Stamp: 2016-07-27 17:20:31,106 
Code Location: automationFramework.TestCases.LinkAccountTest.setUp(LinkAccountTest.java:44) 
Log Message: Current Browser: firefox.exe 
 
Time in Milliseconds: 1426050 
Test Case: automationFramework.TestCases.LinkAccountTest 
Time Stamp: 2016-07-27 17:20:31,106 
Code Location: automationFramework.TestCases.LinkAccountTest.setUp(LinkAccountTest.java:44) 
Log Message: Current Browser: firefox.exe 
 
Time in Milliseconds: 1426050 
Test Case: automationFramework.TestCases.LinkAccountTest 
Time Stamp: 2016-07-27 17:20:31,106 
Code Location: automationFramework.TestCases.LinkAccountTest.setUp(LinkAccountTest.java:44) 
Log Message: Current Browser: firefox.exe 
 
Time in Milliseconds: 1426050 
Test Case: automationFramework.TestCases.LinkAccountTest 
Time Stamp: 2016-07-27 17:20:31,106 
Code Location: automationFramework.TestCases.LinkAccountTest.setUp(LinkAccountTest.java:44) 
Log Message: Current Browser: firefox.exe 
 
Time in Milliseconds: 1426050 
Test Case: automationFramework.TestCases.LinkAccountTest 
Time Stamp: 2016-07-27 17:20:31,106 
Code Location: automationFramework.TestCases.LinkAccountTest.setUp(LinkAccountTest.java:44) 
Log Message: Current Browser: firefox.exe 
 
Time in Milliseconds: 1426050 
Test Case: automationFramework.TestCases.LinkAccountTest 
Time Stamp: 2016-07-27 17:20:31,106 
Code Location: automationFramework.TestCases.LinkAccountTest.setUp(LinkAccountTest.java:44) 
Log Message: Current Browser: firefox.exe 
 
2016-07-27 17:20:31,106 INFO  [Logger] Current Browser: firefox.exe 
Time in Milliseconds: 1436374 
Test Case: automationFramework.TestCases.LinkAccountTest 
Time Stamp: 2016-07-27 17:20:41,430 
Code Location: automationFramework.TestCases.LinkAccountTest.setUp(LinkAccountTest.java:47) 
Log Message: Setup Completed 
 
Time in Milliseconds: 1436374 
Test Case: automationFramework.TestCases.LinkAccountTest 
Time Stamp: 2016-07-27 17:20:41,430 
Code Location: automationFramework.TestCases.LinkAccountTest.setUp(LinkAccountTest.java:47) 
Log Message: Setup Completed 
 
Time in Milliseconds: 1436374 
Test Case: automationFramework.TestCases.LinkAccountTest 
Time Stamp: 2016-07-27 17:20:41,430 
Code Location: automationFramework.TestCases.LinkAccountTest.setUp(LinkAccountTest.java:47) 
Log Message: Setup Completed 
 
Time in Milliseconds: 1436374 
Test Case: automationFramework.TestCases.LinkAccountTest 
Time Stamp: 2016-07-27 17:20:41,430 
Code Location: automationFramework.TestCases.LinkAccountTest.setUp(LinkAccountTest.java:47) 
Log Message: Setup Completed 
 
Time in Milliseconds: 1436374 
Test Case: automationFramework.TestCases.LinkAccountTest 
Time Stamp: 2016-07-27 17:20:41,430 
Code Location: automationFramework.TestCases.LinkAccountTest.setUp(LinkAccountTest.java:47) 
Log Message: Setup Completed 
 
Time in Milliseconds: 1436374 
Test Case: automationFramework.TestCases.LinkAccountTest 
Time Stamp: 2016-07-27 17:20:41,430 
Code Location: automationFramework.TestCases.LinkAccountTest.setUp(LinkAccountTest.java:47) 
Log Message: Setup Completed 
 
Time in Milliseconds: 1436374 
Test Case: automationFramework.TestCases.LinkAccountTest 
Time Stamp: 2016-07-27 17:20:41,430 
Code Location: automationFramework.TestCases.LinkAccountTest.setUp(LinkAccountTest.java:47) 
Log Message: Setup Completed 
 
Time in Milliseconds: 1436374 
Test Case: automationFramework.TestCases.LinkAccountTest 
Time Stamp: 2016-07-27 17:20:41,430 
Code Location: automationFramework.TestCases.LinkAccountTest.setUp(LinkAccountTest.java:47) 
Log Message: Setup Completed 
 
Time in Milliseconds: 1436374 
Test Case: automationFramework.TestCases.LinkAccountTest 
Time Stamp: 2016-07-27 17:20:41,430 
Code Location: automationFramework.TestCases.LinkAccountTest.setUp(LinkAccountTest.java:47) 
Log Message: Setup Completed 
 
Time in Milliseconds: 1436374 
Test Case: automationFramework.TestCases.LinkAccountTest 
Time Stamp: 2016-07-27 17:20:41,430 
Code Location: automationFramework.TestCases.LinkAccountTest.setUp(LinkAccountTest.java:47) 
Log Message: Setup Completed 
 
Time in Milliseconds: 1436374 
Test Case: automationFramework.TestCases.LinkAccountTest 
[...]
Log Message: Current Browser: firefox.exe 
 
Time in Milliseconds: 2176495 
Test Case: automationFramework.TestCases.TravelHistoryTest 
Time Stamp: 2016-07-27 17:33:01,551 
Code Location: automationFramework.TestCases.TravelHistoryTest.setUp(TravelHistoryTest.java:40) 
Log Message: Current Browser: firefox.exe 
 
Time in Milliseconds: 2176495 
Test Case: automationFramework.TestCases.TravelHistoryTest 
Time Stamp: 2016-07-27 17:33:01,551 
Code Location: automationFramework.TestCases.TravelHistoryTest.setUp(TravelHistoryTest.java:40) 
Log Message: Current Browser: firefox.exe 
 
Time in Milliseconds: 2176495 
Test Case: automationFramework.TestCases.TravelHistoryTest 
Time Stamp: 2016-07-27 17:33:01,551 
Code Location: automationFramework.TestCases.TravelHistoryTest.setUp(TravelHistoryTest.java:40) 
Log Message: Current Browser: firefox.exe 
 
Time in Milliseconds: 2176495 
Test Case: automationFramework.TestCases.TravelHistoryTest 
Time Stamp: 2016-07-27 17:33:01,551 
Code Location: automationFramework.TestCases.TravelHistoryTest.setUp(TravelHistoryTest.java:40) 
Log Message: Current Browser: firefox.exe 
 
Time in Milliseconds: 2176495 
Test Case: automationFramework.TestCases.TravelHistoryTest 
Time Stamp: 2016-07-27 17:33:01,551 
Code Location: automationFramework.TestCases.TravelHistoryTest.setUp(TravelHistoryTest.java:40) 
Log Message: Current Browser: firefox.exe 
 
Time in Milliseconds: 2176495 
Test Case: automationFramework.TestCases.TravelHistoryTest 
Time Stamp: 2016-07-27 17:33:01,551 
Code Location: automationFramework.TestCases.TravelHistoryTest.setUp(TravelHistoryTest.java:40) 
Log Message: Current Browser: firefox.exe 
 
Time in Milliseconds: 2176495 
Test Case: automationFramework.TestCases.TravelHistoryTest 
Time Stamp: 2016-07-27 17:33:01,551 
Code Location: automationFramework.TestCases.TravelHistoryTest.setUp(TravelHistoryTest.java:40) 
Log Message: Current Browser: firefox.exe 
 
Time in Milliseconds: 2176495 
Test Case: automationFramework.TestCases.TravelHistoryTest 
Time Stamp: 2016-07-27 17:33:01,551 
Code Location: automationFramework.TestCases.TravelHistoryTest.setUp(TravelHistoryTest.java:40) 
Log Message: Current Browser: firefox.exe 
 
Time in Milliseconds: 2176495 
Test Case: automationFramework.TestCases.TravelHistoryTest 
Time Stamp: 2016-07-27 17:33:01,551 
Code Location: automationFramework.TestCases.TravelHistoryTest.setUp(TravelHistoryTest.java:40) 
Log Message: Current Browser: firefox.exe 
 
Time in Milliseconds: 2176495 
Test Case: automationFramework.TestCases.TravelHistoryTest 
Time Stamp: 2016-07-27 17:33:01,551 
Code Location: automationFramework.TestCases.TravelHistoryTest.setUp(TravelHistoryTest.java:40) 
Log Message: Current Browser: firefox.exe 
 
Time in Milliseconds: 2176495 
Test Case: automationFramework.TestCases.TravelHistoryTest 
Time Stamp: 2016-07-27 17:33:01,551 
Code Location: automationFramework.TestCases.TravelHistoryTest.setUp(TravelHistoryTest.java:40) 
Log Message: Current Browser: firefox.exe 
 
Time in Milliseconds: 2176495 
Test Case: automationFramework.TestCases.TravelHistoryTest 
Time Stamp: 2016-07-27 17:33:01,551 
Code Location: automationFramework.TestCases.TravelHistoryTest.setUp(TravelHistoryTest.java:40) 
Log Message: Current Browser: firefox.exe 
 
Time in Milliseconds: 2176495 
Test Case: automationFramework.TestCases.TravelHistoryTest 
Time Stamp: 2016-07-27 17:33:01,551 
Code Location: automationFramework.TestCases.TravelHistoryTest.setUp(TravelHistoryTest.java:40) 
Log Message: Current Browser: firefox.exe 
 
Time in Milliseconds: 2176495 
Test Case: automationFramework.TestCases.TravelHistoryTest 
Time Stamp: 2016-07-27 17:33:01,551 
Code Location: automationFramework.TestCases.TravelHistoryTest.setUp(TravelHistoryTest.java:40) 
Log Message: Current Browser: firefox.exe 
 
Time in Milliseconds: 2176495 
Test Case: automationFramework.TestCases.TravelHistoryTest 
Time Stamp: 2016-07-27 17:33:01,551 
Code Location: automationFramework.TestCases.TravelHistoryTest.setUp(TravelHistoryTest.java:40) 
Log Message: Current Browser: firefox.exe 
 
Time in Milliseconds: 2176495 
Test Case: automationFramework.TestCases.TravelHistoryTest 
Time Stamp: 2016-07-27 17:33:01,551 
Code Location: automationFramework.TestCases.TravelHistoryTest.setUp(TravelHistoryTest.java:40) 
Log Message: Current Browser: firefox.exe 
 
Time in Milliseconds: 2176495 
Test Case: automationFramework.TestCases.TravelHistoryTest 
Time Stamp: 2016-07-27 17:33:01,551 
Code Location: automationFramework.TestCases.TravelHistoryTest.setUp(TravelHistoryTest.java:40) 
Log Message: Current Browser: firefox.exe 
 
Time in Milliseconds: 2176495 
Test Case: automationFramework.TestCases.TravelHistoryTest 
Time Stamp: 2016-07-27 17:33:01,551 
Code Location: automationFramework.TestCases.TravelHistoryTest.setUp(TravelHistoryTest.java:40) 
Log Message: Current Browser: firefox.exe 
 
Time in Milliseconds: 2176495 
Test Case: automationFramework.TestCases.TravelHistoryTest 
Time Stamp: 2016-07-27 17:33:01,551 
Code Location: automationFramework.TestCases.TravelHistoryTest.setUp(TravelHistoryTest.java:40) 
Log Message: Current Browser: firefox.exe 
 
Time in Milliseconds: 2176495 
Test Case: automationFramework.TestCases.TravelHistoryTest 
Time Stamp: 2016-07-27 17:33:01,551 
Code Location: automationFramework.TestCases.TravelHistoryTest.setUp(TravelHistoryTest.java:40) 
Log Message: Current Browser: firefox.exe 
 
Time in Milliseconds: 2176495 
Test Case: automationFramework.TestCases.TravelHistoryTest 
Time Stamp: 2016-07-27 17:33:01,551 
Code Location: automationFramework.TestCases.TravelHistoryTest.setUp(TravelHistoryTest.java:40) 
Log Message: Current Browser: firefox.exe 
 
Time in Milliseconds: 2176495 
Test Case: automationFramework.TestCases.TravelHistoryTest 
Time Stamp: 2016-07-27 17:33:01,551 
Code Location: automationFramework.TestCases.TravelHistoryTest.setUp(TravelHistoryTest.java:40) 
Log Message: Current Browser: firefox.exe 
 
Time in Milliseconds: 2176495 
Test Case: automationFramework.TestCases.TravelHistoryTest 
Time Stamp: 2016-07-27 17:33:01,551 
Code Location: automationFramework.TestCases.TravelHistoryTest.setUp(TravelHistoryTest.java:40) 
Log Message: Current Browser: firefox.exe 
 
Time in Milliseconds: 2176495 
Test Case: automationFramework.TestCases.TravelHistoryTest 
Time Stamp: 2016-07-27 17:33:01,551 
Code Location: automationFramework.TestCases.TravelHistoryTest.setUp(TravelHistoryTest.java:40) 
Log Message: Current Browser: firefox.exe 
 
Time in Milliseconds: 2176495 
Test Case: automationFramework.TestCases.TravelHistoryTest 
Time Stamp: 2016-07-27 17:33:01,551 
Code Location: automationFramework.TestCases.TravelHistoryTest.setUp(TravelHistoryTest.java:40) 
Log Message: Current Browser: firefox.exe 
 
Time in Milliseconds: 2176495 
Test Case: automationFramework.TestCases.TravelHistoryTest 
Time Stamp: 2016-07-27 17:33:01,551 
Code Location: automationFramework.TestCases.TravelHistoryTest.setUp(TravelHistoryTest.java:40) 
Log Message: Current Browser: firefox.exe 
 
Time in Milliseconds: 2176495 
Test Case: automationFramework.TestCases.TravelHistoryTest 
Time Stamp: 2016-07-27 17:33:01,551 
Code Location: automationFramework.TestCases.TravelHistoryTest.setUp(TravelHistoryTest.java:40) 
Log Message: Current Browser: firefox.exe 
 
Time in Milliseconds: 2176495 
Test Case: automationFramework.TestCases.TravelHistoryTest 
Time Stamp: 2016-07-27 17:33:01,551 
Code Location: automationFramework.TestCases.TravelHistoryTest.setUp(TravelHistoryTest.java:40) 
Log Message: Current Browser: firefox.exe 
 
Time in Milliseconds: 2176495 
Test Case: automationFramework.TestCases.TravelHistoryTest 
Time Stamp: 2016-07-27 17:33:01,551 
Code Location: automationFramework.TestCases.TravelHistoryTest.setUp(TravelHistoryTest.java:40) 
Log Message: Current Browser: firefox.exe 
 
Time in Milliseconds: 2176495 
Test Case: automationFramework.TestCases.TravelHistoryTest 
Time Stamp: 2016-07-27 17:33:01,551 
Code Location: automationFramework.TestCases.TravelHistoryTest.setUp(TravelHistoryTest.java:40) 
Log Message: Current Browser: firefox.exe 
 
2016-07-27 17:33:01,551 INFO  [Logger] Current Browser: firefox.exe 
Time in Milliseconds: 2186032 
Test Case: automationFramework.TestCases.TravelHistoryTest 
Time Stamp: 2016-07-27 17:33:11,088 
Code Location: automationFramework.TestCases.TravelHistoryTest.setUp(TravelHistoryTest.java:43) 
Log Message: Setup Completed 
 
Time in Milliseconds: 2186032 
Test Case: automationFramework.TestCases.TravelHistoryTest 
Time Stamp: 2016-07-27 17:33:11,088 
Code Location: automationFramework.TestCases.TravelHistoryTest.setUp(TravelHistoryTest.java:43) 
Log Message: Setup Completed 
 
Time in Milliseconds: 2186032 
Test Case: automationFramework.TestCases.TravelHistoryTest 
Time Stamp: 2016-07-27 17:33:11,088 
Code Location: automationFramework.TestCases.TravelHistoryTest.setUp(TravelHistoryTest.java:43) 
Log Message: Setup Completed 
 
Time in Milliseconds: 2186032 
Test Case: automationFramework.TestCases.TravelHistoryTest 
Time Stamp: 2016-07-27 17:33:11,088 
Code Location: automationFramework.TestCases.TravelHistoryTest.setUp(TravelHistoryTest.java:43) 
Log Message: Setup Completed 
 
Time in Milliseconds: 2186032 
Test Case: automationFramework.TestCases.TravelHistoryTest 
Time Stamp: 2016-07-27 17:33:11,088 
Code Location: automationFramework.TestCases.TravelHistoryTest.setUp(TravelHistoryTest.java:43) 
Log Message: Setup Completed 
 
Time in Milliseconds: 2186032 
Test Case: automationFramework.TestCases.TravelHistoryTest 
Time Stamp: 2016-07-27 17:33:11,088 
Code Location: automationFramework.TestCases.TravelHistoryTest.setUp(TravelHistoryTest.java:43) 
Log Message: Setup Completed 
 
Time in Milliseconds: 2186032 
Test Case: automationFramework.TestCases.TravelHistoryTest 
Time Stamp: 2016-07-27 17:33:11,088 
Code Location: automationFramework.TestCases.TravelHistoryTest.setUp(TravelHistoryTest.java:43) 
Log Message: Setup Completed 
 
Time in Milliseconds: 2186032 
Test Case: automationFramework.TestCases.TravelHistoryTest 
Time Stamp: 2016-07-27 17:33:11,088 
Code Location: automationFramework.TestCases.TravelHistoryTest.setUp(TravelHistoryTest.java:43) 
Log Message: Setup Completed 
 
Time in Milliseconds: 2186032 
Test Case: automationFramework.TestCases.TravelHistoryTest 
Time Stamp: 2016-07-27 17:33:11,088 
Code Location: automationFramework.TestCases.TravelHistoryTest.setUp(TravelHistoryTest.java:43) 
Log Message: Setup Completed 
 
Time in Milliseconds: 2186032 
Test Case: automationFramework.TestCases.TravelHistoryTest 
Time Stamp: 2016-07-27 17:33:11,088 
Code Location: automationFramework.TestCases.TravelHistoryTest.setUp(TravelHistoryTest.java:43) 
Log Message: Setup Completed 
 
Time in Milliseconds: 2186032 
Test Case: automationFramework.TestCases.TravelHistoryTest 
Time Stamp: 2016-07-27 17:33:11,088 
Code Location: automationFramework.TestCases.TravelHistoryTest.setUp(TravelHistoryTest.java:43) 
Log Message: Setup Completed 
 
Time in Milliseconds: 2186032 
Test Case: automationFramework.TestCases.TravelHistoryTest 
Time Stamp: 2016-07-27 17:33:11,088 
Code Location: automationFramework.TestCases.TravelHistoryTest.setUp(TravelHistoryTest.java:43) 
Log Message: Setup Completed 
 
Time in Milliseconds: 2186032 
Test Case: automationFramework.TestCases.TravelHistoryTest 
Time Stamp: 2016-07-27 17:33:11,088 
Code Location: automationFramework.TestCases.TravelHistoryTest.setUp(TravelHistoryTest.java:43) 
Log Message: Setup Completed 
 
Time in Milliseconds: 2186032 
Test Case: automationFramework.TestCases.TravelHistoryTest 
Time Stamp: 2016-07-27 17:33:11,088 
Code Location: automationFramework.TestCases.TravelHistoryTest.setUp(TravelHistoryTest.java:43) 
Log Message: Setup Completed 
 
Time in Milliseconds: 2186032 
Test Case: automationFramework.TestCases.TravelHistoryTest 
Time Stamp: 2016-07-27 17:33:11,088 
Code Location: automationFramework.TestCases.TravelHistoryTest.setUp(TravelHistoryTest.java:43) 
Log Message: Setup Completed 
 
Time in Milliseconds: 2186032 
Test Case: automationFramework.TestCases.TravelHistoryTest 
Time Stamp: 2016-07-27 17:33:11,088 
Code Location: automationFramework.TestCases.TravelHistoryTest.setUp(TravelHistoryTest.java:43) 
Log Message: Setup Completed 
 
Time in Milliseconds: 2186032 
Test Case: automationFramework.TestCases.TravelHistoryTest 
Time Stamp: 2016-07-27 17:33:11,088 
Code Location: automationFramework.TestCases.TravelHistoryTest.setUp(TravelHistoryTest.java:43) 
Log Message: Setup Completed 
 
Time in Milliseconds: 2186032 
Test Case: automationFramework.TestCases.TravelHistoryTest 
Time Stamp: 2016-07-27 17:33:11,088 
Code Location: automationFramework.TestCases.TravelHistoryTest.setUp(TravelHistoryTest.java:43) 
Log Message: Setup Completed 
 
Time in Milliseconds: 2186032 
Test Case: automationFramework.TestCases.TravelHistoryTest 
Time Stamp: 2016-07-27 17:33:11,088 
Code Location: automationFramework.TestCases.TravelHistoryTest.setUp(TravelHistoryTest.java:43) 
Log Message: Setup Completed 
 
Time in Milliseconds: 2186032 
Test Case: automationFramework.TestCases.TravelHistoryTest 
Time Stamp: 2016-07-27 17:33:11,088 
Code Location: automationFramework.TestCases.TravelHistoryTest.setUp(TravelHistoryTest.java:43) 
Log Message: Setup Completed 
 
Time in Milliseconds: 2186032 
Test Case: automationFramework.TestCases.TravelHistoryTest 
Time Stamp: 2016-07-27 17:33:11,088 
Code Location: automationFramework.TestCases.TravelHistoryTest.setUp(TravelHistoryTest.java:43) 
Log Message: Setup Completed 
 
Time in Milliseconds: 2186032 
Test Case: automationFramework.TestCases.TravelHistoryTest 
Time Stamp: 2016-07-27 17:33:11,088 
Code Location: automationFramework.TestCases.TravelHistoryTest.setUp(TravelHistoryTest.java:43) 
Log Message: Setup Completed 
 
Time in Milliseconds: 2186032 
Test Case: automationFramework.TestCases.TravelHistoryTest 
Time Stamp: 2016-07-27 17:33:11,088 
Code Location: automationFramework.TestCases.TravelHistoryTest.setUp(TravelHistoryTest.java:43) 
Log Message: Setup Completed 
 
Time in Milliseconds: 2186032 
Test Case: automationFramework.TestCases.TravelHistoryTest 
Time Stamp: 2016-07-27 17:33:11,088 
Code Location: automationFramework.TestCases.TravelHistoryTest.setUp(TravelHistoryTest.java:43) 
Log Message: Setup Completed 
 
Time in Milliseconds: 2186032 
Test Case: automationFramework.TestCases.TravelHistoryTest 
Time Stamp: 2016-07-27 17:33:11,088 
Code Location: automationFramework.TestCases.TravelHistoryTest.setUp(TravelHistoryTest.java:43) 
Log Message: Setup Completed 
 
Time in Milliseconds: 2186032 
Test Case: automationFramework.TestCases.TravelHistoryTest 
Time Stamp: 2016-07-27 17:33:11,088 
Code Location: automationFramework.TestCases.TravelHistoryTest.setUp(TravelHistoryTest.java:43) 
Log Message: Setup Completed 
 
Time in Milliseconds: 2186032 
Test Case: automationFramework.TestCases.TravelHistoryTest 
Time Stamp: 2016-07-27 17:33:11,088 
Code Location: automationFramework.TestCases.TravelHistoryTest.setUp(TravelHistoryTest.java:43) 
Log Message: Setup Completed 
 
Time in Milliseconds: 2186032 
Test Case: automationFramework.TestCases.TravelHistoryTest 
Time Stamp: 2016-07-27 17:33:11,088 
Code Location: automationFramework.TestCases.TravelHistoryTest.setUp(TravelHistoryTest.java:43) 
Log Message: Setup Completed 
 
Time in Milliseconds: 2186032 
Test Case: automationFramework.TestCases.TravelHistoryTest 
Time Stamp: 2016-07-27 17:33:11,088 
Code Location: automationFramework.TestCases.TravelHistoryTest.setUp(TravelHistoryTest.java:43) 
Log Message: Setup Completed 
 
Time in Milliseconds: 2186032 
Test Case: automationFramework.TestCases.TravelHistoryTest 
Time Stamp: 2016-07-27 17:33:11,088 
Code Location: automationFramework.TestCases.TravelHistoryTest.setUp(TravelHistoryTest.java:43) 
Log Message: Setup Completed 
 
Time in Milliseconds: 2186032 
Test Case: automationFramework.TestCases.TravelHistoryTest 
Time Stamp: 2016-07-27 17:33:11,088 
Code Location: automationFramework.TestCases.TravelHistoryTest.setUp(TravelHistoryTest.java:43) 
Log Message: Setup Completed 
 
Time in Milliseconds: 2186032 
Test Case: automationFramework.TestCases.TravelHistoryTest 
Time Stamp: 2016-07-27 17:33:11,088 
Code Location: automationFramework.TestCases.TravelHistoryTest.setUp(TravelHistoryTest.java:43) 
Log Message: Setup Completed 
 
Time in Milliseconds: 2186032 
Test Case: automationFramework.TestCases.TravelHistoryTest 
Time Stamp: 2016-07-27 17:33:11,088 
Code Location: automationFramework.TestCases.TravelHistoryTest.setUp(TravelHistoryTest.java:43) 
Log Message: Setup Completed 
 
Time in Milliseconds: 2186032 
Test Case: automationFramework.TestCases.TravelHistoryTest 
Time Stamp: 2016-07-27 17:33:11,088 
Code Location: automationFramework.TestCases.TravelHistoryTest.setUp(TravelHistoryTest.java:43) 
Log Message: Setup Completed 
 
Time in Milliseconds: 2186032 
Test Case: automationFramework.TestCases.TravelHistoryTest 
Time Stamp: 2016-07-27 17:33:11,088 
Code Location: automationFramework.TestCases.TravelHistoryTest.setUp(TravelHistoryTest.java:43) 
Log Message: Setup Completed 
 
Time in Milliseconds: 2186032 
Test Case: automationFramework.TestCases.TravelHistoryTest 
Time Stamp: 2016-07-27 17:33:11,088 
Code Location: automationFramework.TestCases.TravelHistoryTest.setUp(TravelHistoryTest.java:43) 
Log Message: Setup Completed 
 
Time in Milliseconds: 2186032 
Test Case: automationFramework.TestCases.TravelHistoryTest 
Time Stamp: 2016-07-27 17:33:11,088 
Code Location: automationFramework.TestCases.TravelHistoryTest.setUp(TravelHistoryTest.java:43) 
Log Message: Setup Completed 
 
Time in Milliseconds: 2186032 
Test Case: automationFramework.TestCases.TravelHistoryTest 
Time Stamp: 2016-07-27 17:33:11,088 
Code Location: automationFramework.TestCases.TravelHistoryTest.setUp(TravelHistoryTest.java:43) 
Log Message: Setup Completed 
 
Time in Milliseconds: 2186032 
Test Case: automationFramework.TestCases.TravelHistoryTest 
Time Stamp: 2016-07-27 17:33:11,088 
Code Location: automationFramework.TestCases.TravelHistoryTest.setUp(TravelHistoryTest.java:43) 
Log Message: Setup Completed 
 
Time in Milliseconds: 2186032 
Test Case: automationFramework.TestCases.TravelHistoryTest 
Time Stamp: 2016-07-27 17:33:11,088 
Code Location: automationFramework.TestCases.TravelHistoryTest.setUp(TravelHistoryTest.java:43) 
Log Message: Setup Completed 
 
2016-07-27 17:33:11,088 INFO  [Logger] Setup Completed 
</system-out>
  </testcase>
  <testcase classname="automationFramework.TestCases.CreateFundingDBTest" name="createNewFundingCancelDBcheck" time="67.634"/>
  <testcase classname="automationFramework.TestCases.CreateFundingDBTest" name="createNewFundingCreditCardDBcheck" time="73.753"/>
  <testcase classname="automationFramework.TestCases.CreateFundingDBTest" name="createNewFundingDBcheck" time="62.507"/>
  <testcase classname="automationFramework.TestCases.CreateCustomerDBTest" name="createNewCustomerDBCheckContactTable" time="46.903"/>
  <testcase classname="automationFramework.TestCases.CreateCustomerDBTest" name="createNewCustomerDBCheckAccountTable" time="55.284"/>
  <testcase classname="automationFramework.TestCases.CreateCustomerDBTest" name="createNewCustomerDBCheckAddressTable" time="53.831"/>
  <testcase classname="automationFramework.TestCases.CreateCustomerDBTest" name="createNewCustomerDBCheckSecurityTable" time="48.591"/>
  <testcase classname="automationFramework.TestCases.CreateCustomerDBTest" name="createNewCustomerDBCheckPhoneTable" time="52.876"/>
  <testcase classname="automationFramework.TestCases.CreateCustomerDBTest" name="createNewCustomerDBCheckUserName" time="47.176"/>
  <testcase classname="automationFramework.TestCases.CreateCustomerDBTest" name="createNewCustomerCancelDBCheck" time="26.691"/>
</testsuite>