<?xml version="1.0" encoding="UTF-8" ?>
<testsuite tests="50" failures="3" name="TestSuite" time="2,856.307" errors="0" skipped="0">
  <properties>
[...]
</properties>
  <testcase classname="automationFramework.TestCases.CreateCustomerTest" name="createNewCustomer" time="60.914"/>
  <testcase classname="automationFramework.TestCases.CreateCustomerTest" name="createCustomerCancel" time="38.32"/>
  <testcase classname="automationFramework.TestCases.CreateCustomerTest" name="createCustomerContactTypeNotSelected" time="49.158"/>
  <testcase classname="automationFramework.TestCases.CreateCustomerTest" name="createCustomerInvalidEmail" time="47.301"/>
  <testcase classname="automationFramework.TestCases.CreateCustomerTest" name="createCustomerInvalidPin" time="46.954"/>
  <testcase classname="automationFramework.TestCases.CreateCustomerTest" name="createCustomerFundingInvalidCC" time="48.586"/>
  <testcase classname="automationFramework.TestCases.CreateCustomerTest" name="createCustomerDuplicateUserName" time="54.22"/>
  <testcase classname="automationFramework.TestCases.CreateCustomerTest" name="createCustomerInvalidUserName" time="40.468"/>
  <testcase classname="automationFramework.TestCases.CreateCustomerTest" name="createCustomerInvalidPhone" time="30.058"/>
  <testcase classname="automationFramework.TestCases.CreateCustomerTest" name="createCustomerNameMissing" time="23.369"/>
  <testcase classname="automationFramework.TestCases.CreateCustomerTest" name="createCustomerEmailMissing" time="29.259"/>
  <testcase classname="automationFramework.TestCases.SearchTest" name="searchCustomerVerifiedTest" time="31.901"/>
  <testcase classname="automationFramework.TestCases.SearchTest" name="searchCustomerNotVerifiedTest" time="37.939"/>
  <testcase classname="automationFramework.TestCases.SearchTest" name="searchCustomerNoResultsTest" time="28.079"/>
  <testcase classname="automationFramework.TestCases.SearchTest" name="searchCustomerTypeNotSelected" time="20.793"/>
  <testcase classname="automationFramework.TestCases.SearchTest" name="searchCustomerInvalidEmail" time="29.824"/>
  <testcase classname="automationFramework.TestCases.SearchTest" name="searchCustomerCheckDuplicateTestFname" time="30.012"/>
  <testcase classname="automationFramework.TestCases.SearchTest" name="searchCustomerCheckDuplicateTestLname" time="30.588"/>
  <testcase classname="automationFramework.TestCases.SearchTest" name="searchCustomerCheckDuplicateTestFnameLname" time="33.668"/>
  <testcase classname="automationFramework.TestCases.SearchTest" name="searchCustomerCheckDuplicateTestPhone" time="31.826"/>
  <testcase classname="automationFramework.TestCases.SearchTest" name="searchCustomerCheckDuplicateTestEmail" time="29.873"/>
  <testcase classname="automationFramework.TestCases.SearchTest" name="searchCustomerCheckDuplicateTestEmailPhone" time="33.7"/>
  <testcase classname="automationFramework.TestCases.SearchTest" name="searchCustomerCheckDuplicateTestAll" time="36.44"/>
  <testcase classname="automationFramework.TestCases.CreateFundingTest" name="createFundingSource" time="83.543"/>
  <testcase classname="automationFramework.TestCases.CreateFundingTest" name="createFundingSourceNewBillingAddress" time="103.396"/>
  <testcase classname="automationFramework.TestCases.CreateFundingTest" name="createFundingSourceCancel" time="54.96"/>
  <testcase classname="automationFramework.TestCases.CreateFundingTest" name="createFundingSourceTypeNotSelected" time="45.069"/>
  <testcase classname="automationFramework.TestCases.CreateFundingTest" name="createCustomerInvalidEmail" time="44.641"/>
  <testcase classname="automationFramework.TestCases.CreateFundingTest" name="createCustomerFundingInvalidCC" time="75.067"/>
  <testcase classname="automationFramework.TestCases.CreateFundingTest" name="createCustomerFundingInvalidName" time="78.919"/>
  <testcase classname="automationFramework.TestCases.LinkAccountTest" name="linkAccountBankNumberMissingTest" time="53.505"/>
  <testcase classname="automationFramework.TestCases.LinkAccountTest" name="linkAccountCancelTest" time="75.261"/>
  <testcase classname="automationFramework.TestCases.LinkAccountTest" name="linkAccountCardExpirationMissingTest" time="48.588"/>
  <testcase classname="automationFramework.TestCases.BalanceHistoryTest" name="checkBalanceHistory" time="97.547">
    <failure message="Unable to locate element: {&quot;method&quot;:&quot;xpath&quot;,&quot;selector&quot;:&quot;.//*[@id=&apos;balanceHistory_list_tbl&apos;]/div/div[1]/table/tbody/tr[1]/td[3]/span&quot;}
Command duration or timeout: 60.05 seconds
For documentation on this error, please visit: http://seleniumhq.org/exceptions/no_such_element.html
Build info: version: &apos;2.45.0&apos;, revision: &apos;5017cb8e7ca8e37638dc3091b2440b90a1d8686f&apos;, time: &apos;2015-02-27 09:10:26&apos;
System info: host: &apos;NACTS-081729&apos;, ip: &apos;172.28.0.111&apos;, os.name: &apos;Windows 7&apos;, os.arch: &apos;amd64&apos;, os.version: &apos;6.1&apos;, java.version: &apos;1.8.0_77&apos;
Driver info: org.openqa.selenium.firefox.FirefoxDriver
Capabilities [{applicationCacheEnabled=false, rotatable=false, handlesAlerts=true, databaseEnabled=true, version=32.0, platform=WINDOWS, nativeEvents=false, acceptSslCerts=true, webStorageEnabled=true, locationContextEnabled=true, browserName=firefox, takesScreenshot=true, javascriptEnabled=true, cssSelectorsEnabled=true}]
Session ID: 83d45d63-0455-454a-a163-c12f7ce1fb00
*** Element info: {Using=xpath, value=.//*[@id=&apos;balanceHistory_list_tbl&apos;]/div/div[1]/table/tbody/tr[1]/td[3]/span}" type="org.openqa.selenium.NoSuchElementException">org.openqa.selenium.NoSuchElementException: Unable to locate element: {&quot;method&quot;:&quot;xpath&quot;,&quot;selector&quot;:&quot;.//*[@id=&apos;balanceHistory_list_tbl&apos;]/div/div[1]/table/tbody/tr[1]/td[3]/span&quot;}
Command duration or timeout: 60.05 seconds
For documentation on this error, please visit: http://seleniumhq.org/exceptions/no_such_element.html
Build info: version: &apos;2.45.0&apos;, revision: &apos;5017cb8e7ca8e37638dc3091b2440b90a1d8686f&apos;, time: &apos;2015-02-27 09:10:26&apos;
System info: host: &apos;NACTS-081729&apos;, ip: &apos;172.28.0.111&apos;, os.name: &apos;Windows 7&apos;, os.arch: &apos;amd64&apos;, os.version: &apos;6.1&apos;, java.version: &apos;1.8.0_77&apos;
Driver info: org.openqa.selenium.firefox.FirefoxDriver
Capabilities [{applicationCacheEnabled=false, rotatable=false, handlesAlerts=true, databaseEnabled=true, version=32.0, platform=WINDOWS, nativeEvents=false, acceptSslCerts=true, webStorageEnabled=true, locationContextEnabled=true, browserName=firefox, takesScreenshot=true, javascriptEnabled=true, cssSelectorsEnabled=true}]
Session ID: 83d45d63-0455-454a-a163-c12f7ce1fb00
*** Element info: {Using=xpath, value=.//*[@id=&apos;balanceHistory_list_tbl&apos;]/div/div[1]/table/tbody/tr[1]/td[3]/span}
	at sun.reflect.NativeConstructorAccessorImpl.newInstance0(Native Method)
	at sun.reflect.NativeConstructorAccessorImpl.newInstance(Unknown Source)
	at sun.reflect.DelegatingConstructorAccessorImpl.newInstance(Unknown Source)
	at java.lang.reflect.Constructor.newInstance(Unknown Source)
	at org.openqa.selenium.remote.ErrorHandler.createThrowable(ErrorHandler.java:204)
	at org.openqa.selenium.remote.ErrorHandler.throwIfResponseFailed(ErrorHandler.java:156)
	at org.openqa.selenium.remote.RemoteWebDriver.execute(RemoteWebDriver.java:599)
	at org.openqa.selenium.remote.RemoteWebDriver.findElement(RemoteWebDriver.java:352)
	at org.openqa.selenium.remote.RemoteWebDriver.findElementByXPath(RemoteWebDriver.java:449)
	at org.openqa.selenium.By$ByXPath.findElement(By.java:357)
	at org.openqa.selenium.remote.RemoteWebDriver.findElement(RemoteWebDriver.java:344)
	at automationFramework.PageObjects.BalanceHistoryPage.getPurse(BalanceHistoryPage.java:35)
	at automationFramework.TestCases.BalanceHistoryTest.checkBalanceHistory(BalanceHistoryTest.java:58)
Caused by: org.openqa.selenium.NoSuchElementException: Unable to locate element: {&quot;method&quot;:&quot;xpath&quot;,&quot;selector&quot;:&quot;.//*[@id=&apos;balanceHistory_list_tbl&apos;]/div/div[1]/table/tbody/tr[1]/td[3]/span&quot;}
For documentation on this error, please visit: http://seleniumhq.org/exceptions/no_such_element.html
Build info: version: &apos;2.45.0&apos;, revision: &apos;5017cb8e7ca8e37638dc3091b2440b90a1d8686f&apos;, time: &apos;2015-02-27 09:10:26&apos;
System info: host: &apos;NACTS-081729&apos;, ip: &apos;172.28.0.111&apos;, os.name: &apos;Windows 7&apos;, os.arch: &apos;amd64&apos;, os.version: &apos;6.1&apos;, java.version: &apos;1.8.0_77&apos;
Driver info: driver.version: unknown
	at &lt;anonymous class&gt;.FirefoxDriver.prototype.findElementInternal_(file:///C:/Users/200123/AppData/Local/Temp/anonymous8721010986393994601webdriver-profile/extensions/fxdriver@googlecode.com/components/driver-component.js:10271)
	at &lt;anonymous class&gt;.fxdriver.Timer.prototype.setTimeout/&lt;.notify(file:///C:/Users/200123/AppData/Local/Temp/anonymous8721010986393994601webdriver-profile/extensions/fxdriver@googlecode.com/components/driver-component.js:603)
</failure>
    <system-out>Time in Milliseconds: 1927104 
Test Case: automationFramework.TestCases.LinkAccountTest 
Time Stamp: 2016-08-09 14:33:44,909 
Code Location: automationFramework.TestCases.LinkAccountTest.tearDown(LinkAccountTest.java:317) 
Log Message: TearDown Complete 
 
Time in Milliseconds: 1927104 
Test Case: automationFramework.TestCases.LinkAccountTest 
Time Stamp: 2016-08-09 14:33:44,909 
Code Location: automationFramework.TestCases.LinkAccountTest.tearDown(LinkAccountTest.java:317) 
Log Message: TearDown Complete 
 
Time in Milliseconds: 1927104 
Test Case: automationFramework.TestCases.LinkAccountTest 
Time Stamp: 2016-08-09 14:33:44,909 
Code Location: automationFramework.TestCases.LinkAccountTest.tearDown(LinkAccountTest.java:317) 
Log Message: TearDown Complete 
 
Time in Milliseconds: 1927104 
Test Case: automationFramework.TestCases.LinkAccountTest 
Time Stamp: 2016-08-09 14:33:44,909 
Code Location: automationFramework.TestCases.LinkAccountTest.tearDown(LinkAccountTest.java:317) 
Log Message: TearDown Complete 
 
Time in Milliseconds: 1927104 
Test Case: automationFramework.TestCases.LinkAccountTest 
Time Stamp: 2016-08-09 14:33:44,909 
Code Location: automationFramework.TestCases.LinkAccountTest.tearDown(LinkAccountTest.java:317) 
Log Message: TearDown Complete 
 
Time in Milliseconds: 1927104 
Test Case: automationFramework.TestCases.LinkAccountTest 
Time Stamp: 2016-08-09 14:33:44,909 
Code Location: automationFramework.TestCases.LinkAccountTest.tearDown(LinkAccountTest.java:317) 
Log Message: TearDown Complete 
 
Time in Milliseconds: 1927104 
Test Case: automationFramework.TestCases.LinkAccountTest 
Time Stamp: 2016-08-09 14:33:44,909 
Code Location: automationFramework.TestCases.LinkAccountTest.tearDown(LinkAccountTest.java:317) 
Log Message: TearDown Complete 
 
Time in Milliseconds: 1927104 
Test Case: automationFramework.TestCases.LinkAccountTest 
Time Stamp: 2016-08-09 14:33:44,909 
Code Location: automationFramework.TestCases.LinkAccountTest.tearDown(LinkAccountTest.java:317) 
Log Message: TearDown Complete 
 
Time in Milliseconds: 1927104 
Test Case: automationFramework.TestCases.LinkAccountTest 
Time Stamp: 2016-08-09 14:33:44,909 
Code Location: automationFramework.TestCases.LinkAccountTest.tearDown(LinkAccountTest.java:317) 
Log Message: TearDown Complete 
 
Time in Milliseconds: 1927104 
Test Case: automationFramework.TestCases.LinkAccountTest 
Time Stamp: 2016-08-09 14:33:44,909 
Code Location: automationFramework.TestCases.LinkAccountTest.tearDown(LinkAccountTest.java:317) 
Log Message: TearDown Complete 
 
Time in Milliseconds: 1927104 
Test Case: automationFramework.TestCases.LinkAccountTest 
Time Stamp: 2016-08-09 14:33:44,909 
Code Location: automationFramework.TestCases.LinkAccountTest.tearDown(LinkAccountTest.java:317) 
Log Message: TearDown Complete 
 
Time in Milliseconds: 1927104 
Test Case: automationFramework.TestCases.LinkAccountTest 
Time Stamp: 2016-08-09 14:33:44,909 
Code Location: automationFramework.TestCases.LinkAccountTest.tearDown(LinkAccountTest.java:317) 
Log Message: TearDown Complete 
 
Time in Milliseconds: 1927104 
Test Case: automationFramework.TestCases.LinkAccountTest 
Time Stamp: 2016-08-09 14:33:44,909 
Code Location: automationFramework.TestCases.LinkAccountTest.tearDown(LinkAccountTest.java:317) 
Log Message: TearDown Complete 
 
Time in Milliseconds: 1927104 
Test Case: automationFramework.TestCases.LinkAccountTest 
Time Stamp: 2016-08-09 14:33:44,909 
Code Location: automationFramework.TestCases.LinkAccountTest.tearDown(LinkAccountTest.java:317) 
Log Message: TearDown Complete 
 
Time in Milliseconds: 1927104 
Test Case: automationFramework.TestCases.LinkAccountTest 
Time Stamp: 2016-08-09 14:33:44,909 
Code Location: automationFramework.TestCases.LinkAccountTest.tearDown(LinkAccountTest.java:317) 
Log Message: TearDown Complete 
 
Time in Milliseconds: 1927104 
Test Case: automationFramework.TestCases.LinkAccountTest 
Time Stamp: 2016-08-09 14:33:44,909 
Code Location: automationFramework.TestCases.LinkAccountTest.tearDown(LinkAccountTest.java:317) 
Log Message: TearDown Complete 
 
Time in Milliseconds: 1927104 
Test Case: automationFramework.TestCases.LinkAccountTest 
Time Stamp: 2016-08-09 14:33:44,909 
Code Location: automationFramework.TestCases.LinkAccountTest.tearDown(LinkAccountTest.java:317) 
Log Message: TearDown Complete 
 
Time in Milliseconds: 1927104 
Test Case: automationFramework.TestCases.LinkAccountTest 
Time Stamp: 2016-08-09 14:33:44,909 
Code Location: automationFramework.TestCases.LinkAccountTest.tearDown(LinkAccountTest.java:317) 
Log Message: TearDown Complete 
 
Time in Milliseconds: 1927104 
Test Case: automationFramework.TestCases.LinkAccountTest 
Time Stamp: 2016-08-09 14:33:44,909 
Code Location: automationFramework.TestCases.LinkAccountTest.tearDown(LinkAccountTest.java:317) 
Log Message: TearDown Complete 
 
Time in Milliseconds: 1927104 
Test Case: automationFramework.TestCases.LinkAccountTest 
Time Stamp: 2016-08-09 14:33:44,909 
Code Location: automationFramework.TestCases.LinkAccountTest.tearDown(LinkAccountTest.java:317) 
Log Message: TearDown Complete 
 
Time in Milliseconds: 1927104 
Test Case: automationFramework.TestCases.LinkAccountTest 
Time Stamp: 2016-08-09 14:33:44,909 
Code Location: automationFramework.TestCases.LinkAccountTest.tearDown(LinkAccountTest.java:317) 
Log Message: TearDown Complete 
 
Time in Milliseconds: 1927104 
Test Case: automationFramework.TestCases.LinkAccountTest 
Time Stamp: 2016-08-09 14:33:44,909 
Code Location: automationFramework.TestCases.LinkAccountTest.tearDown(LinkAccountTest.java:317) 
Log Message: TearDown Complete 
 
Time in Milliseconds: 1927104 
Test Case: automationFramework.TestCases.LinkAccountTest 
Time Stamp: 2016-08-09 14:33:44,909 
Code Location: automationFramework.TestCases.LinkAccountTest.tearDown(LinkAccountTest.java:317) 
Log Message: TearDown Complete 
 
Time in Milliseconds: 1927104 
Test Case: automationFramework.TestCases.LinkAccountTest 
Time Stamp: 2016-08-09 14:33:44,909 
Code Location: automationFramework.TestCases.LinkAccountTest.tearDown(LinkAccountTest.java:317) 
Log Message: TearDown Complete 
 
Time in Milliseconds: 1927104 
Test Case: automationFramework.TestCases.LinkAccountTest 
Time Stamp: 2016-08-09 14:33:44,909 
Code Location: automationFramework.TestCases.LinkAccountTest.tearDown(LinkAccountTest.java:317) 
Log Message: TearDown Complete 
 
Time in Milliseconds: 1927104 
Test Case: automationFramework.TestCases.LinkAccountTest 
Time Stamp: 2016-08-09 14:33:44,909 
Code Location: automationFramework.TestCases.LinkAccountTest.tearDown(LinkAccountTest.java:317) 
Log Message: TearDown Complete 
 
Time in Milliseconds: 1927104 
Test Case: automationFramework.TestCases.LinkAccountTest 
Time Stamp: 2016-08-09 14:33:44,909 
Code Location: automationFramework.TestCases.LinkAccountTest.tearDown(LinkAccountTest.java:317) 
Log Message: TearDown Complete 
 
Time in Milliseconds: 1927104 
Test Case: automationFramework.TestCases.LinkAccountTest 
Time Stamp: 2016-08-09 14:33:44,909 
Code Location: automationFramework.TestCases.LinkAccountTest.tearDown(LinkAccountTest.java:317) 
Log Message: TearDown Complete 
 
Time in Milliseconds: 1927104 
Test Case: automationFramework.TestCases.LinkAccountTest 
Time Stamp: 2016-08-09 14:33:44,909 
Code Location: automationFramework.TestCases.LinkAccountTest.tearDown(LinkAccountTest.java:317) 
Log Message: TearDown Complete 
 
Time in Milliseconds: 1927104 
Test Case: automationFramework.TestCases.LinkAccountTest 
Time Stamp: 2016-08-09 14:33:44,909 
Code Location: automationFramework.TestCases.LinkAccountTest.tearDown(LinkAccountTest.java:317) 
Log Message: TearDown Complete 
 
Time in Milliseconds: 1927104 
Test Case: automationFramework.TestCases.LinkAccountTest 
Time Stamp: 2016-08-09 14:33:44,909 
Code Location: automationFramework.TestCases.LinkAccountTest.tearDown(LinkAccountTest.java:317) 
Log Message: TearDown Complete 
 
Time in Milliseconds: 1927104 
Test Case: automationFramework.TestCases.LinkAccountTest 
Time Stamp: 2016-08-09 14:33:44,909 
Code Location: automationFramework.TestCases.LinkAccountTest.tearDown(LinkAccountTest.java:317) 
Log Message: TearDown Complete 
 
Time in Milliseconds: 1927104 
Test Case: automationFramework.TestCases.LinkAccountTest 
Time Stamp: 2016-08-09 14:33:44,909 
Code Location: automationFramework.TestCases.LinkAccountTest.tearDown(LinkAccountTest.java:317) 
Log Message: TearDown Complete 
 
2016-08-09 14:33:44,909 INFO  [Logger] TearDown Complete 
Time in Milliseconds: 1927491 
Test Case: automationFramework.TestCases.BalanceHistoryTest 
Time Stamp: 2016-08-09 14:33:45,296 
Code Location: automationFramework.TestCases.BalanceHistoryTest.setUp(BalanceHistoryTest.java:35) 
Log Message: Setup Started 
 
Time in Milliseconds: 1927491 
Test Case: automationFramework.TestCases.BalanceHistoryTest 
Time Stamp: 2016-08-09 14:33:45,296 
Code Location: automationFramework.TestCases.BalanceHistoryTest.setUp(BalanceHistoryTest.java:35) 
Log Message: Setup Started 
 
Time in Milliseconds: 1927491 
Test Case: automationFramework.TestCases.BalanceHistoryTest 
Time Stamp: 2016-08-09 14:33:45,296 
Code Location: automationFramework.TestCases.BalanceHistoryTest.setUp(BalanceHistoryTest.java:35) 
Log Message: Setup Started 
 
Time in Milliseconds: 1927491 
Test Case: automationFramework.TestCases.BalanceHistoryTest 
Time Stamp: 2016-08-09 14:33:45,296 
Code Location: automationFramework.TestCases.BalanceHistoryTest.setUp(BalanceHistoryTest.java:35) 
Log Message: Setup Started 
 
Time in Milliseconds: 1927491 
Test Case: automationFramework.TestCases.BalanceHistoryTest 
Time Stamp: 2016-08-09 14:33:45,296 
Code Location: automationFramework.TestCases.BalanceHistoryTest.setUp(BalanceHistoryTest.java:35) 
Log Message: Setup Started 
 
Time in Milliseconds: 1927491 
Test Case: automationFramework.TestCases.BalanceHistoryTest 
Time Stamp: 2016-08-09 14:33:45,296 
Code Location: automationFramework.TestCases.BalanceHistoryTest.setUp(BalanceHistoryTest.java:35) 
Log Message: Setup Started 
 
Time in Milliseconds: 1927491 
Test Case: automationFramework.TestCases.BalanceHistoryTest 
Time Stamp: 2016-08-09 14:33:45,296 
Code Location: automationFramework.TestCases.BalanceHistoryTest.setUp(BalanceHistoryTest.java:35) 
Log Message: Setup Started 
 
Time in Milliseconds: 1927491 
Test Case: automationFramework.TestCases.BalanceHistoryTest 
Time Stamp: 2016-08-09 14:33:45,296 
Code Location: automationFramework.TestCases.BalanceHistoryTest.setUp(BalanceHistoryTest.java:35) 
Log Message: Setup Started 
 
Time in Milliseconds: 1927491 
Test Case: automationFramework.TestCases.BalanceHistoryTest 
Time Stamp: 2016-08-09 14:33:45,296 
Code Location: automationFramework.TestCases.BalanceHistoryTest.setUp(BalanceHistoryTest.java:35) 
Log Message: Setup Started 
 
Time in Milliseconds: 1927491 
Test Case: automationFramework.TestCases.BalanceHistoryTest 
Time Stamp: 2016-08-09 14:33:45,296 
Code Location: automationFramework.TestCases.BalanceHistoryTest.setUp(BalanceHistoryTest.java:35) 
Log Message: Setup Started 
 
Time in Milliseconds: 1927491 
Test Case: automationFramework.TestCases.BalanceHistoryTest 
Time Stamp: 2016-08-09 14:33:45,296 
Code Location: automationFramework.TestCases.BalanceHistoryTest.setUp(BalanceHistoryTest.java:35) 
Log Message: Setup Started 
 
Time in Milliseconds: 1927491 
Test Case: automationFramework.TestCases.BalanceHistoryTest 
Time Stamp: 2016-08-09 14:33:45,296 
Code Location: automationFramework.TestCases.BalanceHistoryTest.setUp(BalanceHistoryTest.java:35) 
Log Message: Setup Started 
 
Time in Milliseconds: 1927491 
Test Case: automationFramework.TestCases.BalanceHistoryTest 
Time Stamp: 2016-08-09 14:33:45,296 
Code Location: automationFramework.TestCases.BalanceHistoryTest.setUp(BalanceHistoryTest.java:35) 
Log Message: Setup Started 
 
Time in Milliseconds: 1927491 
Test Case: automationFramework.TestCases.BalanceHistoryTest 
Time Stamp: 2016-08-09 14:33:45,296 
Code Location: automationFramework.TestCases.BalanceHistoryTest.setUp(BalanceHistoryTest.java:35) 
Log Message: Setup Started 
 
Time in Milliseconds: 1927491 
Test Case: automationFramework.TestCases.BalanceHistoryTest 
Time Stamp: 2016-08-09 14:33:45,296 
Code Location: automationFramework.TestCases.BalanceHistoryTest.setUp(BalanceHistoryTest.java:35) 
Log Message: Setup Started 
 
Time in Milliseconds: 1927491 
Test Case: automationFramework.TestCases.BalanceHistoryTest 
Time Stamp: 2016-08-09 14:33:45,296 
Code Location: automationFramework.TestCases.BalanceHistoryTest.setUp(BalanceHistoryTest.java:35) 
Log Message: Setup Started 
 
Time in Milliseconds: 1927491 
Test Case: automationFramework.TestCases.BalanceHistoryTest 
Time Stamp: 2016-08-09 14:33:45,296 
Code Location: automationFramework.TestCases.BalanceHistoryTest.setUp(BalanceHistoryTest.java:35) 
Log Message: Setup Started 
 
Time in Milliseconds: 1927491 
Test Case: automationFramework.TestCases.BalanceHistoryTest 
Time Stamp: 2016-08-09 14:33:45,296 
Code Location: automationFramework.TestCases.BalanceHistoryTest.setUp(BalanceHistoryTest.java:35) 
Log Message: Setup Started 
 
Time in Milliseconds: 1927491 
Test Case: automationFramework.TestCases.BalanceHistoryTest 
Time Stamp: 2016-08-09 14:33:45,296 
Code Location: automationFramework.TestCases.BalanceHistoryTest.setUp(BalanceHistoryTest.java:35) 
Log Message: Setup Started 
 
Time in Milliseconds: 1927491 
Test Case: automationFramework.TestCases.BalanceHistoryTest 
Time Stamp: 2016-08-09 14:33:45,296 
Code Location: automationFramework.TestCases.BalanceHistoryTest.setUp(BalanceHistoryTest.java:35) 
Log Message: Setup Started 
 
Time in Milliseconds: 1927491 
Test Case: automationFramework.TestCases.BalanceHistoryTest 
Time Stamp: 2016-08-09 14:33:45,296 
Code Location: automationFramework.TestCases.BalanceHistoryTest.setUp(BalanceHistoryTest.java:35) 
Log Message: Setup Started 
 
Time in Milliseconds: 1927491 
Test Case: automationFramework.TestCases.BalanceHistoryTest 
Time Stamp: 2016-08-09 14:33:45,296 
Code Location: automationFramework.TestCases.BalanceHistoryTest.setUp(BalanceHistoryTest.java:35) 
Log Message: Setup Started 
 
Time in Milliseconds: 1927491 
Test Case: automationFramework.TestCases.BalanceHistoryTest 
Time Stamp: 2016-08-09 14:33:45,296 
Code Location: automationFramework.TestCases.BalanceHistoryTest.setUp(BalanceHistoryTest.java:35) 
Log Message: Setup Started 
 
Time in Milliseconds: 1927491 
Test Case: automationFramework.TestCases.BalanceHistoryTest 
Time Stamp: 2016-08-09 14:33:45,296 
Code Location: automationFramework.TestCases.BalanceHistoryTest.setUp(BalanceHistoryTest.java:35) 
Log Message: Setup Started 
 
Time in Milliseconds: 1927491 
Test Case: automationFramework.TestCases.BalanceHistoryTest 
Time Stamp: 2016-08-09 14:33:45,296 
Code Location: automationFramework.TestCases.BalanceHistoryTest.setUp(BalanceHistoryTest.java:35) 
Log Message: Setup Started 
 
Time in Milliseconds: 1927491 
Test Case: automationFramework.TestCases.BalanceHistoryTest 
Time Stamp: 2016-08-09 14:33:45,296 
Code Location: automationFramework.TestCases.BalanceHistoryTest.setUp(BalanceHistoryTest.java:35) 
Log Message: Setup Started 
 
Time in Milliseconds: 1927491 
Test Case: automationFramework.TestCases.BalanceHistoryTest 
Time Stamp: 2016-08-09 14:33:45,296 
Code Location: automationFramework.TestCases.BalanceHistoryTest.setUp(BalanceHistoryTest.java:35) 
Log Message: Setup Started 
 
Time in Milliseconds: 1927491 
Test Case: automationFramework.TestCases.BalanceHistoryTest 
Time Stamp: 2016-08-09 14:33:45,296 
Code Location: automationFramework.TestCases.BalanceHistoryTest.setUp(BalanceHistoryTest.java:35) 
Log Message: Setup Started 
 
Time in Milliseconds: 1927491 
Test Case: automationFramework.TestCases.BalanceHistoryTest 
Time Stamp: 2016-08-09 14:33:45,296 
Code Location: automationFramework.TestCases.BalanceHistoryTest.setUp(BalanceHistoryTest.java:35) 
Log Message: Setup Started 
 
Time in Milliseconds: 1927491 
Test Case: automationFramework.TestCases.BalanceHistoryTest 
Time Stamp: 2016-08-09 14:33:45,296 
Code Location: automationFramework.TestCases.BalanceHistoryTest.setUp(BalanceHistoryTest.java:35) 
Log Message: Setup Started 
 
Time in Milliseconds: 1927491 
Test Case: automationFramework.TestCases.BalanceHistoryTest 
Time Stamp: 2016-08-09 14:33:45,296 
Code Location: automationFramework.TestCases.BalanceHistoryTest.setUp(BalanceHistoryTest.java:35) 
Log Message: Setup Started 
 
Time in Milliseconds: 1927491 
Test Case: automationFramework.TestCases.BalanceHistoryTest 
Time Stamp: 2016-08-09 14:33:45,296 
Code Location: automationFramework.TestCases.BalanceHistoryTest.setUp(BalanceHistoryTest.java:35) 
Log Message: Setup Started 
 
Time in Milliseconds: 1927491 
Test Case: automationFramework.TestCases.BalanceHistoryTest 
Time Stamp: 2016-08-09 14:33:45,296 
Code Location: automationFramework.TestCases.BalanceHistoryTest.setUp(BalanceHistoryTest.java:35) 
Log Message: Setup Started 
 
Time in Milliseconds: 1927491 
Test Case: automationFramework.TestCases.BalanceHistoryTest 
Time Stamp: 2016-08-09 14:33:45,296 
Code Location: automationFramework.TestCases.BalanceHistoryTest.setUp(BalanceHistoryTest.java:35) 
Log Message: Setup Started 
 
2016-08-09 14:33:45,296 INFO  [Logger] Setup Started 
Time in Milliseconds: 1927545 
Test Case: automationFramework.TestCases.BalanceHistoryTest 
Time Stamp: 2016-08-09 14:33:45,350 
Code Location: automationFramework.TestCases.BalanceHistoryTest.setUp(BalanceHistoryTest.java:36) 
Log Message: Current OS: Windows 7 Enterprise 
 
Time in Milliseconds: 1927545 
Test Case: automationFramework.TestCases.BalanceHistoryTest 
Time Stamp: 2016-08-09 14:33:45,350 
Code Location: automationFramework.TestCases.BalanceHistoryTest.setUp(BalanceHistoryTest.java:36) 
Log Message: Current OS: Windows 7 Enterprise 
 
Time in Milliseconds: 1927545 
Test Case: automationFramework.TestCases.BalanceHistoryTest 
Time Stamp: 2016-08-09 14:33:45,350 
Code Location: automationFramework.TestCases.BalanceHistoryTest.setUp(BalanceHistoryTest.java:36) 
Log Message: Current OS: Windows 7 Enterprise 
 
Time in Milliseconds: 1927545 
Test Case: automationFramework.TestCases.BalanceHistoryTest 
Time Stamp: 2016-08-09 14:33:45,350 
Code Location: automationFramework.TestCases.BalanceHistoryTest.setUp(BalanceHistoryTest.java:36) 
Log Message: Current OS: Windows 7 Enterprise 
 
Time in Milliseconds: 1927545 
Test Case: automationFramework.TestCases.BalanceHistoryTest 
Time Stamp: 2016-08-09 14:33:45,350 
Code Location: automationFramework.TestCases.BalanceHistoryTest.setUp(BalanceHistoryTest.java:36) 
Log Message: Current OS: Windows 7 Enterprise 
 
Time in Milliseconds: 1927545 
Test Case: automationFramework.TestCases.BalanceHistoryTest 
Time Stamp: 2016-08-09 14:33:45,350 
Code Location: automationFramework.TestCases.BalanceHistoryTest.setUp(BalanceHistoryTest.java:36) 
Log Message: Current OS: Windows 7 Enterprise 
 
Time in Milliseconds: 1927545 
Test Case: automationFramework.TestCases.BalanceHistoryTest 
Time Stamp: 2016-08-09 14:33:45,350 
Code Location: automationFramework.TestCases.BalanceHistoryTest.setUp(BalanceHistoryTest.java:36) 
Log Message: Current OS: Windows 7 Enterprise 
 
Time in Milliseconds: 1927545 
Test Case: automationFramework.TestCases.BalanceHistoryTest 
Time Stamp: 2016-08-09 14:33:45,350 
Code Location: automationFramework.TestCases.BalanceHistoryTest.setUp(BalanceHistoryTest.java:36) 
Log Message: Current OS: Windows 7 Enterprise 
 
Time in Milliseconds: 1927545 
Test Case: automationFramework.TestCases.BalanceHistoryTest 
Time Stamp: 2016-08-09 14:33:45,350 
Code Location: automationFramework.TestCases.BalanceHistoryTest.setUp(BalanceHistoryTest.java:36) 
Log Message: Current OS: Windows 7 Enterprise 
 
Time in Milliseconds: 1927545 
Test Case: automationFramework.TestCases.BalanceHistoryTest 
Time Stamp: 2016-08-09 14:33:45,350 
Code Location: automationFramework.TestCases.BalanceHistoryTest.setUp(BalanceHistoryTest.java:36) 
Log Message: Current OS: Windows 7 Enterprise 
 
Time in Milliseconds: 1927545 
Test Case: automationFramework.TestCases.BalanceHistoryTest 
Time Stamp: 2016-08-09 14:33:45,350 
Code Location: automationFramework.TestCases.BalanceHistoryTest.setUp(BalanceHistoryTest.java:36) 
Log Message: Current OS: Windows 7 Enterprise 
 
Time in Milliseconds: 1927545 
Test Case: automationFramework.TestCases.BalanceHistoryTest 
Time Stamp: 2016-08-09 14:33:45,350 
Code Location: automationFramework.TestCases.BalanceHistoryTest.setUp(BalanceHistoryTest.java:36) 
Log Message: Current OS: Windows 7 Enterprise 
 
Time in Milliseconds: 1927545 
Test Case: automationFramework.TestCases.BalanceHistoryTest 
Time Stamp: 2016-08-09 14:33:45,350 
Code Location: automationFramework.TestCases.BalanceHistoryTest.setUp(BalanceHistoryTest.java:36) 
Log Message: Current OS: Windows 7 Enterprise 
 
Time in Milliseconds: 1927545 
Test Case: automationFramework.TestCases.BalanceHistoryTest 
Time Stamp: 2016-08-09 14:33:45,350 
Code Location: automationFramework.TestCases.BalanceHistoryTest.setUp(BalanceHistoryTest.java:36) 
Log Message: Current OS: Windows 7 Enterprise 
 
Time in Milliseconds: 1927545 
Test Case: automationFramework.TestCases.BalanceHistoryTest 
Time Stamp: 2016-08-09 14:33:45,350 
Code Location: automationFramework.TestCases.BalanceHistoryTest.setUp(BalanceHistoryTest.java:36) 
Log Message: Current OS: Windows 7 Enterprise 
 
Time in Milliseconds: 1927545 
Test Case: automationFramework.TestCases.BalanceHistoryTest 
Time Stamp: 2016-08-09 14:33:45,350 
Code Location: automationFramework.TestCases.BalanceHistoryTest.setUp(BalanceHistoryTest.java:36) 
Log Message: Current OS: Windows 7 Enterprise 
 
Time in Milliseconds: 1927545 
Test Case: automationFramework.TestCases.BalanceHistoryTest 
Time Stamp: 2016-08-09 14:33:45,350 
Code Location: automationFramework.TestCases.BalanceHistoryTest.setUp(BalanceHistoryTest.java:36) 
Log Message: Current OS: Windows 7 Enterprise 
 
Time in Milliseconds: 1927545 
Test Case: automationFramework.TestCases.BalanceHistoryTest 
Time Stamp: 2016-08-09 14:33:45,350 
Code Location: automationFramework.TestCases.BalanceHistoryTest.setUp(BalanceHistoryTest.java:36) 
Log Message: Current OS: Windows 7 Enterprise 
 
Time in Milliseconds: 1927545 
Test Case: automationFramework.TestCases.BalanceHistoryTest 
Time Stamp: 2016-08-09 14:33:45,350 
Code Location: automationFramework.TestCases.BalanceHistoryTest.setUp(BalanceHistoryTest.java:36) 
Log Message: Current OS: Windows 7 Enterprise 
 
Time in Milliseconds: 1927545 
Test Case: automationFramework.TestCases.BalanceHistoryTest 
Time Stamp: 2016-08-09 14:33:45,350 
Code Location: automationFramework.TestCases.BalanceHistoryTest.setUp(BalanceHistoryTest.java:36) 
Log Message: Current OS: Windows 7 Enterprise 
 
Time in Milliseconds: 1927545 
Test Case: automationFramework.TestCases.BalanceHistoryTest 
Time Stamp: 2016-08-09 14:33:45,350 
Code Location: automationFramework.TestCases.BalanceHistoryTest.setUp(BalanceHistoryTest.java:36) 
Log Message: Current OS: Windows 7 Enterprise 
 
Time in Milliseconds: 1927545 
Test Case: automationFramework.TestCases.BalanceHistoryTest 
Time Stamp: 2016-08-09 14:33:45,350 
Code Location: automationFramework.TestCases.BalanceHistoryTest.setUp(BalanceHistoryTest.java:36) 
Log Message: Current OS: Windows 7 Enterprise 
 
Time in Milliseconds: 1927545 
Test Case: automationFramework.TestCases.BalanceHistoryTest 
Time Stamp: 2016-08-09 14:33:45,350 
Code Location: automationFramework.TestCases.BalanceHistoryTest.setUp(BalanceHistoryTest.java:36) 
Log Message: Current OS: Windows 7 Enterprise 
 
Time in Milliseconds: 1927545 
Test Case: automationFramework.TestCases.BalanceHistoryTest 
Time Stamp: 2016-08-09 14:33:45,350 
Code Location: automationFramework.TestCases.BalanceHistoryTest.setUp(BalanceHistoryTest.java:36) 
Log Message: Current OS: Windows 7 Enterprise 
 
Time in Milliseconds: 1927545 
Test Case: automationFramework.TestCases.BalanceHistoryTest 
Time Stamp: 2016-08-09 14:33:45,350 
Code Location: automationFramework.TestCases.BalanceHistoryTest.setUp(BalanceHistoryTest.java:36) 
Log Message: Current OS: Windows 7 Enterprise 
 
Time in Milliseconds: 1927545 
Test Case: automationFramework.TestCases.BalanceHistoryTest 
Time Stamp: 2016-08-09 14:33:45,350 
Code Location: automationFramework.TestCases.BalanceHistoryTest.setUp(BalanceHistoryTest.java:36) 
Log Message: Current OS: Windows 7 Enterprise 
 
Time in Milliseconds: 1927545 
Test Case: automationFramework.TestCases.BalanceHistoryTest 
Time Stamp: 2016-08-09 14:33:45,350 
Code Location: automationFramework.TestCases.BalanceHistoryTest.setUp(BalanceHistoryTest.java:36) 
Log Message: Current OS: Windows 7 Enterprise 
 
Time in Milliseconds: 1927545 
Test Case: automationFramework.TestCases.BalanceHistoryTest 
Time Stamp: 2016-08-09 14:33:45,350 
Code Location: automationFramework.TestCases.BalanceHistoryTest.setUp(BalanceHistoryTest.java:36) 
Log Message: Current OS: Windows 7 Enterprise 
 
Time in Milliseconds: 1927545 
Test Case: automationFramework.TestCases.BalanceHistoryTest 
Time Stamp: 2016-08-09 14:33:45,350 
Code Location: automationFramework.TestCases.BalanceHistoryTest.setUp(BalanceHistoryTest.java:36) 
Log Message: Current OS: Windows 7 Enterprise 
 
Time in Milliseconds: 1927545 
Test Case: automationFramework.TestCases.BalanceHistoryTest 
Time Stamp: 2016-08-09 14:33:45,350 
Code Location: automationFramework.TestCases.BalanceHistoryTest.setUp(BalanceHistoryTest.java:36) 
Log Message: Current OS: Windows 7 Enterprise 
 
Time in Milliseconds: 1927545 
Test Case: automationFramework.TestCases.BalanceHistoryTest 
Time Stamp: 2016-08-09 14:33:45,350 
Code Location: automationFramework.TestCases.BalanceHistoryTest.setUp(BalanceHistoryTest.java:36) 
Log Message: Current OS: Windows 7 Enterprise 
 
Time in Milliseconds: 1927545 
Test Case: automationFramework.TestCases.BalanceHistoryTest 
Time Stamp: 2016-08-09 14:33:45,350 
Code Location: automationFramework.TestCases.BalanceHistoryTest.setUp(BalanceHistoryTest.java:36) 
Log Message: Current OS: Windows 7 Enterprise 
 
Time in Milliseconds: 1927545 
Test Case: automationFramework.TestCases.BalanceHistoryTest 
Time Stamp: 2016-08-09 14:33:45,350 
Code Location: automationFramework.TestCases.BalanceHistoryTest.setUp(BalanceHistoryTest.java:36) 
Log Message: Current OS: Windows 7 Enterprise 
 
Time in Milliseconds: 1927545 
Test Case: automationFramework.TestCases.BalanceHistoryTest 
Time Stamp: 2016-08-09 14:33:45,350 
Code Location: automationFramework.TestCases.BalanceHistoryTest.setUp(BalanceHistoryTest.java:36) 
Log Message: Current OS: Windows 7 Enterprise 
 
2016-08-09 14:33:45,350 INFO  [Logger] Current OS: Windows 7 Enterprise 
Time in Milliseconds: 1927546 
Test Case: automationFramework.TestCases.BalanceHistoryTest 
Time Stamp: 2016-08-09 14:33:45,351 
Code Location: automationFramework.TestCases.BalanceHistoryTest.setUp(BalanceHistoryTest.java:37) 
Log Message: Current Browser: firefox.exe 
 
Time in Milliseconds: 1927546 
Test Case: automationFramework.TestCases.BalanceHistoryTest 
Time Stamp: 2016-08-09 14:33:45,351 
Code Location: automationFramework.TestCases.BalanceHistoryTest.setUp(BalanceHistoryTest.java:37) 
Log Message: Current Browser: firefox.exe 
 
Time in Milliseconds: 1927546 
Test Case: automationFramework.TestCases.BalanceHistoryTest 
Time Stamp: 2016-08-09 14:33:45,351 
Code Location: automationFramework.TestCases.BalanceHistoryTest.setUp(BalanceHistoryTest.java:37) 
Log Message: Current Browser: firefox.exe 
 
Time in Milliseconds: 1927546 
Test Case: automationFramework.TestCases.BalanceHistoryTest 
Time Stamp: 2016-08-09 14:33:45,351 
Code Location: automationFramework.TestCases.BalanceHistoryTest.setUp(BalanceHistoryTest.java:37) 
Log Message: Current Browser: firefox.exe 
 
Time in Milliseconds: 1927546 
Test Case: automationFramework.TestCases.BalanceHistoryTest 
Time Stamp: 2016-08-09 14:33:45,351 
Code Location: automationFramework.TestCases.BalanceHistoryTest.setUp(BalanceHistoryTest.java:37) 
Log Message: Current Browser: firefox.exe 
 
Time in Milliseconds: 1927546 
Test Case: automationFramework.TestCases.BalanceHistoryTest 
Time Stamp: 2016-08-09 14:33:45,351 
Code Location: automationFramework.TestCases.BalanceHistoryTest.setUp(BalanceHistoryTest.java:37) 
Log Message: Current Browser: firefox.exe 
 
Time in Milliseconds: 1927546 
Test Case: automationFramework.TestCases.BalanceHistoryTest 
Time Stamp: 2016-08-09 14:33:45,351 
Code Location: automationFramework.TestCases.BalanceHistoryTest.setUp(BalanceHistoryTest.java:37) 
Log Message: Current Browser: firefox.exe 
 
Time in Milliseconds: 1927546 
Test Case: automationFramework.TestCases.BalanceHistoryTest 
Time Stamp: 2016-08-09 14:33:45,351 
Code Location: automationFramework.TestCases.BalanceHistoryTest.setUp(BalanceHistoryTest.java:37) 
Log Message: Current Browser: firefox.exe 
 
Time in Milliseconds: 1927546 
Test Case: automationFramework.TestCases.BalanceHistoryTest 
Time Stamp: 2016-08-09 14:33:45,351 
Code Location: automationFramework.TestCases.BalanceHistoryTest.setUp(BalanceHistoryTest.java:37) 
Log Message: Current Browser: firefox.exe 
 
Time in Milliseconds: 1927546 
Test Case: automationFramework.TestCases.BalanceHistoryTest 
Time Stamp: 2016-08-09 14:33:45,351 
Code Location: automationFramework.TestCases.BalanceHistoryTest.setUp(BalanceHistoryTest.java:37) 
Log Message: Current Browser: firefox.exe 
 
Time in Milliseconds: 1927546 
Test Case: automationFramework.TestCases.BalanceHistoryTest 
Time Stamp: 2016-08-09 14:33:45,351 
Code Location: automationFramework.TestCases.BalanceHistoryTest.setUp(BalanceHistoryTest.java:37) 
Log Message: Current Browser: firefox.exe 
 
Time in Milliseconds: 1927546 
Test Case: automationFramework.TestCases.BalanceHistoryTest 
Time Stamp: 2016-08-09 14:33:45,351 
Code Location: automationFramework.TestCases.BalanceHistoryTest.setUp(BalanceHistoryTest.java:37) 
Log Message: Current Browser: firefox.exe 
 
Time in Milliseconds: 1927546 
Test Case: automationFramework.TestCases.BalanceHistoryTest 
Time Stamp: 2016-08-09 14:33:45,351 
Code Location: automationFramework.TestCases.BalanceHistoryTest.setUp(BalanceHistoryTest.java:37) 
Log Message: Current Browser: firefox.exe 
 
Time in Milliseconds: 1927546 
Test Case: automationFramework.TestCases.BalanceHistoryTest 
Time Stamp: 2016-08-09 14:33:45,351 
Code Location: automationFramework.TestCases.BalanceHistoryTest.setUp(BalanceHistoryTest.java:37) 
Log Message: Current Browser: firefox.exe 
 
Time in Milliseconds: 1927546 
Test Case: automationFramework.TestCases.BalanceHistoryTest 
Time Stamp: 2016-08-09 14:33:45,351 
Code Location: automationFramework.TestCases.BalanceHistoryTest.setUp(BalanceHistoryTest.java:37) 
Log Message: Current Browser: firefox.exe 
 
Time in Milliseconds: 1927546 
Test Case: automationFramework.TestCases.BalanceHistoryTest 
Time Stamp: 2016-08-09 14:33:45,351 
Code Location: automationFramework.TestCases.BalanceHistoryTest.setUp(BalanceHistoryTest.java:37) 
Log Message: Current Browser: firefox.exe 
 
Time in Milliseconds: 1927546 
Test Case: automationFramework.TestCases.BalanceHistoryTest 
Time Stamp: 2016-08-09 14:33:45,351 
Code Location: automationFramework.TestCases.BalanceHistoryTest.setUp(BalanceHistoryTest.java:37) 
Log Message: Current Browser: firefox.exe 
 
Time in Milliseconds: 1927546 
Test Case: automationFramework.TestCases.BalanceHistoryTest 
Time Stamp: 2016-08-09 14:33:45,351 
Code Location: automationFramework.TestCases.BalanceHistoryTest.setUp(BalanceHistoryTest.java:37) 
Log Message: Current Browser: firefox.exe 
 
Time in Milliseconds: 1927546 
Test Case: automationFramework.TestCases.BalanceHistoryTest 
Time Stamp: 2016-08-09 14:33:45,351 
Code Location: automationFramework.TestCases.BalanceHistoryTest.setUp(BalanceHistoryTest.java:37) 
Log Message: Current Browser: firefox.exe 
 
Time in Milliseconds: 1927546 
Test Case: automationFramework.TestCases.BalanceHistoryTest 
Time Stamp: 2016-08-09 14:33:45,351 
Code Location: automationFramework.TestCases.BalanceHistoryTest.setUp(BalanceHistoryTest.java:37) 
Log Message: Current Browser: firefox.exe 
 
Time in Milliseconds: 1927546 
Test Case: automationFramework.TestCases.BalanceHistoryTest 
Time Stamp: 2016-08-09 14:33:45,351 
Code Location: automationFramework.TestCases.BalanceHistoryTest.setUp(BalanceHistoryTest.java:37) 
Log Message: Current Browser: firefox.exe 
 
Time in Milliseconds: 1927546 
Test Case: automationFramework.TestCases.BalanceHistoryTest 
Time Stamp: 2016-08-09 14:33:45,351 
Code Location: automationFramework.TestCases.BalanceHistoryTest.setUp(BalanceHistoryTest.java:37) 
Log Message: Current Browser: firefox.exe 
 
Time in Milliseconds: 1927546 
Test Case: automationFramework.TestCases.BalanceHistoryTest 
Time Stamp: 2016-08-09 14:33:45,351 
Code Location: automationFramework.TestCases.BalanceHistoryTest.setUp(BalanceHistoryTest.java:37) 
Log Message: Current Browser: firefox.exe 
 
Time in Milliseconds: 1927546 
Test Case: automationFramework.TestCases.BalanceHistoryTest 
Time Stamp: 2016-08-09 14:33:45,351 
Code Location: automationFramework.TestCases.BalanceHistoryTest.setUp(BalanceHistoryTest.java:37) 
Log Message: Current Browser: firefox.exe 
 
Time in Milliseconds: 1927546 
Test Case: automationFramework.TestCases.BalanceHistoryTest 
Time Stamp: 2016-08-09 14:33:45,351 
Code Location: automationFramework.TestCases.BalanceHistoryTest.setUp(BalanceHistoryTest.java:37) 
Log Message: Current Browser: firefox.exe 
 
Time in Milliseconds: 1927546 
Test Case: automationFramework.TestCases.BalanceHistoryTest 
Time Stamp: 2016-08-09 14:33:45,351 
Code Location: automationFramework.TestCases.BalanceHistoryTest.setUp(BalanceHistoryTest.java:37) 
Log Message: Current Browser: firefox.exe 
 
Time in Milliseconds: 1927546 
Test Case: automationFramework.TestCases.BalanceHistoryTest 
Time Stamp: 2016-08-09 14:33:45,351 
Code Location: automationFramework.TestCases.BalanceHistoryTest.setUp(BalanceHistoryTest.java:37) 
Log Message: Current Browser: firefox.exe 
 
Time in Milliseconds: 1927546 
Test Case: automationFramework.TestCases.BalanceHistoryTest 
Time Stamp: 2016-08-09 14:33:45,351 
Code Location: automationFramework.TestCases.BalanceHistoryTest.setUp(BalanceHistoryTest.java:37) 
Log Message: Current Browser: firefox.exe 
 
Time in Milliseconds: 1927546 
Test Case: automationFramework.TestCases.BalanceHistoryTest 
Time Stamp: 2016-08-09 14:33:45,351 
Code Location: automationFramework.TestCases.BalanceHistoryTest.setUp(BalanceHistoryTest.java:37) 
Log Message: Current Browser: firefox.exe 
 
Time in Milliseconds: 1927546 
Test Case: automationFramework.TestCases.BalanceHistoryTest 
Time Stamp: 2016-08-09 14:33:45,351 
Code Location: automationFramework.TestCases.BalanceHistoryTest.setUp(BalanceHistoryTest.java:37) 
Log Message: Current Browser: firefox.exe 
 
Time in Milliseconds: 1927546 
Test Case: automationFramework.TestCases.BalanceHistoryTest 
Time Stamp: 2016-08-09 14:33:45,351 
Code Location: automationFramework.TestCases.BalanceHistoryTest.setUp(BalanceHistoryTest.java:37) 
Log Message: Current Browser: firefox.exe 
 
Time in Milliseconds: 1927546 
Test Case: automationFramework.TestCases.BalanceHistoryTest 
Time Stamp: 2016-08-09 14:33:45,351 
Code Location: automationFramework.TestCases.BalanceHistoryTest.setUp(BalanceHistoryTest.java:37) 
Log Message: Current Browser: firefox.exe 
 
Time in Milliseconds: 1927546 
Test Case: automationFramework.TestCases.BalanceHistoryTest 
Time Stamp: 2016-08-09 14:33:45,351 
Code Location: automationFramework.TestCases.BalanceHistoryTest.setUp(BalanceHistoryTest.java:37) 
Log Message: Current Browser: firefox.exe 
 
Time in Milliseconds: 1927546 
Test Case: automationFramework.TestCases.BalanceHistoryTest 
Time Stamp: 2016-08-09 14:33:45,351 
Code Location: automationFramework.TestCases.BalanceHistoryTest.setUp(BalanceHistoryTest.java:37) 
Log Message: Current Browser: firefox.exe 
 
2016-08-09 14:33:45,351 INFO  [Logger] Current Browser: firefox.exe 
Time in Milliseconds: 1940786 
Test Case: automationFramework.TestCases.BalanceHistoryTest 
Time Stamp: 2016-08-09 14:33:58,591 
Code Location: automationFramework.TestCases.BalanceHistoryTest.setUp(BalanceHistoryTest.java:40) 
Log Message: Setup Completed 
 
Time in Milliseconds: 1940786 
Test Case: automationFramework.TestCases.BalanceHistoryTest 
Time Stamp: 2016-08-09 14:33:58,591 
Code Location: automationFramework.TestCases.BalanceHistoryTest.setUp(BalanceHistoryTest.java:40) 
Log Message: Setup Completed 
 
Time in Milliseconds: 1940786 
Test Case: automationFramework.TestCases.BalanceHistoryTest 
Time Stamp: 2016-08-09 14:33:58,591 
Code Location: automationFramework.TestCases.BalanceHistoryTest.setUp(BalanceHistoryTest.java:40) 
Log Message: Setup Completed 
 
Time in Milliseconds: 1940786 
Test Case: automationFramework.TestCases.BalanceHistoryTest 
Time Stamp: 2016-08-09 14:33:58,591 
Code Location: automationFramework.TestCases.BalanceHistoryTest.setUp(BalanceHistoryTest.java:40) 
Log Message: Setup Completed 
 
Time in Milliseconds: 1940786 
Test Case: automationFramework.TestCases.BalanceHistoryTest 
Time Stamp: 2016-08-09 14:33:58,591 
Code Location: automationFramework.TestCases.BalanceHistoryTest.setUp(BalanceHistoryTest.java:40) 
Log Message: Setup Completed 
 
Time in Milliseconds: 1940786 
Test Case: automationFramework.TestCases.BalanceHistoryTest 
Time Stamp: 2016-08-09 14:33:58,591 
Code Location: automationFramework.TestCases.BalanceHistoryTest.setUp(BalanceHistoryTest.java:40) 
Log Message: Setup Completed 
 
Time in Milliseconds: 1940786 
Test Case: automationFramework.TestCases.BalanceHistoryTest 
Time Stamp: 2016-08-09 14:33:58,591 
Code Location: automationFramework.TestCases.BalanceHistoryTest.setUp(BalanceHistoryTest.java:40) 
Log Message: Setup Completed 
 
Time in Milliseconds: 1940786 
Test Case: automationFramework.TestCases.BalanceHistoryTest 
Time Stamp: 2016-08-09 14:33:58,591 
Code Location: automationFramework.TestCases.BalanceHistoryTest.setUp(BalanceHistoryTest.java:40) 
Log Message: Setup Completed 
 
Time in Milliseconds: 1940786 
Test Case: automationFramework.TestCases.BalanceHistoryTest 
Time Stamp: 2016-08-09 14:33:58,591 
Code Location: automationFramework.TestCases.BalanceHistoryTest.setUp(BalanceHistoryTest.java:40) 
Log Message: Setup Completed 
 
Time in Milliseconds: 1940786 
Test Case: automationFramework.TestCases.BalanceHistoryTest 
Time Stamp: 2016-08-09 14:33:58,591 
Code Location: automationFramework.TestCases.BalanceHistoryTest.setUp(BalanceHistoryTest.java:40) 
Log Message: Setup Completed 
 
Time in Milliseconds: 1940786 
Test Case: automationFramework.TestCases.BalanceHistoryTest 
Time Stamp: 2016-08-09 14:33:58,591 
Code Location: automationFramework.TestCases.BalanceHistoryTest.setUp(BalanceHistoryTest.java:40) 
Log Message: Setup Completed 
 
Time in Milliseconds: 1940786 
Test Case: automationFramework.TestCases.BalanceHistoryTest 
Time Stamp: 2016-08-09 14:33:58,591 
Code Location: automationFramework.TestCases.BalanceHistoryTest.setUp(BalanceHistoryTest.java:40) 
Log Message: Setup Completed 
 
Time in Milliseconds: 1940786 
Test Case: automationFramework.TestCases.BalanceHistoryTest 
Time Stamp: 2016-08-09 14:33:58,591 
Code Location: automationFramework.TestCases.BalanceHistoryTest.setUp(BalanceHistoryTest.java:40) 
Log Message: Setup Completed 
 
Time in Milliseconds: 1940786 
Test Case: automationFramework.TestCases.BalanceHistoryTest 
Time Stamp: 2016-08-09 14:33:58,591 
Code Location: automationFramework.TestCases.BalanceHistoryTest.setUp(BalanceHistoryTest.java:40) 
Log Message: Setup Completed 
 
Time in Milliseconds: 1940786 
Test Case: automationFramework.TestCases.BalanceHistoryTest 
Time Stamp: 2016-08-09 14:33:58,591 
Code Location: automationFramework.TestCases.BalanceHistoryTest.setUp(BalanceHistoryTest.java:40) 
Log Message: Setup Completed 
 
Time in Milliseconds: 1940786 
Test Case: automationFramework.TestCases.BalanceHistoryTest 
Time Stamp: 2016-08-09 14:33:58,591 
Code Location: automationFramework.TestCases.BalanceHistoryTest.setUp(BalanceHistoryTest.java:40) 
Log Message: Setup Completed 
 
Time in Milliseconds: 1940786 
Test Case: automationFramework.TestCases.BalanceHistoryTest 
Time Stamp: 2016-08-09 14:33:58,591 
Code Location: automationFramework.TestCases.BalanceHistoryTest.setUp(BalanceHistoryTest.java:40) 
Log Message: Setup Completed 
 
Time in Milliseconds: 1940786 
Test Case: automationFramework.TestCases.BalanceHistoryTest 
Time Stamp: 2016-08-09 14:33:58,591 
Code Location: automationFramework.TestCases.BalanceHistoryTest.setUp(BalanceHistoryTest.java:40) 
Log Message: Setup Completed 
 
Time in Milliseconds: 1940786 
Test Case: automationFramework.TestCases.BalanceHistoryTest 
Time Stamp: 2016-08-09 14:33:58,591 
Code Location: automationFramework.TestCases.BalanceHistoryTest.setUp(BalanceHistoryTest.java:40) 
Log Message: Setup Completed 
 
Time in Milliseconds: 1940786 
Test Case: automationFramework.TestCases.BalanceHistoryTest 
Time Stamp: 2016-08-09 14:33:58,591 
Code Location: automationFramework.TestCases.BalanceHistoryTest.setUp(BalanceHistoryTest.java:40) 
Log Message: Setup Completed 
 
Time in Milliseconds: 1940786 
Test Case: automationFramework.TestCases.BalanceHistoryTest 
Time Stamp: 2016-08-09 14:33:58,591 
Code Location: automationFramework.TestCases.BalanceHistoryTest.setUp(BalanceHistoryTest.java:40) 
Log Message: Setup Completed 
 
Time in Milliseconds: 1940786 
Test Case: automationFramework.TestCases.BalanceHistoryTest 
Time Stamp: 2016-08-09 14:33:58,591 
Code Location: automationFramework.TestCases.BalanceHistoryTest.setUp(BalanceHistoryTest.java:40) 
Log Message: Setup Completed 
 
Time in Milliseconds: 1940786 
Test Case: automationFramework.TestCases.BalanceHistoryTest 
Time Stamp: 2016-08-09 14:33:58,591 
Code Location: automationFramework.TestCases.BalanceHistoryTest.setUp(BalanceHistoryTest.java:40) 
Log Message: Setup Completed 
 
Time in Milliseconds: 1940786 
Test Case: automationFramework.TestCases.BalanceHistoryTest 
Time Stamp: 2016-08-09 14:33:58,591 
Code Location: automationFramework.TestCases.BalanceHistoryTest.setUp(BalanceHistoryTest.java:40) 
Log Message: Setup Completed 
 
Time in Milliseconds: 1940786 
Test Case: automationFramework.TestCases.BalanceHistoryTest 
Time Stamp: 2016-08-09 14:33:58,591 
Code Location: automationFramework.TestCases.BalanceHistoryTest.setUp(BalanceHistoryTest.java:40) 
Log Message: Setup Completed 
 
Time in Milliseconds: 1940786 
Test Case: automationFramework.TestCases.BalanceHistoryTest 
Time Stamp: 2016-08-09 14:33:58,591 
Code Location: automationFramework.TestCases.BalanceHistoryTest.setUp(BalanceHistoryTest.java:40) 
Log Message: Setup Completed 
 
Time in Milliseconds: 1940786 
Test Case: automationFramework.TestCases.BalanceHistoryTest 
Time Stamp: 2016-08-09 14:33:58,591 
Code Location: automationFramework.TestCases.BalanceHistoryTest.setUp(BalanceHistoryTest.java:40) 
Log Message: Setup Completed 
 
Time in Milliseconds: 1940786 
Test Case: automationFramework.TestCases.BalanceHistoryTest 
Time Stamp: 2016-08-09 14:33:58,591 
Code Location: automationFramework.TestCases.BalanceHistoryTest.setUp(BalanceHistoryTest.java:40) 
Log Message: Setup Completed 
 
Time in Milliseconds: 1940786 
Test Case: automationFramework.TestCases.BalanceHistoryTest 
Time Stamp: 2016-08-09 14:33:58,591 
Code Location: automationFramework.TestCases.BalanceHistoryTest.setUp(BalanceHistoryTest.java:40) 
Log Message: Setup Completed 
 
Time in Milliseconds: 1940786 
Test Case: automationFramework.TestCases.BalanceHistoryTest 
Time Stamp: 2016-08-09 14:33:58,591 
Code Location: automationFramework.TestCases.BalanceHistoryTest.setUp(BalanceHistoryTest.java:40) 
Log Message: Setup Completed 
 
Time in Milliseconds: 1940786 
Test Case: automationFramework.TestCases.BalanceHistoryTest 
Time Stamp: 2016-08-09 14:33:58,591 
Code Location: automationFramework.TestCases.BalanceHistoryTest.setUp(BalanceHistoryTest.java:40) 
Log Message: Setup Completed 
 
Time in Milliseconds: 1940786 
Test Case: automationFramework.TestCases.BalanceHistoryTest 
Time Stamp: 2016-08-09 14:33:58,591 
Code Location: automationFramework.TestCases.BalanceHistoryTest.setUp(BalanceHistoryTest.java:40) 
Log Message: Setup Completed 
 
Time in Milliseconds: 1940786 
Test Case: automationFramework.TestCases.BalanceHistoryTest 
Time Stamp: 2016-08-09 14:33:58,591 
Code Location: automationFramework.TestCases.BalanceHistoryTest.setUp(BalanceHistoryTest.java:40) 
Log Message: Setup Completed 
 
Time in Milliseconds: 1940786 
Test Case: automationFramework.TestCases.BalanceHistoryTest 
Time Stamp: 2016-08-09 14:33:58,591 
Code Location: automationFramework.TestCases.BalanceHistoryTest.setUp(BalanceHistoryTest.java:40) 
Log Message: Setup Completed 
 
2016-08-09 14:33:58,591 INFO  [Logger] Setup Completed 
</system-out>
  </testcase>
  <testcase classname="automationFramework.TestCases.BalanceHistoryTest" name="checkBalanceHistoryDetail" time="100.514">
    <failure message="Unable to locate element: {&quot;method&quot;:&quot;xpath&quot;,&quot;selector&quot;:&quot;//*[@id=&apos;balanceHistory_list_tbl&apos;]/div/div[1]/table/tbody/tr[1]/td[2]/span/span&quot;}
Command duration or timeout: 60.07 seconds
For documentation on this error, please visit: http://seleniumhq.org/exceptions/no_such_element.html
Build info: version: &apos;2.45.0&apos;, revision: &apos;5017cb8e7ca8e37638dc3091b2440b90a1d8686f&apos;, time: &apos;2015-02-27 09:10:26&apos;
System info: host: &apos;NACTS-081729&apos;, ip: &apos;172.28.0.111&apos;, os.name: &apos;Windows 7&apos;, os.arch: &apos;amd64&apos;, os.version: &apos;6.1&apos;, java.version: &apos;1.8.0_77&apos;
Driver info: org.openqa.selenium.firefox.FirefoxDriver
Capabilities [{applicationCacheEnabled=false, rotatable=false, handlesAlerts=true, databaseEnabled=true, version=32.0, platform=WINDOWS, nativeEvents=false, acceptSslCerts=true, webStorageEnabled=true, locationContextEnabled=true, browserName=firefox, takesScreenshot=true, javascriptEnabled=true, cssSelectorsEnabled=true}]
Session ID: 546ace65-9ba1-44d8-8fc0-debd2e9b6d1c
*** Element info: {Using=xpath, value=//*[@id=&apos;balanceHistory_list_tbl&apos;]/div/div[1]/table/tbody/tr[1]/td[2]/span/span}" type="org.openqa.selenium.NoSuchElementException">org.openqa.selenium.NoSuchElementException: Unable to locate element: {&quot;method&quot;:&quot;xpath&quot;,&quot;selector&quot;:&quot;//*[@id=&apos;balanceHistory_list_tbl&apos;]/div/div[1]/table/tbody/tr[1]/td[2]/span/span&quot;}
Command duration or timeout: 60.07 seconds
For documentation on this error, please visit: http://seleniumhq.org/exceptions/no_such_element.html
Build info: version: &apos;2.45.0&apos;, revision: &apos;5017cb8e7ca8e37638dc3091b2440b90a1d8686f&apos;, time: &apos;2015-02-27 09:10:26&apos;
System info: host: &apos;NACTS-081729&apos;, ip: &apos;172.28.0.111&apos;, os.name: &apos;Windows 7&apos;, os.arch: &apos;amd64&apos;, os.version: &apos;6.1&apos;, java.version: &apos;1.8.0_77&apos;
Driver info: org.openqa.selenium.firefox.FirefoxDriver
Capabilities [{applicationCacheEnabled=false, rotatable=false, handlesAlerts=true, databaseEnabled=true, version=32.0, platform=WINDOWS, nativeEvents=false, acceptSslCerts=true, webStorageEnabled=true, locationContextEnabled=true, browserName=firefox, takesScreenshot=true, javascriptEnabled=true, cssSelectorsEnabled=true}]
Session ID: 546ace65-9ba1-44d8-8fc0-debd2e9b6d1c
*** Element info: {Using=xpath, value=//*[@id=&apos;balanceHistory_list_tbl&apos;]/div/div[1]/table/tbody/tr[1]/td[2]/span/span}
	at sun.reflect.NativeConstructorAccessorImpl.newInstance0(Native Method)
	at sun.reflect.NativeConstructorAccessorImpl.newInstance(Unknown Source)
	at sun.reflect.DelegatingConstructorAccessorImpl.newInstance(Unknown Source)
	at java.lang.reflect.Constructor.newInstance(Unknown Source)
	at org.openqa.selenium.remote.ErrorHandler.createThrowable(ErrorHandler.java:204)
	at org.openqa.selenium.remote.ErrorHandler.throwIfResponseFailed(ErrorHandler.java:156)
	at org.openqa.selenium.remote.RemoteWebDriver.execute(RemoteWebDriver.java:599)
	at org.openqa.selenium.remote.RemoteWebDriver.findElement(RemoteWebDriver.java:352)
	at org.openqa.selenium.remote.RemoteWebDriver.findElementByXPath(RemoteWebDriver.java:449)
	at org.openqa.selenium.By$ByXPath.findElement(By.java:357)
	at org.openqa.selenium.remote.RemoteWebDriver.findElement(RemoteWebDriver.java:344)
	at automationFramework.PageObjects.BalanceHistoryPage.clickFirstRecord(BalanceHistoryPage.java:55)
	at automationFramework.TestCases.BalanceHistoryTest.checkBalanceHistoryDetail(BalanceHistoryTest.java:81)
Caused by: org.openqa.selenium.NoSuchElementException: Unable to locate element: {&quot;method&quot;:&quot;xpath&quot;,&quot;selector&quot;:&quot;//*[@id=&apos;balanceHistory_list_tbl&apos;]/div/div[1]/table/tbody/tr[1]/td[2]/span/span&quot;}
For documentation on this error, please visit: http://seleniumhq.org/exceptions/no_such_element.html
Build info: version: &apos;2.45.0&apos;, revision: &apos;5017cb8e7ca8e37638dc3091b2440b90a1d8686f&apos;, time: &apos;2015-02-27 09:10:26&apos;
System info: host: &apos;NACTS-081729&apos;, ip: &apos;172.28.0.111&apos;, os.name: &apos;Windows 7&apos;, os.arch: &apos;amd64&apos;, os.version: &apos;6.1&apos;, java.version: &apos;1.8.0_77&apos;
Driver info: driver.version: unknown
	at &lt;anonymous class&gt;.FirefoxDriver.prototype.findElementInternal_(file:///C:/Users/200123/AppData/Local/Temp/anonymous7308910939345875675webdriver-profile/extensions/fxdriver@googlecode.com/components/driver-component.js:10271)
	at &lt;anonymous class&gt;.fxdriver.Timer.prototype.setTimeout/&lt;.notify(file:///C:/Users/200123/AppData/Local/Temp/anonymous7308910939345875675webdriver-profile/extensions/fxdriver@googlecode.com/components/driver-component.js:603)
</failure>
    <system-out>Time in Milliseconds: 2038321 
Test Case: automationFramework.TestCases.BalanceHistoryTest 
Time Stamp: 2016-08-09 14:35:36,126 
Code Location: automationFramework.TestCases.BalanceHistoryTest.tearDown(BalanceHistoryTest.java:109) 
Log Message: TearDown Complete 
 
Time in Milliseconds: 2038321 
Test Case: automationFramework.TestCases.BalanceHistoryTest 
Time Stamp: 2016-08-09 14:35:36,126 
Code Location: automationFramework.TestCases.BalanceHistoryTest.tearDown(BalanceHistoryTest.java:109) 
Log Message: TearDown Complete 
 
Time in Milliseconds: 2038321 
Test Case: automationFramework.TestCases.BalanceHistoryTest 
Time Stamp: 2016-08-09 14:35:36,126 
Code Location: automationFramework.TestCases.BalanceHistoryTest.tearDown(BalanceHistoryTest.java:109) 
Log Message: TearDown Complete 
 
Time in Milliseconds: 2038321 
Test Case: automationFramework.TestCases.BalanceHistoryTest 
Time Stamp: 2016-08-09 14:35:36,126 
Code Location: automationFramework.TestCases.BalanceHistoryTest.tearDown(BalanceHistoryTest.java:109) 
Log Message: TearDown Complete 
 
Time in Milliseconds: 2038321 
Test Case: automationFramework.TestCases.BalanceHistoryTest 
Time Stamp: 2016-08-09 14:35:36,126 
Code Location: automationFramework.TestCases.BalanceHistoryTest.tearDown(BalanceHistoryTest.java:109) 
Log Message: TearDown Complete 
 
Time in Milliseconds: 2038321 
Test Case: automationFramework.TestCases.BalanceHistoryTest 
Time Stamp: 2016-08-09 14:35:36,126 
Code Location: automationFramework.TestCases.BalanceHistoryTest.tearDown(BalanceHistoryTest.java:109) 
Log Message: TearDown Complete 
 
Time in Milliseconds: 2038321 
Test Case: automationFramework.TestCases.BalanceHistoryTest 
Time Stamp: 2016-08-09 14:35:36,126 
Code Location: automationFramework.TestCases.BalanceHistoryTest.tearDown(BalanceHistoryTest.java:109) 
Log Message: TearDown Complete 
 
Time in Milliseconds: 2038321 
Test Case: automationFramework.TestCases.BalanceHistoryTest 
Time Stamp: 2016-08-09 14:35:36,126 
Code Location: automationFramework.TestCases.BalanceHistoryTest.tearDown(BalanceHistoryTest.java:109) 
Log Message: TearDown Complete 
 
Time in Milliseconds: 2038321 
Test Case: automationFramework.TestCases.BalanceHistoryTest 
Time Stamp: 2016-08-09 14:35:36,126 
Code Location: automationFramework.TestCases.BalanceHistoryTest.tearDown(BalanceHistoryTest.java:109) 
Log Message: TearDown Complete 
 
Time in Milliseconds: 2038321 
Test Case: automationFramework.TestCases.BalanceHistoryTest 
Time Stamp: 2016-08-09 14:35:36,126 
Code Location: automationFramework.TestCases.BalanceHistoryTest.tearDown(BalanceHistoryTest.java:109) 
Log Message: TearDown Complete 
 
Time in Milliseconds: 2038321 
Test Case: automationFramework.TestCases.BalanceHistoryTest 
Time Stamp: 2016-08-09 14:35:36,126 
Code Location: automationFramework.TestCases.BalanceHistoryTest.tearDown(BalanceHistoryTest.java:109) 
Log Message: TearDown Complete 
 
Time in Milliseconds: 2038321 
Test Case: automationFramework.TestCases.BalanceHistoryTest 
Time Stamp: 2016-08-09 14:35:36,126 
Code Location: automationFramework.TestCases.BalanceHistoryTest.tearDown(BalanceHistoryTest.java:109) 
Log Message: TearDown Complete 
 
Time in Milliseconds: 2038321 
Test Case: automationFramework.TestCases.BalanceHistoryTest 
Time Stamp: 2016-08-09 14:35:36,126 
Code Location: automationFramework.TestCases.BalanceHistoryTest.tearDown(BalanceHistoryTest.java:109) 
Log Message: TearDown Complete 
 
Time in Milliseconds: 2038321 
Test Case: automationFramework.TestCases.BalanceHistoryTest 
Time Stamp: 2016-08-09 14:35:36,126 
Code Location: automationFramework.TestCases.BalanceHistoryTest.tearDown(BalanceHistoryTest.java:109) 
Log Message: TearDown Complete 
 
Time in Milliseconds: 2038321 
Test Case: automationFramework.TestCases.BalanceHistoryTest 
Time Stamp: 2016-08-09 14:35:36,126 
Code Location: automationFramework.TestCases.BalanceHistoryTest.tearDown(BalanceHistoryTest.java:109) 
Log Message: TearDown Complete 
 
Time in Milliseconds: 2038321 
Test Case: automationFramework.TestCases.BalanceHistoryTest 
Time Stamp: 2016-08-09 14:35:36,126 
Code Location: automationFramework.TestCases.BalanceHistoryTest.tearDown(BalanceHistoryTest.java:109) 
Log Message: TearDown Complete 
 
Time in Milliseconds: 2038321 
Test Case: automationFramework.TestCases.BalanceHistoryTest 
Time Stamp: 2016-08-09 14:35:36,126 
Code Location: automationFramework.TestCases.BalanceHistoryTest.tearDown(BalanceHistoryTest.java:109) 
Log Message: TearDown Complete 
 
Time in Milliseconds: 2038321 
Test Case: automationFramework.TestCases.BalanceHistoryTest 
Time Stamp: 2016-08-09 14:35:36,126 
Code Location: automationFramework.TestCases.BalanceHistoryTest.tearDown(BalanceHistoryTest.java:109) 
Log Message: TearDown Complete 
 
Time in Milliseconds: 2038321 
Test Case: automationFramework.TestCases.BalanceHistoryTest 
Time Stamp: 2016-08-09 14:35:36,126 
Code Location: automationFramework.TestCases.BalanceHistoryTest.tearDown(BalanceHistoryTest.java:109) 
Log Message: TearDown Complete 
 
Time in Milliseconds: 2038321 
Test Case: automationFramework.TestCases.BalanceHistoryTest 
Time Stamp: 2016-08-09 14:35:36,126 
Code Location: automationFramework.TestCases.BalanceHistoryTest.tearDown(BalanceHistoryTest.java:109) 
Log Message: TearDown Complete 
 
Time in Milliseconds: 2038321 
Test Case: automationFramework.TestCases.BalanceHistoryTest 
Time Stamp: 2016-08-09 14:35:36,126 
Code Location: automationFramework.TestCases.BalanceHistoryTest.tearDown(BalanceHistoryTest.java:109) 
Log Message: TearDown Complete 
 
Time in Milliseconds: 2038321 
Test Case: automationFramework.TestCases.BalanceHistoryTest 
Time Stamp: 2016-08-09 14:35:36,126 
Code Location: automationFramework.TestCases.BalanceHistoryTest.tearDown(BalanceHistoryTest.java:109) 
Log Message: TearDown Complete 
 
Time in Milliseconds: 2038321 
Test Case: automationFramework.TestCases.BalanceHistoryTest 
Time Stamp: 2016-08-09 14:35:36,126 
Code Location: automationFramework.TestCases.BalanceHistoryTest.tearDown(BalanceHistoryTest.java:109) 
Log Message: TearDown Complete 
 
Time in Milliseconds: 2038321 
Test Case: automationFramework.TestCases.BalanceHistoryTest 
Time Stamp: 2016-08-09 14:35:36,126 
Code Location: automationFramework.TestCases.BalanceHistoryTest.tearDown(BalanceHistoryTest.java:109) 
Log Message: TearDown Complete 
 
Time in Milliseconds: 2038321 
Test Case: automationFramework.TestCases.BalanceHistoryTest 
Time Stamp: 2016-08-09 14:35:36,126 
Code Location: automationFramework.TestCases.BalanceHistoryTest.tearDown(BalanceHistoryTest.java:109) 
Log Message: TearDown Complete 
 
Time in Milliseconds: 2038321 
Test Case: automationFramework.TestCases.BalanceHistoryTest 
Time Stamp: 2016-08-09 14:35:36,126 
Code Location: automationFramework.TestCases.BalanceHistoryTest.tearDown(BalanceHistoryTest.java:109) 
Log Message: TearDown Complete 
 
Time in Milliseconds: 2038321 
Test Case: automationFramework.TestCases.BalanceHistoryTest 
Time Stamp: 2016-08-09 14:35:36,126 
Code Location: automationFramework.TestCases.BalanceHistoryTest.tearDown(BalanceHistoryTest.java:109) 
Log Message: TearDown Complete 
 
Time in Milliseconds: 2038321 
Test Case: automationFramework.TestCases.BalanceHistoryTest 
Time Stamp: 2016-08-09 14:35:36,126 
Code Location: automationFramework.TestCases.BalanceHistoryTest.tearDown(BalanceHistoryTest.java:109) 
Log Message: TearDown Complete 
 
Time in Milliseconds: 2038321 
Test Case: automationFramework.TestCases.BalanceHistoryTest 
Time Stamp: 2016-08-09 14:35:36,126 
Code Location: automationFramework.TestCases.BalanceHistoryTest.tearDown(BalanceHistoryTest.java:109) 
Log Message: TearDown Complete 
 
Time in Milliseconds: 2038321 
Test Case: automationFramework.TestCases.BalanceHistoryTest 
Time Stamp: 2016-08-09 14:35:36,126 
Code Location: automationFramework.TestCases.BalanceHistoryTest.tearDown(BalanceHistoryTest.java:109) 
Log Message: TearDown Complete 
 
Time in Milliseconds: 2038321 
Test Case: automationFramework.TestCases.BalanceHistoryTest 
Time Stamp: 2016-08-09 14:35:36,126 
Code Location: automationFramework.TestCases.BalanceHistoryTest.tearDown(BalanceHistoryTest.java:109) 
Log Message: TearDown Complete 
 
Time in Milliseconds: 2038321 
Test Case: automationFramework.TestCases.BalanceHistoryTest 
Time Stamp: 2016-08-09 14:35:36,126 
Code Location: automationFramework.TestCases.BalanceHistoryTest.tearDown(BalanceHistoryTest.java:109) 
Log Message: TearDown Complete 
 
Time in Milliseconds: 2038321 
Test Case: automationFramework.TestCases.BalanceHistoryTest 
Time Stamp: 2016-08-09 14:35:36,126 
Code Location: automationFramework.TestCases.BalanceHistoryTest.tearDown(BalanceHistoryTest.java:109) 
Log Message: TearDown Complete 
 
Time in Milliseconds: 2038321 
Test Case: automationFramework.TestCases.BalanceHistoryTest 
Time Stamp: 2016-08-09 14:35:36,126 
Code Location: automationFramework.TestCases.BalanceHistoryTest.tearDown(BalanceHistoryTest.java:109) 
Log Message: TearDown Complete 
 
2016-08-09 14:35:36,126 INFO  [Logger] TearDown Complete 
Time in Milliseconds: 2039051 
Test Case: automationFramework.TestCases.BalanceHistoryTest 
Time Stamp: 2016-08-09 14:35:36,856 
Code Location: automationFramework.TestCases.BalanceHistoryTest.setUp(BalanceHistoryTest.java:35) 
Log Message: Setup Started 
 
Time in Milliseconds: 2039051 
Test Case: automationFramework.TestCases.BalanceHistoryTest 
Time Stamp: 2016-08-09 14:35:36,856 
Code Location: automationFramework.TestCases.BalanceHistoryTest.setUp(BalanceHistoryTest.java:35) 
Log Message: Setup Started 
 
Time in Milliseconds: 2039051 
Test Case: automationFramework.TestCases.BalanceHistoryTest 
Time Stamp: 2016-08-09 14:35:36,856 
Code Location: automationFramework.TestCases.BalanceHistoryTest.setUp(BalanceHistoryTest.java:35) 
Log Message: Setup Started 
 
Time in Milliseconds: 2039051 
Test Case: automationFramework.TestCases.BalanceHistoryTest 
Time Stamp: 2016-08-09 14:35:36,856 
Code Location: automationFramework.TestCases.BalanceHistoryTest.setUp(BalanceHistoryTest.java:35) 
Log Message: Setup Started 
 
Time in Milliseconds: 2039051 
Test Case: automationFramework.TestCases.BalanceHistoryTest 
Time Stamp: 2016-08-09 14:35:36,856 
Code Location: automationFramework.TestCases.BalanceHistoryTest.setUp(BalanceHistoryTest.java:35) 
Log Message: Setup Started 
 
Time in Milliseconds: 2039051 
Test Case: automationFramework.TestCases.BalanceHistoryTest 
Time Stamp: 2016-08-09 14:35:36,856 
Code Location: automationFramework.TestCases.BalanceHistoryTest.setUp(BalanceHistoryTest.java:35) 
Log Message: Setup Started 
 
Time in Milliseconds: 2039051 
Test Case: automationFramework.TestCases.BalanceHistoryTest 
Time Stamp: 2016-08-09 14:35:36,856 
Code Location: automationFramework.TestCases.BalanceHistoryTest.setUp(BalanceHistoryTest.java:35) 
Log Message: Setup Started 
 
Time in Milliseconds: 2039051 
Test Case: automationFramework.TestCases.BalanceHistoryTest 
Time Stamp: 2016-08-09 14:35:36,856 
Code Location: automationFramework.TestCases.BalanceHistoryTest.setUp(BalanceHistoryTest.java:35) 
Log Message: Setup Started 
 
Time in Milliseconds: 2039051 
Test Case: automationFramework.TestCases.BalanceHistoryTest 
Time Stamp: 2016-08-09 14:35:36,856 
Code Location: automationFramework.TestCases.BalanceHistoryTest.setUp(BalanceHistoryTest.java:35) 
Log Message: Setup Started 
 
Time in Milliseconds: 2039051 
Test Case: automationFramework.TestCases.BalanceHistoryTest 
Time Stamp: 2016-08-09 14:35:36,856 
Code Location: automationFramework.TestCases.BalanceHistoryTest.setUp(BalanceHistoryTest.java:35) 
Log Message: Setup Started 
 
Time in Milliseconds: 2039051 
Test Case: automationFramework.TestCases.BalanceHistoryTest 
Time Stamp: 2016-08-09 14:35:36,856 
Code Location: automationFramework.TestCases.BalanceHistoryTest.setUp(BalanceHistoryTest.java:35) 
Log Message: Setup Started 
 
Time in Milliseconds: 2039051 
Test Case: automationFramework.TestCases.BalanceHistoryTest 
Time Stamp: 2016-08-09 14:35:36,856 
Code Location: automationFramework.TestCases.BalanceHistoryTest.setUp(BalanceHistoryTest.java:35) 
Log Message: Setup Started 
 
Time in Milliseconds: 2039051 
Test Case: automationFramework.TestCases.BalanceHistoryTest 
Time Stamp: 2016-08-09 14:35:36,856 
Code Location: automationFramework.TestCases.BalanceHistoryTest.setUp(BalanceHistoryTest.java:35) 
Log Message: Setup Started 
 
Time in Milliseconds: 2039051 
Test Case: automationFramework.TestCases.BalanceHistoryTest 
Time Stamp: 2016-08-09 14:35:36,856 
Code Location: automationFramework.TestCases.BalanceHistoryTest.setUp(BalanceHistoryTest.java:35) 
Log Message: Setup Started 
 
Time in Milliseconds: 2039051 
Test Case: automationFramework.TestCases.BalanceHistoryTest 
Time Stamp: 2016-08-09 14:35:36,856 
Code Location: automationFramework.TestCases.BalanceHistoryTest.setUp(BalanceHistoryTest.java:35) 
Log Message: Setup Started 
 
Time in Milliseconds: 2039051 
Test Case: automationFramework.TestCases.BalanceHistoryTest 
Time Stamp: 2016-08-09 14:35:36,856 
Code Location: automationFramework.TestCases.BalanceHistoryTest.setUp(BalanceHistoryTest.java:35) 
Log Message: Setup Started 
 
Time in Milliseconds: 2039051 
Test Case: automationFramework.TestCases.BalanceHistoryTest 
Time Stamp: 2016-08-09 14:35:36,856 
Code Location: automationFramework.TestCases.BalanceHistoryTest.setUp(BalanceHistoryTest.java:35) 
Log Message: Setup Started 
 
Time in Milliseconds: 2039051 
Test Case: automationFramework.TestCases.BalanceHistoryTest 
Time Stamp: 2016-08-09 14:35:36,856 
Code Location: automationFramework.TestCases.BalanceHistoryTest.setUp(BalanceHistoryTest.java:35) 
Log Message: Setup Started 
 
Time in Milliseconds: 2039051 
Test Case: automationFramework.TestCases.BalanceHistoryTest 
Time Stamp: 2016-08-09 14:35:36,856 
Code Location: automationFramework.TestCases.BalanceHistoryTest.setUp(BalanceHistoryTest.java:35) 
Log Message: Setup Started 
 
Time in Milliseconds: 2039051 
Test Case: automationFramework.TestCases.BalanceHistoryTest 
Time Stamp: 2016-08-09 14:35:36,856 
Code Location: automationFramework.TestCases.BalanceHistoryTest.setUp(BalanceHistoryTest.java:35) 
Log Message: Setup Started 
 
Time in Milliseconds: 2039051 
Test Case: automationFramework.TestCases.BalanceHistoryTest 
Time Stamp: 2016-08-09 14:35:36,856 
Code Location: automationFramework.TestCases.BalanceHistoryTest.setUp(BalanceHistoryTest.java:35) 
Log Message: Setup Started 
 
Time in Milliseconds: 2039051 
Test Case: automationFramework.TestCases.BalanceHistoryTest 
Time Stamp: 2016-08-09 14:35:36,856 
Code Location: automationFramework.TestCases.BalanceHistoryTest.setUp(BalanceHistoryTest.java:35) 
Log Message: Setup Started 
 
Time in Milliseconds: 2039051 
Test Case: automationFramework.TestCases.BalanceHistoryTest 
Time Stamp: 2016-08-09 14:35:36,856 
Code Location: automationFramework.TestCases.BalanceHistoryTest.setUp(BalanceHistoryTest.java:35) 
Log Message: Setup Started 
 
Time in Milliseconds: 2039051 
Test Case: automationFramework.TestCases.BalanceHistoryTest 
Time Stamp: 2016-08-09 14:35:36,856 
Code Location: automationFramework.TestCases.BalanceHistoryTest.setUp(BalanceHistoryTest.java:35) 
Log Message: Setup Started 
 
Time in Milliseconds: 2039051 
Test Case: automationFramework.TestCases.BalanceHistoryTest 
Time Stamp: 2016-08-09 14:35:36,856 
Code Location: automationFramework.TestCases.BalanceHistoryTest.setUp(BalanceHistoryTest.java:35) 
Log Message: Setup Started 
 
Time in Milliseconds: 2039051 
Test Case: automationFramework.TestCases.BalanceHistoryTest 
Time Stamp: 2016-08-09 14:35:36,856 
Code Location: automationFramework.TestCases.BalanceHistoryTest.setUp(BalanceHistoryTest.java:35) 
Log Message: Setup Started 
 
Time in Milliseconds: 2039051 
Test Case: automationFramework.TestCases.BalanceHistoryTest 
Time Stamp: 2016-08-09 14:35:36,856 
Code Location: automationFramework.TestCases.BalanceHistoryTest.setUp(BalanceHistoryTest.java:35) 
Log Message: Setup Started 
 
Time in Milliseconds: 2039051 
Test Case: automationFramework.TestCases.BalanceHistoryTest 
Time Stamp: 2016-08-09 14:35:36,856 
Code Location: automationFramework.TestCases.BalanceHistoryTest.setUp(BalanceHistoryTest.java:35) 
Log Message: Setup Started 
 
Time in Milliseconds: 2039051 
Test Case: automationFramework.TestCases.BalanceHistoryTest 
Time Stamp: 2016-08-09 14:35:36,856 
Code Location: automationFramework.TestCases.BalanceHistoryTest.setUp(BalanceHistoryTest.java:35) 
Log Message: Setup Started 
 
Time in Milliseconds: 2039051 
Test Case: automationFramework.TestCases.BalanceHistoryTest 
Time Stamp: 2016-08-09 14:35:36,856 
Code Location: automationFramework.TestCases.BalanceHistoryTest.setUp(BalanceHistoryTest.java:35) 
Log Message: Setup Started 
 
Time in Milliseconds: 2039051 
Test Case: automationFramework.TestCases.BalanceHistoryTest 
Time Stamp: 2016-08-09 14:35:36,856 
Code Location: automationFramework.TestCases.BalanceHistoryTest.setUp(BalanceHistoryTest.java:35) 
Log Message: Setup Started 
 
Time in Milliseconds: 2039051 
Test Case: automationFramework.TestCases.BalanceHistoryTest 
Time Stamp: 2016-08-09 14:35:36,856 
Code Location: automationFramework.TestCases.BalanceHistoryTest.setUp(BalanceHistoryTest.java:35) 
Log Message: Setup Started 
 
Time in Milliseconds: 2039051 
Test Case: automationFramework.TestCases.BalanceHistoryTest 
Time Stamp: 2016-08-09 14:35:36,856 
Code Location: automationFramework.TestCases.BalanceHistoryTest.setUp(BalanceHistoryTest.java:35) 
Log Message: Setup Started 
 
Time in Milliseconds: 2039051 
Test Case: automationFramework.TestCases.BalanceHistoryTest 
Time Stamp: 2016-08-09 14:35:36,856 
Code Location: automationFramework.TestCases.BalanceHistoryTest.setUp(BalanceHistoryTest.java:35) 
Log Message: Setup Started 
 
Time in Milliseconds: 2039051 
Test Case: automationFramework.TestCases.BalanceHistoryTest 
Time Stamp: 2016-08-09 14:35:36,856 
Code Location: automationFramework.TestCases.BalanceHistoryTest.setUp(BalanceHistoryTest.java:35) 
Log Message: Setup Started 
 
2016-08-09 14:35:36,856 INFO  [Logger] Setup Started 
Time in Milliseconds: 2039250 
Test Case: automationFramework.TestCases.BalanceHistoryTest 
Time Stamp: 2016-08-09 14:35:37,055 
Code Location: automationFramework.TestCases.BalanceHistoryTest.setUp(BalanceHistoryTest.java:36) 
Log Message: Current OS: Windows 7 Enterprise 
 
Time in Milliseconds: 2039250 
Test Case: automationFramework.TestCases.BalanceHistoryTest 
Time Stamp: 2016-08-09 14:35:37,055 
Code Location: automationFramework.TestCases.BalanceHistoryTest.setUp(BalanceHistoryTest.java:36) 
Log Message: Current OS: Windows 7 Enterprise 
 
Time in Milliseconds: 2039250 
Test Case: automationFramework.TestCases.BalanceHistoryTest 
Time Stamp: 2016-08-09 14:35:37,055 
Code Location: automationFramework.TestCases.BalanceHistoryTest.setUp(BalanceHistoryTest.java:36) 
Log Message: Current OS: Windows 7 Enterprise 
 
Time in Milliseconds: 2039250 
Test Case: automationFramework.TestCases.BalanceHistoryTest 
Time Stamp: 2016-08-09 14:35:37,055 
Code Location: automationFramework.TestCases.BalanceHistoryTest.setUp(BalanceHistoryTest.java:36) 
Log Message: Current OS: Windows 7 Enterprise 
 
Time in Milliseconds: 2039250 
Test Case: automationFramework.TestCases.BalanceHistoryTest 
Time Stamp: 2016-08-09 14:35:37,055 
Code Location: automationFramework.TestCases.BalanceHistoryTest.setUp(BalanceHistoryTest.java:36) 
Log Message: Current OS: Windows 7 Enterprise 
 
Time in Milliseconds: 2039250 
Test Case: automationFramework.TestCases.BalanceHistoryTest 
Time Stamp: 2016-08-09 14:35:37,055 
Code Location: automationFramework.TestCases.BalanceHistoryTest.setUp(BalanceHistoryTest.java:36) 
Log Message: Current OS: Windows 7 Enterprise 
 
Time in Milliseconds: 2039250 
Test Case: automationFramework.TestCases.BalanceHistoryTest 
Time Stamp: 2016-08-09 14:35:37,055 
Code Location: automationFramework.TestCases.BalanceHistoryTest.setUp(BalanceHistoryTest.java:36) 
Log Message: Current OS: Windows 7 Enterprise 
 
Time in Milliseconds: 2039250 
Test Case: automationFramework.TestCases.BalanceHistoryTest 
Time Stamp: 2016-08-09 14:35:37,055 
Code Location: automationFramework.TestCases.BalanceHistoryTest.setUp(BalanceHistoryTest.java:36) 
Log Message: Current OS: Windows 7 Enterprise 
 
Time in Milliseconds: 2039250 
Test Case: automationFramework.TestCases.BalanceHistoryTest 
Time Stamp: 2016-08-09 14:35:37,055 
Code Location: automationFramework.TestCases.BalanceHistoryTest.setUp(BalanceHistoryTest.java:36) 
Log Message: Current OS: Windows 7 Enterprise 
 
[...]
Code Location: automationFramework.TestCases.TravelHistoryTest.setUp(TravelHistoryTest.java:40) 
Log Message: Current Browser: firefox.exe 
 
Time in Milliseconds: 2582072 
Test Case: automationFramework.TestCases.TravelHistoryTest 
Time Stamp: 2016-08-09 14:44:39,877 
Code Location: automationFramework.TestCases.TravelHistoryTest.setUp(TravelHistoryTest.java:40) 
Log Message: Current Browser: firefox.exe 
 
Time in Milliseconds: 2582072 
Test Case: automationFramework.TestCases.TravelHistoryTest 
Time Stamp: 2016-08-09 14:44:39,877 
Code Location: automationFramework.TestCases.TravelHistoryTest.setUp(TravelHistoryTest.java:40) 
Log Message: Current Browser: firefox.exe 
 
Time in Milliseconds: 2582072 
Test Case: automationFramework.TestCases.TravelHistoryTest 
Time Stamp: 2016-08-09 14:44:39,877 
Code Location: automationFramework.TestCases.TravelHistoryTest.setUp(TravelHistoryTest.java:40) 
Log Message: Current Browser: firefox.exe 
 
Time in Milliseconds: 2582072 
Test Case: automationFramework.TestCases.TravelHistoryTest 
Time Stamp: 2016-08-09 14:44:39,877 
Code Location: automationFramework.TestCases.TravelHistoryTest.setUp(TravelHistoryTest.java:40) 
Log Message: Current Browser: firefox.exe 
 
Time in Milliseconds: 2582072 
Test Case: automationFramework.TestCases.TravelHistoryTest 
Time Stamp: 2016-08-09 14:44:39,877 
Code Location: automationFramework.TestCases.TravelHistoryTest.setUp(TravelHistoryTest.java:40) 
Log Message: Current Browser: firefox.exe 
 
Time in Milliseconds: 2582072 
Test Case: automationFramework.TestCases.TravelHistoryTest 
Time Stamp: 2016-08-09 14:44:39,877 
Code Location: automationFramework.TestCases.TravelHistoryTest.setUp(TravelHistoryTest.java:40) 
Log Message: Current Browser: firefox.exe 
 
Time in Milliseconds: 2582072 
Test Case: automationFramework.TestCases.TravelHistoryTest 
Time Stamp: 2016-08-09 14:44:39,877 
Code Location: automationFramework.TestCases.TravelHistoryTest.setUp(TravelHistoryTest.java:40) 
Log Message: Current Browser: firefox.exe 
 
Time in Milliseconds: 2582072 
Test Case: automationFramework.TestCases.TravelHistoryTest 
Time Stamp: 2016-08-09 14:44:39,877 
Code Location: automationFramework.TestCases.TravelHistoryTest.setUp(TravelHistoryTest.java:40) 
Log Message: Current Browser: firefox.exe 
 
Time in Milliseconds: 2582072 
Test Case: automationFramework.TestCases.TravelHistoryTest 
Time Stamp: 2016-08-09 14:44:39,877 
Code Location: automationFramework.TestCases.TravelHistoryTest.setUp(TravelHistoryTest.java:40) 
Log Message: Current Browser: firefox.exe 
 
Time in Milliseconds: 2582072 
Test Case: automationFramework.TestCases.TravelHistoryTest 
Time Stamp: 2016-08-09 14:44:39,877 
Code Location: automationFramework.TestCases.TravelHistoryTest.setUp(TravelHistoryTest.java:40) 
Log Message: Current Browser: firefox.exe 
 
Time in Milliseconds: 2582072 
Test Case: automationFramework.TestCases.TravelHistoryTest 
Time Stamp: 2016-08-09 14:44:39,877 
Code Location: automationFramework.TestCases.TravelHistoryTest.setUp(TravelHistoryTest.java:40) 
Log Message: Current Browser: firefox.exe 
 
Time in Milliseconds: 2582072 
Test Case: automationFramework.TestCases.TravelHistoryTest 
Time Stamp: 2016-08-09 14:44:39,877 
Code Location: automationFramework.TestCases.TravelHistoryTest.setUp(TravelHistoryTest.java:40) 
Log Message: Current Browser: firefox.exe 
 
Time in Milliseconds: 2582072 
Test Case: automationFramework.TestCases.TravelHistoryTest 
Time Stamp: 2016-08-09 14:44:39,877 
Code Location: automationFramework.TestCases.TravelHistoryTest.setUp(TravelHistoryTest.java:40) 
Log Message: Current Browser: firefox.exe 
 
Time in Milliseconds: 2582072 
Test Case: automationFramework.TestCases.TravelHistoryTest 
Time Stamp: 2016-08-09 14:44:39,877 
Code Location: automationFramework.TestCases.TravelHistoryTest.setUp(TravelHistoryTest.java:40) 
Log Message: Current Browser: firefox.exe 
 
Time in Milliseconds: 2582072 
Test Case: automationFramework.TestCases.TravelHistoryTest 
Time Stamp: 2016-08-09 14:44:39,877 
Code Location: automationFramework.TestCases.TravelHistoryTest.setUp(TravelHistoryTest.java:40) 
Log Message: Current Browser: firefox.exe 
 
Time in Milliseconds: 2582072 
Test Case: automationFramework.TestCases.TravelHistoryTest 
Time Stamp: 2016-08-09 14:44:39,877 
Code Location: automationFramework.TestCases.TravelHistoryTest.setUp(TravelHistoryTest.java:40) 
Log Message: Current Browser: firefox.exe 
 
Time in Milliseconds: 2582072 
Test Case: automationFramework.TestCases.TravelHistoryTest 
Time Stamp: 2016-08-09 14:44:39,877 
Code Location: automationFramework.TestCases.TravelHistoryTest.setUp(TravelHistoryTest.java:40) 
Log Message: Current Browser: firefox.exe 
 
Time in Milliseconds: 2582072 
Test Case: automationFramework.TestCases.TravelHistoryTest 
Time Stamp: 2016-08-09 14:44:39,877 
Code Location: automationFramework.TestCases.TravelHistoryTest.setUp(TravelHistoryTest.java:40) 
Log Message: Current Browser: firefox.exe 
 
Time in Milliseconds: 2582072 
Test Case: automationFramework.TestCases.TravelHistoryTest 
Time Stamp: 2016-08-09 14:44:39,877 
Code Location: automationFramework.TestCases.TravelHistoryTest.setUp(TravelHistoryTest.java:40) 
Log Message: Current Browser: firefox.exe 
 
Time in Milliseconds: 2582072 
Test Case: automationFramework.TestCases.TravelHistoryTest 
Time Stamp: 2016-08-09 14:44:39,877 
Code Location: automationFramework.TestCases.TravelHistoryTest.setUp(TravelHistoryTest.java:40) 
Log Message: Current Browser: firefox.exe 
 
Time in Milliseconds: 2582072 
Test Case: automationFramework.TestCases.TravelHistoryTest 
Time Stamp: 2016-08-09 14:44:39,877 
Code Location: automationFramework.TestCases.TravelHistoryTest.setUp(TravelHistoryTest.java:40) 
Log Message: Current Browser: firefox.exe 
 
Time in Milliseconds: 2582072 
Test Case: automationFramework.TestCases.TravelHistoryTest 
Time Stamp: 2016-08-09 14:44:39,877 
Code Location: automationFramework.TestCases.TravelHistoryTest.setUp(TravelHistoryTest.java:40) 
Log Message: Current Browser: firefox.exe 
 
Time in Milliseconds: 2582072 
Test Case: automationFramework.TestCases.TravelHistoryTest 
Time Stamp: 2016-08-09 14:44:39,877 
Code Location: automationFramework.TestCases.TravelHistoryTest.setUp(TravelHistoryTest.java:40) 
Log Message: Current Browser: firefox.exe 
 
Time in Milliseconds: 2582072 
Test Case: automationFramework.TestCases.TravelHistoryTest 
Time Stamp: 2016-08-09 14:44:39,877 
Code Location: automationFramework.TestCases.TravelHistoryTest.setUp(TravelHistoryTest.java:40) 
Log Message: Current Browser: firefox.exe 
 
Time in Milliseconds: 2582072 
Test Case: automationFramework.TestCases.TravelHistoryTest 
Time Stamp: 2016-08-09 14:44:39,877 
Code Location: automationFramework.TestCases.TravelHistoryTest.setUp(TravelHistoryTest.java:40) 
Log Message: Current Browser: firefox.exe 
 
Time in Milliseconds: 2582072 
Test Case: automationFramework.TestCases.TravelHistoryTest 
Time Stamp: 2016-08-09 14:44:39,877 
Code Location: automationFramework.TestCases.TravelHistoryTest.setUp(TravelHistoryTest.java:40) 
Log Message: Current Browser: firefox.exe 
 
Time in Milliseconds: 2582072 
Test Case: automationFramework.TestCases.TravelHistoryTest 
Time Stamp: 2016-08-09 14:44:39,877 
Code Location: automationFramework.TestCases.TravelHistoryTest.setUp(TravelHistoryTest.java:40) 
Log Message: Current Browser: firefox.exe 
 
Time in Milliseconds: 2582072 
Test Case: automationFramework.TestCases.TravelHistoryTest 
Time Stamp: 2016-08-09 14:44:39,877 
Code Location: automationFramework.TestCases.TravelHistoryTest.setUp(TravelHistoryTest.java:40) 
Log Message: Current Browser: firefox.exe 
 
Time in Milliseconds: 2582072 
Test Case: automationFramework.TestCases.TravelHistoryTest 
Time Stamp: 2016-08-09 14:44:39,877 
Code Location: automationFramework.TestCases.TravelHistoryTest.setUp(TravelHistoryTest.java:40) 
Log Message: Current Browser: firefox.exe 
 
Time in Milliseconds: 2582072 
Test Case: automationFramework.TestCases.TravelHistoryTest 
Time Stamp: 2016-08-09 14:44:39,877 
Code Location: automationFramework.TestCases.TravelHistoryTest.setUp(TravelHistoryTest.java:40) 
Log Message: Current Browser: firefox.exe 
 
2016-08-09 14:44:39,877 INFO  [Logger] Current Browser: firefox.exe 
Time in Milliseconds: 2593508 
Test Case: automationFramework.TestCases.TravelHistoryTest 
Time Stamp: 2016-08-09 14:44:51,313 
Code Location: automationFramework.TestCases.TravelHistoryTest.setUp(TravelHistoryTest.java:43) 
Log Message: Setup Completed 
 
Time in Milliseconds: 2593508 
Test Case: automationFramework.TestCases.TravelHistoryTest 
Time Stamp: 2016-08-09 14:44:51,313 
Code Location: automationFramework.TestCases.TravelHistoryTest.setUp(TravelHistoryTest.java:43) 
Log Message: Setup Completed 
 
Time in Milliseconds: 2593508 
Test Case: automationFramework.TestCases.TravelHistoryTest 
Time Stamp: 2016-08-09 14:44:51,313 
Code Location: automationFramework.TestCases.TravelHistoryTest.setUp(TravelHistoryTest.java:43) 
Log Message: Setup Completed 
 
Time in Milliseconds: 2593508 
Test Case: automationFramework.TestCases.TravelHistoryTest 
Time Stamp: 2016-08-09 14:44:51,313 
Code Location: automationFramework.TestCases.TravelHistoryTest.setUp(TravelHistoryTest.java:43) 
Log Message: Setup Completed 
 
Time in Milliseconds: 2593508 
Test Case: automationFramework.TestCases.TravelHistoryTest 
Time Stamp: 2016-08-09 14:44:51,313 
Code Location: automationFramework.TestCases.TravelHistoryTest.setUp(TravelHistoryTest.java:43) 
Log Message: Setup Completed 
 
Time in Milliseconds: 2593508 
Test Case: automationFramework.TestCases.TravelHistoryTest 
Time Stamp: 2016-08-09 14:44:51,313 
Code Location: automationFramework.TestCases.TravelHistoryTest.setUp(TravelHistoryTest.java:43) 
Log Message: Setup Completed 
 
Time in Milliseconds: 2593508 
Test Case: automationFramework.TestCases.TravelHistoryTest 
Time Stamp: 2016-08-09 14:44:51,313 
Code Location: automationFramework.TestCases.TravelHistoryTest.setUp(TravelHistoryTest.java:43) 
Log Message: Setup Completed 
 
Time in Milliseconds: 2593508 
Test Case: automationFramework.TestCases.TravelHistoryTest 
Time Stamp: 2016-08-09 14:44:51,313 
Code Location: automationFramework.TestCases.TravelHistoryTest.setUp(TravelHistoryTest.java:43) 
Log Message: Setup Completed 
 
Time in Milliseconds: 2593508 
Test Case: automationFramework.TestCases.TravelHistoryTest 
Time Stamp: 2016-08-09 14:44:51,313 
Code Location: automationFramework.TestCases.TravelHistoryTest.setUp(TravelHistoryTest.java:43) 
Log Message: Setup Completed 
 
Time in Milliseconds: 2593508 
Test Case: automationFramework.TestCases.TravelHistoryTest 
Time Stamp: 2016-08-09 14:44:51,313 
Code Location: automationFramework.TestCases.TravelHistoryTest.setUp(TravelHistoryTest.java:43) 
Log Message: Setup Completed 
 
Time in Milliseconds: 2593508 
Test Case: automationFramework.TestCases.TravelHistoryTest 
Time Stamp: 2016-08-09 14:44:51,313 
Code Location: automationFramework.TestCases.TravelHistoryTest.setUp(TravelHistoryTest.java:43) 
Log Message: Setup Completed 
 
Time in Milliseconds: 2593508 
Test Case: automationFramework.TestCases.TravelHistoryTest 
Time Stamp: 2016-08-09 14:44:51,313 
Code Location: automationFramework.TestCases.TravelHistoryTest.setUp(TravelHistoryTest.java:43) 
Log Message: Setup Completed 
 
Time in Milliseconds: 2593508 
Test Case: automationFramework.TestCases.TravelHistoryTest 
Time Stamp: 2016-08-09 14:44:51,313 
Code Location: automationFramework.TestCases.TravelHistoryTest.setUp(TravelHistoryTest.java:43) 
Log Message: Setup Completed 
 
Time in Milliseconds: 2593508 
Test Case: automationFramework.TestCases.TravelHistoryTest 
Time Stamp: 2016-08-09 14:44:51,313 
Code Location: automationFramework.TestCases.TravelHistoryTest.setUp(TravelHistoryTest.java:43) 
Log Message: Setup Completed 
 
Time in Milliseconds: 2593508 
Test Case: automationFramework.TestCases.TravelHistoryTest 
Time Stamp: 2016-08-09 14:44:51,313 
Code Location: automationFramework.TestCases.TravelHistoryTest.setUp(TravelHistoryTest.java:43) 
Log Message: Setup Completed 
 
Time in Milliseconds: 2593508 
Test Case: automationFramework.TestCases.TravelHistoryTest 
Time Stamp: 2016-08-09 14:44:51,313 
Code Location: automationFramework.TestCases.TravelHistoryTest.setUp(TravelHistoryTest.java:43) 
Log Message: Setup Completed 
 
Time in Milliseconds: 2593508 
Test Case: automationFramework.TestCases.TravelHistoryTest 
Time Stamp: 2016-08-09 14:44:51,313 
Code Location: automationFramework.TestCases.TravelHistoryTest.setUp(TravelHistoryTest.java:43) 
Log Message: Setup Completed 
 
Time in Milliseconds: 2593508 
Test Case: automationFramework.TestCases.TravelHistoryTest 
Time Stamp: 2016-08-09 14:44:51,313 
Code Location: automationFramework.TestCases.TravelHistoryTest.setUp(TravelHistoryTest.java:43) 
Log Message: Setup Completed 
 
Time in Milliseconds: 2593508 
Test Case: automationFramework.TestCases.TravelHistoryTest 
Time Stamp: 2016-08-09 14:44:51,313 
Code Location: automationFramework.TestCases.TravelHistoryTest.setUp(TravelHistoryTest.java:43) 
Log Message: Setup Completed 
 
Time in Milliseconds: 2593508 
Test Case: automationFramework.TestCases.TravelHistoryTest 
Time Stamp: 2016-08-09 14:44:51,313 
Code Location: automationFramework.TestCases.TravelHistoryTest.setUp(TravelHistoryTest.java:43) 
Log Message: Setup Completed 
 
Time in Milliseconds: 2593508 
Test Case: automationFramework.TestCases.TravelHistoryTest 
Time Stamp: 2016-08-09 14:44:51,313 
Code Location: automationFramework.TestCases.TravelHistoryTest.setUp(TravelHistoryTest.java:43) 
Log Message: Setup Completed 
 
Time in Milliseconds: 2593508 
Test Case: automationFramework.TestCases.TravelHistoryTest 
Time Stamp: 2016-08-09 14:44:51,313 
Code Location: automationFramework.TestCases.TravelHistoryTest.setUp(TravelHistoryTest.java:43) 
Log Message: Setup Completed 
 
Time in Milliseconds: 2593508 
Test Case: automationFramework.TestCases.TravelHistoryTest 
Time Stamp: 2016-08-09 14:44:51,313 
Code Location: automationFramework.TestCases.TravelHistoryTest.setUp(TravelHistoryTest.java:43) 
Log Message: Setup Completed 
 
Time in Milliseconds: 2593508 
Test Case: automationFramework.TestCases.TravelHistoryTest 
Time Stamp: 2016-08-09 14:44:51,313 
Code Location: automationFramework.TestCases.TravelHistoryTest.setUp(TravelHistoryTest.java:43) 
Log Message: Setup Completed 
 
Time in Milliseconds: 2593508 
Test Case: automationFramework.TestCases.TravelHistoryTest 
Time Stamp: 2016-08-09 14:44:51,313 
Code Location: automationFramework.TestCases.TravelHistoryTest.setUp(TravelHistoryTest.java:43) 
Log Message: Setup Completed 
 
Time in Milliseconds: 2593508 
Test Case: automationFramework.TestCases.TravelHistoryTest 
Time Stamp: 2016-08-09 14:44:51,313 
Code Location: automationFramework.TestCases.TravelHistoryTest.setUp(TravelHistoryTest.java:43) 
Log Message: Setup Completed 
 
Time in Milliseconds: 2593508 
Test Case: automationFramework.TestCases.TravelHistoryTest 
Time Stamp: 2016-08-09 14:44:51,313 
Code Location: automationFramework.TestCases.TravelHistoryTest.setUp(TravelHistoryTest.java:43) 
Log Message: Setup Completed 
 
Time in Milliseconds: 2593508 
Test Case: automationFramework.TestCases.TravelHistoryTest 
Time Stamp: 2016-08-09 14:44:51,313 
Code Location: automationFramework.TestCases.TravelHistoryTest.setUp(TravelHistoryTest.java:43) 
Log Message: Setup Completed 
 
Time in Milliseconds: 2593508 
Test Case: automationFramework.TestCases.TravelHistoryTest 
Time Stamp: 2016-08-09 14:44:51,313 
Code Location: automationFramework.TestCases.TravelHistoryTest.setUp(TravelHistoryTest.java:43) 
Log Message: Setup Completed 
 
Time in Milliseconds: 2593508 
Test Case: automationFramework.TestCases.TravelHistoryTest 
Time Stamp: 2016-08-09 14:44:51,313 
Code Location: automationFramework.TestCases.TravelHistoryTest.setUp(TravelHistoryTest.java:43) 
Log Message: Setup Completed 
 
Time in Milliseconds: 2593508 
Test Case: automationFramework.TestCases.TravelHistoryTest 
Time Stamp: 2016-08-09 14:44:51,313 
Code Location: automationFramework.TestCases.TravelHistoryTest.setUp(TravelHistoryTest.java:43) 
Log Message: Setup Completed 
 
Time in Milliseconds: 2593508 
Test Case: automationFramework.TestCases.TravelHistoryTest 
Time Stamp: 2016-08-09 14:44:51,313 
Code Location: automationFramework.TestCases.TravelHistoryTest.setUp(TravelHistoryTest.java:43) 
Log Message: Setup Completed 
 
Time in Milliseconds: 2593508 
Test Case: automationFramework.TestCases.TravelHistoryTest 
Time Stamp: 2016-08-09 14:44:51,313 
Code Location: automationFramework.TestCases.TravelHistoryTest.setUp(TravelHistoryTest.java:43) 
Log Message: Setup Completed 
 
Time in Milliseconds: 2593508 
Test Case: automationFramework.TestCases.TravelHistoryTest 
Time Stamp: 2016-08-09 14:44:51,313 
Code Location: automationFramework.TestCases.TravelHistoryTest.setUp(TravelHistoryTest.java:43) 
Log Message: Setup Completed 
 
Time in Milliseconds: 2593508 
Test Case: automationFramework.TestCases.TravelHistoryTest 
Time Stamp: 2016-08-09 14:44:51,313 
Code Location: automationFramework.TestCases.TravelHistoryTest.setUp(TravelHistoryTest.java:43) 
Log Message: Setup Completed 
 
Time in Milliseconds: 2593508 
Test Case: automationFramework.TestCases.TravelHistoryTest 
Time Stamp: 2016-08-09 14:44:51,313 
Code Location: automationFramework.TestCases.TravelHistoryTest.setUp(TravelHistoryTest.java:43) 
Log Message: Setup Completed 
 
Time in Milliseconds: 2593508 
Test Case: automationFramework.TestCases.TravelHistoryTest 
Time Stamp: 2016-08-09 14:44:51,313 
Code Location: automationFramework.TestCases.TravelHistoryTest.setUp(TravelHistoryTest.java:43) 
Log Message: Setup Completed 
 
Time in Milliseconds: 2593508 
Test Case: automationFramework.TestCases.TravelHistoryTest 
Time Stamp: 2016-08-09 14:44:51,313 
Code Location: automationFramework.TestCases.TravelHistoryTest.setUp(TravelHistoryTest.java:43) 
Log Message: Setup Completed 
 
Time in Milliseconds: 2593508 
Test Case: automationFramework.TestCases.TravelHistoryTest 
Time Stamp: 2016-08-09 14:44:51,313 
Code Location: automationFramework.TestCases.TravelHistoryTest.setUp(TravelHistoryTest.java:43) 
Log Message: Setup Completed 
 
Time in Milliseconds: 2593508 
Test Case: automationFramework.TestCases.TravelHistoryTest 
Time Stamp: 2016-08-09 14:44:51,313 
Code Location: automationFramework.TestCases.TravelHistoryTest.setUp(TravelHistoryTest.java:43) 
Log Message: Setup Completed 
 
2016-08-09 14:44:51,313 INFO  [Logger] Setup Completed 
</system-out>
  </testcase>
  <testcase classname="automationFramework.TestCases.CreateFundingDBTest" name="createNewFundingCancelDBcheck" time="79.163"/>
  <testcase classname="automationFramework.TestCases.CreateFundingDBTest" name="createNewFundingCreditCardDBcheck" time="74.288"/>
  <testcase classname="automationFramework.TestCases.CreateFundingDBTest" name="createNewFundingDBcheck" time="85.11"/>
  <testcase classname="automationFramework.TestCases.CreateCustomerDBTest" name="createNewCustomerDBCheckContactTable" time="59.165"/>
  <testcase classname="automationFramework.TestCases.CreateCustomerDBTest" name="createNewCustomerDBCheckAccountTable" time="54.908"/>
  <testcase classname="automationFramework.TestCases.CreateCustomerDBTest" name="createNewCustomerDBCheckAddressTable" time="60.757"/>
  <testcase classname="automationFramework.TestCases.CreateCustomerDBTest" name="createNewCustomerDBCheckSecurityTable" time="60.607"/>
  <testcase classname="automationFramework.TestCases.CreateCustomerDBTest" name="createNewCustomerDBCheckPhoneTable" time="60.152"/>
  <testcase classname="automationFramework.TestCases.CreateCustomerDBTest" name="createNewCustomerDBCheckUserName" time="61.748"/>
  <testcase classname="automationFramework.TestCases.CreateCustomerDBTest" name="createNewCustomerCancelDBCheck" time="33.687"/>
</testsuite>