<?xml version="1.0" encoding="UTF-8" ?>
<testsuite tests="21" failures="4" name="TestSuite" time="9.148" errors="0" skipped="17">
  <properties>
[...]
</properties>
  <testcase classname="automationFramework.TestCases.GroupSalesManageTest" name="setUp" time="3.386">
    <failure type="java.lang.NullPointerException">java.lang.NullPointerException
	at automationFramework.TestCases.GroupSalesManageTest.setUp(GroupSalesManageTest.java:33)
</failure>
    <system-out>Time in Milliseconds: 0 
Test Case: automationFramework.TestCases.GroupSalesManageTest 
Time Stamp: 2016-09-01 01:02:08,681 
Code Location: automationFramework.TestCases.GroupSalesManageTest.setUp(GroupSalesManageTest.java:29) 
Log Message: Setup Started 
 
2016-09-01 01:02:08,681 INFO  [Logger] Setup Started 
Time in Milliseconds: 150 
Test Case: automationFramework.TestCases.GroupSalesManageTest 
Time Stamp: 2016-09-01 01:02:08,831 
Code Location: automationFramework.TestCases.GroupSalesManageTest.setUp(GroupSalesManageTest.java:30) 
Log Message: Current OS: Windows 7 Enterprise 
 
2016-09-01 01:02:08,831 INFO  [Logger] Current OS: Windows 7 Enterprise 
Time in Milliseconds: 151 
Test Case: automationFramework.TestCases.GroupSalesManageTest 
Time Stamp: 2016-09-01 01:02:08,832 
Code Location: automationFramework.TestCases.GroupSalesManageTest.setUp(GroupSalesManageTest.java:31) 
Log Message: Current Browser: chrome.exe 
 
2016-09-01 01:02:08,832 INFO  [Logger] Current Browser: chrome.exe 
</system-out>
    <system-err>Starting ChromeDriver 2.23.409699 (49b0fa931cda1caad0ae15b7d1b68004acd05129) on port 37370
Only local connections are allowed.
</system-err>
  </testcase>
  <testcase classname="automationFramework.TestCases.GroupSalesManageTest" name="manageTransitGroupSales" time="0">
    <skipped/>
  </testcase>
  <testcase classname="automationFramework.TestCases.GroupSalesManageTest" name="tearDown" time="0">
    <skipped/>
  </testcase>
  <testcase classname="automationFramework.TestCases.GroupSalesTest" name="setUp" time="2.089">
    <failure type="java.lang.NullPointerException">java.lang.NullPointerException
	at automationFramework.TestCases.GroupSalesTest.setUp(GroupSalesTest.java:33)
</failure>
    <system-out>Time in Milliseconds: 2661 
Test Case: automationFramework.TestCases.GroupSalesTest 
Time Stamp: 2016-09-01 01:02:11,342 
Code Location: automationFramework.TestCases.GroupSalesTest.setUp(GroupSalesTest.java:29) 
Log Message: Setup Started 
 
Time in Milliseconds: 2661 
Test Case: automationFramework.TestCases.GroupSalesTest 
Time Stamp: 2016-09-01 01:02:11,342 
Code Location: automationFramework.TestCases.GroupSalesTest.setUp(GroupSalesTest.java:29) 
Log Message: Setup Started 
 
2016-09-01 01:02:11,342 INFO  [Logger] Setup Started 
Time in Milliseconds: 2712 
Test Case: automationFramework.TestCases.GroupSalesTest 
Time Stamp: 2016-09-01 01:02:11,393 
Code Location: automationFramework.TestCases.GroupSalesTest.setUp(GroupSalesTest.java:30) 
Log Message: Current OS: Windows 7 Enterprise 
 
Time in Milliseconds: 2712 
Test Case: automationFramework.TestCases.GroupSalesTest 
Time Stamp: 2016-09-01 01:02:11,393 
Code Location: automationFramework.TestCases.GroupSalesTest.setUp(GroupSalesTest.java:30) 
Log Message: Current OS: Windows 7 Enterprise 
 
2016-09-01 01:02:11,393 INFO  [Logger] Current OS: Windows 7 Enterprise 
Time in Milliseconds: 2713 
Test Case: automationFramework.TestCases.GroupSalesTest 
Time Stamp: 2016-09-01 01:02:11,394 
Code Location: automationFramework.TestCases.GroupSalesTest.setUp(GroupSalesTest.java:31) 
Log Message: Current Browser: chrome.exe 
 
Time in Milliseconds: 2713 
Test Case: automationFramework.TestCases.GroupSalesTest 
Time Stamp: 2016-09-01 01:02:11,394 
Code Location: automationFramework.TestCases.GroupSalesTest.setUp(GroupSalesTest.java:31) 
Log Message: Current Browser: chrome.exe 
 
2016-09-01 01:02:11,394 INFO  [Logger] Current Browser: chrome.exe 
</system-out>
    <system-err>Starting ChromeDriver 2.23.409699 (49b0fa931cda1caad0ae15b7d1b68004acd05129) on port 17816
Only local connections are allowed.
</system-err>
  </testcase>
  <testcase classname="automationFramework.TestCases.GroupSalesTest" name="loadValueGroupSales" time="0">
    <skipped/>
  </testcase>
  <testcase classname="automationFramework.TestCases.GroupSalesTest" name="tearDown" time="0">
    <skipped/>
  </testcase>
  <testcase classname="automationFramework.TestCases.TransitBenefitsTest" name="setUp" time="1.573">
    <failure type="java.lang.NullPointerException">java.lang.NullPointerException
	at automationFramework.TestCases.TransitBenefitsTest.setUp(TransitBenefitsTest.java:33)
</failure>
    <system-out>Time in Milliseconds: 4741 
Test Case: automationFramework.TestCases.TransitBenefitsTest 
Time Stamp: 2016-09-01 01:02:13,422 
Code Location: automationFramework.TestCases.TransitBenefitsTest.setUp(TransitBenefitsTest.java:29) 
Log Message: Setup Started 
 
Time in Milliseconds: 4741 
Test Case: automationFramework.TestCases.TransitBenefitsTest 
Time Stamp: 2016-09-01 01:02:13,422 
Code Location: automationFramework.TestCases.TransitBenefitsTest.setUp(TransitBenefitsTest.java:29) 
Log Message: Setup Started 
 
Time in Milliseconds: 4741 
Test Case: automationFramework.TestCases.TransitBenefitsTest 
Time Stamp: 2016-09-01 01:02:13,422 
Code Location: automationFramework.TestCases.TransitBenefitsTest.setUp(TransitBenefitsTest.java:29) 
Log Message: Setup Started 
 
2016-09-01 01:02:13,422 INFO  [Logger] Setup Started 
Time in Milliseconds: 4792 
Test Case: automationFramework.TestCases.TransitBenefitsTest 
Time Stamp: 2016-09-01 01:02:13,473 
Code Location: automationFramework.TestCases.TransitBenefitsTest.setUp(TransitBenefitsTest.java:30) 
Log Message: Current OS: Windows 7 Enterprise 
 
Time in Milliseconds: 4792 
Test Case: automationFramework.TestCases.TransitBenefitsTest 
Time Stamp: 2016-09-01 01:02:13,473 
Code Location: automationFramework.TestCases.TransitBenefitsTest.setUp(TransitBenefitsTest.java:30) 
Log Message: Current OS: Windows 7 Enterprise 
 
Time in Milliseconds: 4792 
Test Case: automationFramework.TestCases.TransitBenefitsTest 
Time Stamp: 2016-09-01 01:02:13,473 
Code Location: automationFramework.TestCases.TransitBenefitsTest.setUp(TransitBenefitsTest.java:30) 
Log Message: Current OS: Windows 7 Enterprise 
 
2016-09-01 01:02:13,473 INFO  [Logger] Current OS: Windows 7 Enterprise 
Time in Milliseconds: 4793 
Test Case: automationFramework.TestCases.TransitBenefitsTest 
Time Stamp: 2016-09-01 01:02:13,474 
Code Location: automationFramework.TestCases.TransitBenefitsTest.setUp(TransitBenefitsTest.java:31) 
Log Message: Current Browser: chrome.exe 
 
Time in Milliseconds: 4793 
Test Case: automationFramework.TestCases.TransitBenefitsTest 
Time Stamp: 2016-09-01 01:02:13,474 
Code Location: automationFramework.TestCases.TransitBenefitsTest.setUp(TransitBenefitsTest.java:31) 
Log Message: Current Browser: chrome.exe 
 
Time in Milliseconds: 4793 
Test Case: automationFramework.TestCases.TransitBenefitsTest 
Time Stamp: 2016-09-01 01:02:13,474 
Code Location: automationFramework.TestCases.TransitBenefitsTest.setUp(TransitBenefitsTest.java:31) 
Log Message: Current Browser: chrome.exe 
 
2016-09-01 01:02:13,474 INFO  [Logger] Current Browser: chrome.exe 
</system-out>
    <system-err>Starting ChromeDriver 2.23.409699 (49b0fa931cda1caad0ae15b7d1b68004acd05129) on port 38438
Only local connections are allowed.
</system-err>
  </testcase>
  <testcase classname="automationFramework.TestCases.TransitBenefitsTest" name="enterEmployerDetails" time="0">
    <skipped/>
  </testcase>
  <testcase classname="automationFramework.TestCases.TransitBenefitsTest" name="tearDown" time="0">
    <skipped/>
  </testcase>
  <testcase classname="automationFramework.TestCases.VentraCardTest" name="setUp" time="2.096">
    <failure type="java.lang.NullPointerException">java.lang.NullPointerException
	at automationFramework.TestCases.VentraCardTest.setUp(VentraCardTest.java:57)
</failure>
    <system-out>Time in Milliseconds: 6323 
Test Case: automationFramework.TestCases.VentraCardTest 
Time Stamp: 2016-09-01 01:02:15,004 
Code Location: automationFramework.TestCases.VentraCardTest.setUp(VentraCardTest.java:53) 
Log Message: Setup Started 
 
Time in Milliseconds: 6323 
Test Case: automationFramework.TestCases.VentraCardTest 
Time Stamp: 2016-09-01 01:02:15,004 
Code Location: automationFramework.TestCases.VentraCardTest.setUp(VentraCardTest.java:53) 
Log Message: Setup Started 
 
Time in Milliseconds: 6323 
Test Case: automationFramework.TestCases.VentraCardTest 
Time Stamp: 2016-09-01 01:02:15,004 
Code Location: automationFramework.TestCases.VentraCardTest.setUp(VentraCardTest.java:53) 
Log Message: Setup Started 
 
Time in Milliseconds: 6323 
Test Case: automationFramework.TestCases.VentraCardTest 
Time Stamp: 2016-09-01 01:02:15,004 
Code Location: automationFramework.TestCases.VentraCardTest.setUp(VentraCardTest.java:53) 
Log Message: Setup Started 
 
2016-09-01 01:02:15,004 INFO  [Logger] Setup Started 
Time in Milliseconds: 6378 
Test Case: automationFramework.TestCases.VentraCardTest 
Time Stamp: 2016-09-01 01:02:15,059 
Code Location: automationFramework.TestCases.VentraCardTest.setUp(VentraCardTest.java:54) 
Log Message: Current OS: Windows 7 Enterprise 
 
Time in Milliseconds: 6378 
Test Case: automationFramework.TestCases.VentraCardTest 
Time Stamp: 2016-09-01 01:02:15,059 
Code Location: automationFramework.TestCases.VentraCardTest.setUp(VentraCardTest.java:54) 
Log Message: Current OS: Windows 7 Enterprise 
 
Time in Milliseconds: 6378 
Test Case: automationFramework.TestCases.VentraCardTest 
Time Stamp: 2016-09-01 01:02:15,059 
Code Location: automationFramework.TestCases.VentraCardTest.setUp(VentraCardTest.java:54) 
Log Message: Current OS: Windows 7 Enterprise 
 
Time in Milliseconds: 6378 
Test Case: automationFramework.TestCases.VentraCardTest 
Time Stamp: 2016-09-01 01:02:15,059 
Code Location: automationFramework.TestCases.VentraCardTest.setUp(VentraCardTest.java:54) 
Log Message: Current OS: Windows 7 Enterprise 
 
2016-09-01 01:02:15,059 INFO  [Logger] Current OS: Windows 7 Enterprise 
Time in Milliseconds: 6379 
Test Case: automationFramework.TestCases.VentraCardTest 
Time Stamp: 2016-09-01 01:02:15,060 
Code Location: automationFramework.TestCases.VentraCardTest.setUp(VentraCardTest.java:55) 
Log Message: Current Browser: chrome.exe 
 
Time in Milliseconds: 6379 
Test Case: automationFramework.TestCases.VentraCardTest 
Time Stamp: 2016-09-01 01:02:15,060 
Code Location: automationFramework.TestCases.VentraCardTest.setUp(VentraCardTest.java:55) 
Log Message: Current Browser: chrome.exe 
 
Time in Milliseconds: 6379 
Test Case: automationFramework.TestCases.VentraCardTest 
Time Stamp: 2016-09-01 01:02:15,060 
Code Location: automationFramework.TestCases.VentraCardTest.setUp(VentraCardTest.java:55) 
Log Message: Current Browser: chrome.exe 
 
Time in Milliseconds: 6379 
Test Case: automationFramework.TestCases.VentraCardTest 
Time Stamp: 2016-09-01 01:02:15,060 
Code Location: automationFramework.TestCases.VentraCardTest.setUp(VentraCardTest.java:55) 
Log Message: Current Browser: chrome.exe 
 
2016-09-01 01:02:15,060 INFO  [Logger] Current Browser: chrome.exe 
</system-out>
    <system-err>Starting ChromeDriver 2.23.409699 (49b0fa931cda1caad0ae15b7d1b68004acd05129) on port 12654
Only local connections are allowed.
</system-err>
  </testcase>
  <testcase classname="automationFramework.TestCases.VentraCardTest" name="getVentraCard" time="0">
    <skipped/>
  </testcase>
  <testcase classname="automationFramework.TestCases.VentraCardTest" name="tearDown" time="0">
    <skipped/>
  </testcase>
  <testcase classname="automationFramework.TestCases.VentraCardTest" name="setUp" time="0">
    <skipped/>
  </testcase>
  <testcase classname="automationFramework.TestCases.VentraCardTest" name="forgotPasswd" time="0">
    <skipped/>
  </testcase>
  <testcase classname="automationFramework.TestCases.VentraCardTest" name="tearDown" time="0">
    <skipped/>
  </testcase>
  <testcase classname="automationFramework.TestCases.VentraCardTest" name="setUp" time="0">
    <skipped/>
  </testcase>
  <testcase classname="automationFramework.TestCases.VentraCardTest" name="forgotUsername" time="0">
    <skipped/>
  </testcase>
  <testcase classname="automationFramework.TestCases.VentraCardTest" name="tearDown" time="0">
    <skipped/>
  </testcase>
  <testcase classname="automationFramework.TestCases.VentraCardTest" name="setUp" time="0">
    <skipped/>
  </testcase>
  <testcase classname="automationFramework.TestCases.VentraCardTest" name="accountLogin" time="0">
    <skipped/>
  </testcase>
  <testcase classname="automationFramework.TestCases.VentraCardTest" name="tearDown" time="0.004">
    <skipped/>
  </testcase>
</testsuite>