<?xml version="1.0" encoding="UTF-8"?>
<testng-results skipped="0" failed="0" total="1" passed="1">
  <reporter-output>
    <line>
      <![CDATA[firefox driver instantiated]]>
    </line>
    <line>
      <![CDATA[TearDown Complete]]>
    </line>
  </reporter-output>
  <suite name="Automation - Suite" duration-ms="32725" started-at="2016-08-22T21:23:13Z" finished-at="2016-08-22T21:23:46Z">
    <groups>
    </groups>
    <test name="FirefoxTest" duration-ms="32725" started-at="2016-08-22T21:23:13Z" finished-at="2016-08-22T21:23:46Z">
      <class name="automationFramework.TestCases.GroupSalesTest">
        <test-method status="PASS" signature="setUp(java.lang.String)[pri:0, instance:automationFramework.TestCases.GroupSalesTest@49993335]" name="setUp" is-config="true" duration-ms="4741" started-at="2016-08-22T14:23:13Z" finished-at="2016-08-22T14:23:18Z">
          <params>
            <param index="0">
              <value>
                <![CDATA[firefox.exe]]>
              </value>
            </param>
          </params>
          <reporter-output>
            <line>
              <![CDATA[firefox driver instantiated]]>
            </line>
          </reporter-output>
        </test-method> <!-- setUp -->
        <test-method status="PASS" signature="groupSales()[pri:0, instance:automationFramework.TestCases.GroupSalesTest@49993335]" name="groupSales" duration-ms="27401" started-at="2016-08-22T14:23:18Z" finished-at="2016-08-22T14:23:45Z">
          <reporter-output>
          </reporter-output>
        </test-method> <!-- groupSales -->
        <test-method status="PASS" signature="tearDown()[pri:0, instance:automationFramework.TestCases.GroupSalesTest@49993335]" name="tearDown" is-config="true" duration-ms="570" started-at="2016-08-22T14:23:45Z" finished-at="2016-08-22T14:23:46Z">
          <reporter-output>
            <line>
              <![CDATA[TearDown Complete]]>
            </line>
          </reporter-output>
        </test-method> <!-- tearDown -->
      </class> <!-- automationFramework.TestCases.GroupSalesTest -->
    </test> <!-- FirefoxTest -->
  </suite> <!-- Automation - Suite -->
</testng-results>
