<?xml version="1.0" encoding="UTF-8" ?>
<testsuite tests="21" failures="4" name="TestSuite" time="9.148" errors="0" skipped="17">
  <properties>
    <property name="java.vendor" value="Oracle Corporation"/>
    <property name="JOB_NAME" value="CTAAutomation"/>
    <property name="sun.java.launcher" value="SUN_STANDARD"/>
    <property name="windows_tracing_logfile" value="C:\BVTBin\Tests\installpackage\csilogfile.log"/>
    <property name="NUMBER_OF_PROCESSORS" value="4"/>
    <property name="sun.management.compiler" value="HotSpot 64-Bit Tiered Compilers"/>
    <property name="JENKINS_HOME" value="C:\Program Files (x86)\Jenkins"/>
    <property name="HUDSON_SERVER_COOKIE" value="e365e32deb8c86f4"/>
    <property name="POM_ARTIFACTID" value="AutomationFramework"/>
    <property name="os.name" value="Windows 7"/>
    <property name="sun.boot.class.path" value="C:\Program Files\Java\jdk1.8.0_77\jre\lib\resources.jar;C:\Program Files\Java\jdk1.8.0_77\jre\lib\rt.jar;C:\Program Files\Java\jdk1.8.0_77\jre\lib\sunrsasign.jar;C:\Program Files\Java\jdk1.8.0_77\jre\lib\jsse.jar;C:\Program Files\Java\jdk1.8.0_77\jre\lib\jce.jar;C:\Program Files\Java\jdk1.8.0_77\jre\lib\charsets.jar;C:\Program Files\Java\jdk1.8.0_77\jre\lib\jfr.jar;C:\Program Files\Java\jdk1.8.0_77\jre\classes"/>
    <property name="EXECUTOR_NUMBER" value="0"/>
    <property name="sun.desktop" value="windows"/>
    <property name="PATHEXT" value=".COM;.EXE;.BAT;.CMD;.VBS;.VBE;.JS;.JSE;.WSF;.WSH;.MSC"/>
    <property name="java.vm.specification.vendor" value="Oracle Corporation"/>
    <property name="POM_DISPLAYNAME" value="AutomationFramework"/>
    <property name="NODE_LABELS" value="master"/>
    <property name="TEMP" value="C:\WINDOWS\TEMP"/>
    <property name="java.runtime.version" value="1.8.0_77-b03"/>
    <property name="user.name" value="NACTS-081729$"/>
    <property name="RoxioCentral" value="C:\Program Files (x86)\Common Files\Roxio Shared\10.0\Roxio Central36\"/>
    <property name="guice.disable.misplaced.annotation.check" value="true"/>
    <property name="CommonProgramW6432" value="C:\Program Files\Common Files"/>
    <property name="ProgramFiles" value="C:\Program Files (x86)"/>
    <property name="user.language" value="en"/>
    <property name="BUILD_DISPLAY_NAME" value="#4"/>
    <property name="sun.boot.library.path" value="C:\Program Files\Java\jdk1.8.0_77\jre\bin"/>
    <property name="LOCALAPPDATA" value="C:\WINDOWS\system32\config\systemprofile\AppData\Local"/>
    <property name="java.version" value="1.8.0_77"/>
    <property name="PROCESSOR_LEVEL" value="6"/>
    <property name="user.timezone" value="America/Los_Angeles"/>
    <property name="USERNAME" value="NACTS-081729$"/>
    <property name="sun.arch.data.model" value="64"/>
    <property name="NODE_NAME" value="master"/>
    <property name="PROCESSOR_ARCHITEW6432" value="AMD64"/>
    <property name="java.endorsed.dirs" value="C:\Program Files\Java\jdk1.8.0_77\jre\lib\endorsed"/>
    <property name="BUILD_ID" value="4"/>
    <property name="sun.cpu.isalist" value="amd64"/>
    <property name="sun.jnu.encoding" value="Cp1252"/>
    <property name="file.encoding.pkg" value="sun.io"/>
    <property name="file.separator" value="\"/>
    <property name="java.specification.name" value="Java Platform API Specification"/>
    <property name="java.class.version" value="52.0"/>
    <property name="org.slf4j.simpleLogger.defaultLogLevel" value="info"/>
    <property name="user.country" value="US"/>
    <property name="ALLUSERSPROFILE" value="C:\ProgramData"/>
    <property name="java.home" value="C:\Program Files\Java\jdk1.8.0_77\jre"/>
    <property name="java.vm.info" value="mixed mode"/>
    <property name="os.version" value="6.1"/>
    <property name="POM_VERSION" value="0.0.1-SNAPSHOT"/>
    <property name="TMP" value="C:\WINDOWS\TEMP"/>
    <property name="path.separator" value=";"/>
    <property name="java.vm.version" value="25.77-b03"/>
    <property name="user.variant" value=""/>
    <property name="CommonProgramFiles(x86)" value="C:\Program Files (x86)\Common Files"/>
    <property name="java.awt.printerjob" value="sun.awt.windows.WPrinterJob"/>
    <property name="GRADLE_HOME" value="C:\Users\200123\Downloads\gradle-2.13-all\gradle-2.13"/>
    <property name="FP_NO_HOST_CHECK" value="NO"/>
    <property name="JAVA_HOME" value="C:\Program Files\Java\jdk1.8.0_77"/>
    <property name="sun.io.unicode.encoding" value="UnicodeLittle"/>
    <property name="CommonProgramFiles" value="C:\Program Files (x86)\Common Files"/>
    <property name="ComSpec" value="C:\WINDOWS\system32\cmd.exe"/>
    <property name="awt.toolkit" value="sun.awt.windows.WToolkit"/>
    <property name="POM_PACKAGING" value="jar"/>
    <property name="SERVICE_ID" value="jenkins"/>
    <property name="COMPUTERNAME" value="NACTS-081729"/>
    <property name="user.script" value=""/>
    <property name="POM_GROUPID" value="CmcAutomation"/>
    <property name="PUBLIC" value="C:\Users\Public"/>
    <property name="user.home" value="C:\WINDOWS\system32\config\systemprofile"/>
    <property name="BUILD_TAG" value="jenkins-CTAAutomation-4"/>
    <property name="JENKINS_SERVER_COOKIE" value="e365e32deb8c86f4"/>
    <property name="HUDSON_URL" value="http://149.63.89.132:8080/"/>
    <property name="ProgramData" value="C:\ProgramData"/>
    <property name="java.specification.vendor" value="Oracle Corporation"/>
    <property name="USERPROFILE" value="C:\WINDOWS\system32\config\systemprofile"/>
    <property name="CLASSPATH" value=""/>
    <property name="java.vendor.url" value="http://java.oracle.com/"/>
    <property name="java.library.path" value="C:\Program Files\Java\jdk1.8.0_77\bin;C:\WINDOWS\Sun\Java\bin;C:\WINDOWS\system32;C:\WINDOWS;C:\Program Files (x86)\Jenkins\tools\hudson.tasks.Maven_MavenInstallation\Maven/bin;C:\Program Files\Java\jdk1.8.0_77/bin;C:\Program Files\Java\jdk1.8.0_77/bin;C:\ProgramData\Oracle\Java\javapath;C:\oracle\product\10.2.0\clientx86_1\bin;C:\WINDOWS\system32;C:\WINDOWS;C:\WINDOWS\System32\Wbem;C:\WINDOWS\System32\WindowsPowerShell\v1.0\;C:\Program Files (x86)\Common Files\Roxio Shared\DLLShared\;C:\Program Files (x86)\Common Files\Roxio Shared\10.0\DLLShared\;C:\Program Files (x86)\Riverbed\Steelhead Mobile\;C:\apache-maven-3.3.9\bin;C:\Program Files\Java\jdk1.8.0_77\bin;C:\Program Files\MongoDB\Server\3.2\bin;C:\Users\200123\Downloads\gradle-2.13-all\gradle-2.13\bin;C:\dev\bin;C:\cts\jdk8\bin;C:\dev\unix\usr\local\wbin;C:\Program Files\nodejs\;C:\dev\unix\usr\local\wbin;;."/>
    <property name="java.vm.vendor" value="Oracle Corporation"/>
    <property name="APPDATA" value="C:\WINDOWS\system32\config\systemprofile\AppData\Roaming"/>
    <property name="java.runtime.name" value="Java(TM) SE Runtime Environment"/>
    <property name="maven.home" value="C:\Program Files (x86)\Jenkins\tools\hudson.tasks.Maven_MavenInstallation\Maven"/>
    <property name="java.class.path" value="C:\Program Files (x86)\Jenkins\plugins\maven-plugin\WEB-INF\lib\maven31-agent-1.5.jar;C:\Program Files (x86)\Jenkins\tools\hudson.tasks.Maven_MavenInstallation\Maven\boot\plexus-classworlds-2.5.2.jar;C:\Program Files (x86)\Jenkins\tools\hudson.tasks.Maven_MavenInstallation\Maven/conf/logging"/>
    <property name="sun.java.command" value="jenkins.maven3.agent.Maven31Main C:\Program Files (x86)\Jenkins\tools\hudson.tasks.Maven_MavenInstallation\Maven C:\Program Files (x86)\Jenkins\war\WEB-INF\lib\remoting-2.53.3.jar C:\Program Files (x86)\Jenkins\plugins\maven-plugin\WEB-INF\lib\maven31-interceptor-1.5.jar C:\Program Files (x86)\Jenkins\plugins\maven-plugin\WEB-INF\lib\maven3-interceptor-commons-1.5.jar 62003"/>
    <property name="Path" value="C:\Program Files\Java\jdk1.8.0_77/bin;C:\ProgramData\Oracle\Java\javapath;C:\oracle\product\10.2.0\clientx86_1\bin;C:\WINDOWS\system32;C:\WINDOWS;C:\WINDOWS\System32\Wbem;C:\WINDOWS\System32\WindowsPowerShell\v1.0\;C:\Program Files (x86)\Common Files\Roxio Shared\DLLShared\;C:\Program Files (x86)\Common Files\Roxio Shared\10.0\DLLShared\;C:\Program Files (x86)\Riverbed\Steelhead Mobile\;C:\apache-maven-3.3.9\bin;C:\Program Files\Java\jdk1.8.0_77\bin;C:\Program Files\MongoDB\Server\3.2\bin;C:\Users\200123\Downloads\gradle-2.13-all\gradle-2.13\bin;C:\dev\bin;C:\cts\jdk8\bin;C:\dev\unix\usr\local\wbin;C:\Program Files\nodejs\;C:\dev\unix\usr\local\wbin;"/>
    <property name="java.vm.specification.name" value="Java Virtual Machine Specification"/>
    <property name="PROCESSOR_ARCHITECTURE" value="x86"/>
    <property name="PATH+JDK" value="C:\Program Files\Java\jdk1.8.0_77/bin"/>
    <property name="PROCESSOR_IDENTIFIER" value="Intel64 Family 6 Model 61 Stepping 4, GenuineIntel"/>
    <property name="java.vm.specification.version" value="1.8"/>
    <property name="sun.os.patch.level" value="Service Pack 1"/>
    <property name="sun.cpu.endian" value="little"/>
    <property name="M2_HOME" value="C:\Program Files (x86)\Jenkins\tools\hudson.tasks.Maven_MavenInstallation\Maven"/>
    <property name="java.io.tmpdir" value="C:\WINDOWS\TEMP\"/>
    <property name="OS" value="Windows_NT"/>
    <property name="HUDSON_HOME" value="C:\Program Files (x86)\Jenkins"/>
    <property name="PATH+MAVEN" value="C:\Program Files (x86)\Jenkins\tools\hudson.tasks.Maven_MavenInstallation\Maven/bin"/>
    <property name="ProgramFiles(x86)" value="C:\Program Files (x86)"/>
    <property name="BUILD_URL" value="http://149.63.89.132:8080/job/CTAAutomation/4/"/>
    <property name="java.vendor.url.bug" value="http://bugreport.sun.com/bugreport/"/>
    <property name="java.awt.graphicsenv" value="sun.awt.Win32GraphicsEnvironment"/>
    <property name="os.arch" value="amd64"/>
    <property name="SystemRoot" value="C:\WINDOWS"/>
    <property name="windows_tracing_flags" value="3"/>
    <property name="java.ext.dirs" value="C:\Program Files\Java\jdk1.8.0_77\jre\lib\ext;C:\WINDOWS\Sun\Java\lib\ext"/>
    <property name="user.dir" value="C:\Users\200123\workspace\CtaAutomation"/>
    <property name="JOB_URL" value="http://149.63.89.132:8080/job/CTAAutomation/"/>
    <property name="USERDOMAIN" value="CARCGNT"/>
    <property name="line.separator" value="
"/>
    <property name="MAVEN_HOME" value="C:\Program Files (x86)\Jenkins\tools\hudson.tasks.Maven_MavenInstallation\Maven"/>
    <property name="java.vm.name" value="Java HotSpot(TM) 64-Bit Server VM"/>
    <property name="BUILD_NUMBER" value="4"/>
    <property name="BASE" value="C:\Program Files (x86)\Jenkins"/>
    <property name="JENKINS_URL" value="http://149.63.89.132:8080/"/>
    <property name="PROCESSOR_REVISION" value="3d04"/>
    <property name="UATDATA" value="C:\Windows\SysWOW64\CCM\UATData\D9F8C395-CAB8-491d-B8AC-179A1FE1BE77"/>
    <property name="ProgramW6432" value="C:\Program Files"/>
    <property name="windir" value="C:\WINDOWS"/>
    <property name="file.encoding" value="Cp1252"/>
    <property name="SystemDrive" value="C:"/>
    <property name="maven3.interceptor" value="C:\Program Files (x86)\Jenkins\plugins\maven-plugin\WEB-INF\lib\maven31-interceptor-1.5.jar"/>
    <property name="WORKSPACE" value="C:\Program Files (x86)\Jenkins\jobs\CTAAutomation\workspace"/>
    <property name="maven3.interceptor.common" value="C:\Program Files (x86)\Jenkins\plugins\maven-plugin\WEB-INF\lib\maven3-interceptor-commons-1.5.jar"/>
    <property name="WINSW_EXECUTABLE" value="C:\Program Files (x86)\Jenkins\jenkins.exe"/>
    <property name="java.specification.version" value="1.8"/>
    <property name="PSModulePath" value="C:\WINDOWS\system32\WindowsPowerShell\v1.0\Modules\"/>
  </properties>
  <testcase classname="automationFramework.TestCases.GroupSalesManageTest" name="setUp" time="3.386">
    <failure type="java.lang.NullPointerException">java.lang.NullPointerException
	at automationFramework.TestCases.GroupSalesManageTest.setUp(GroupSalesManageTest.java:33)
</failure>
    <system-out>Time in Milliseconds: 0 
Test Case: automationFramework.TestCases.GroupSalesManageTest 
Time Stamp: 2016-09-01 01:02:08,681 
Code Location: automationFramework.TestCases.GroupSalesManageTest.setUp(GroupSalesManageTest.java:29) 
Log Message: Setup Started 
 
2016-09-01 01:02:08,681 INFO  [Logger] Setup Started 
Time in Milliseconds: 150 
Test Case: automationFramework.TestCases.GroupSalesManageTest 
Time Stamp: 2016-09-01 01:02:08,831 
Code Location: automationFramework.TestCases.GroupSalesManageTest.setUp(GroupSalesManageTest.java:30) 
Log Message: Current OS: Windows 7 Enterprise 
 
2016-09-01 01:02:08,831 INFO  [Logger] Current OS: Windows 7 Enterprise 
Time in Milliseconds: 151 
Test Case: automationFramework.TestCases.GroupSalesManageTest 
Time Stamp: 2016-09-01 01:02:08,832 
Code Location: automationFramework.TestCases.GroupSalesManageTest.setUp(GroupSalesManageTest.java:31) 
Log Message: Current Browser: chrome.exe 
 
2016-09-01 01:02:08,832 INFO  [Logger] Current Browser: chrome.exe 
</system-out>
    <system-err>Starting ChromeDriver 2.23.409699 (49b0fa931cda1caad0ae15b7d1b68004acd05129) on port 37370
Only local connections are allowed.
</system-err>
  </testcase>
  <testcase classname="automationFramework.TestCases.GroupSalesManageTest" name="manageTransitGroupSales" time="0">
    <skipped/>
  </testcase>
  <testcase classname="automationFramework.TestCases.GroupSalesManageTest" name="tearDown" time="0">
    <skipped/>
  </testcase>
  <testcase classname="automationFramework.TestCases.GroupSalesTest" name="setUp" time="2.089">
    <failure type="java.lang.NullPointerException">java.lang.NullPointerException
	at automationFramework.TestCases.GroupSalesTest.setUp(GroupSalesTest.java:33)
</failure>
    <system-out>Time in Milliseconds: 2661 
Test Case: automationFramework.TestCases.GroupSalesTest 
Time Stamp: 2016-09-01 01:02:11,342 
Code Location: automationFramework.TestCases.GroupSalesTest.setUp(GroupSalesTest.java:29) 
Log Message: Setup Started 
 
Time in Milliseconds: 2661 
Test Case: automationFramework.TestCases.GroupSalesTest 
Time Stamp: 2016-09-01 01:02:11,342 
Code Location: automationFramework.TestCases.GroupSalesTest.setUp(GroupSalesTest.java:29) 
Log Message: Setup Started 
 
2016-09-01 01:02:11,342 INFO  [Logger] Setup Started 
Time in Milliseconds: 2712 
Test Case: automationFramework.TestCases.GroupSalesTest 
Time Stamp: 2016-09-01 01:02:11,393 
Code Location: automationFramework.TestCases.GroupSalesTest.setUp(GroupSalesTest.java:30) 
Log Message: Current OS: Windows 7 Enterprise 
 
Time in Milliseconds: 2712 
Test Case: automationFramework.TestCases.GroupSalesTest 
Time Stamp: 2016-09-01 01:02:11,393 
Code Location: automationFramework.TestCases.GroupSalesTest.setUp(GroupSalesTest.java:30) 
Log Message: Current OS: Windows 7 Enterprise 
 
2016-09-01 01:02:11,393 INFO  [Logger] Current OS: Windows 7 Enterprise 
Time in Milliseconds: 2713 
Test Case: automationFramework.TestCases.GroupSalesTest 
Time Stamp: 2016-09-01 01:02:11,394 
Code Location: automationFramework.TestCases.GroupSalesTest.setUp(GroupSalesTest.java:31) 
Log Message: Current Browser: chrome.exe 
 
Time in Milliseconds: 2713 
Test Case: automationFramework.TestCases.GroupSalesTest 
Time Stamp: 2016-09-01 01:02:11,394 
Code Location: automationFramework.TestCases.GroupSalesTest.setUp(GroupSalesTest.java:31) 
Log Message: Current Browser: chrome.exe 
 
2016-09-01 01:02:11,394 INFO  [Logger] Current Browser: chrome.exe 
</system-out>
    <system-err>Starting ChromeDriver 2.23.409699 (49b0fa931cda1caad0ae15b7d1b68004acd05129) on port 17816
Only local connections are allowed.
</system-err>
  </testcase>
  <testcase classname="automationFramework.TestCases.GroupSalesTest" name="loadValueGroupSales" time="0">
    <skipped/>
  </testcase>
  <testcase classname="automationFramework.TestCases.GroupSalesTest" name="tearDown" time="0">
    <skipped/>
  </testcase>
  <testcase classname="automationFramework.TestCases.TransitBenefitsTest" name="setUp" time="1.573">
    <failure type="java.lang.NullPointerException">java.lang.NullPointerException
	at automationFramework.TestCases.TransitBenefitsTest.setUp(TransitBenefitsTest.java:33)
</failure>
    <system-out>Time in Milliseconds: 4741 
Test Case: automationFramework.TestCases.TransitBenefitsTest 
Time Stamp: 2016-09-01 01:02:13,422 
Code Location: automationFramework.TestCases.TransitBenefitsTest.setUp(TransitBenefitsTest.java:29) 
Log Message: Setup Started 
 
Time in Milliseconds: 4741 
Test Case: automationFramework.TestCases.TransitBenefitsTest 
Time Stamp: 2016-09-01 01:02:13,422 
Code Location: automationFramework.TestCases.TransitBenefitsTest.setUp(TransitBenefitsTest.java:29) 
Log Message: Setup Started 
 
Time in Milliseconds: 4741 
Test Case: automationFramework.TestCases.TransitBenefitsTest 
Time Stamp: 2016-09-01 01:02:13,422 
Code Location: automationFramework.TestCases.TransitBenefitsTest.setUp(TransitBenefitsTest.java:29) 
Log Message: Setup Started 
 
2016-09-01 01:02:13,422 INFO  [Logger] Setup Started 
Time in Milliseconds: 4792 
Test Case: automationFramework.TestCases.TransitBenefitsTest 
Time Stamp: 2016-09-01 01:02:13,473 
Code Location: automationFramework.TestCases.TransitBenefitsTest.setUp(TransitBenefitsTest.java:30) 
Log Message: Current OS: Windows 7 Enterprise 
 
Time in Milliseconds: 4792 
Test Case: automationFramework.TestCases.TransitBenefitsTest 
Time Stamp: 2016-09-01 01:02:13,473 
Code Location: automationFramework.TestCases.TransitBenefitsTest.setUp(TransitBenefitsTest.java:30) 
Log Message: Current OS: Windows 7 Enterprise 
 
Time in Milliseconds: 4792 
Test Case: automationFramework.TestCases.TransitBenefitsTest 
Time Stamp: 2016-09-01 01:02:13,473 
Code Location: automationFramework.TestCases.TransitBenefitsTest.setUp(TransitBenefitsTest.java:30) 
Log Message: Current OS: Windows 7 Enterprise 
 
2016-09-01 01:02:13,473 INFO  [Logger] Current OS: Windows 7 Enterprise 
Time in Milliseconds: 4793 
Test Case: automationFramework.TestCases.TransitBenefitsTest 
Time Stamp: 2016-09-01 01:02:13,474 
Code Location: automationFramework.TestCases.TransitBenefitsTest.setUp(TransitBenefitsTest.java:31) 
Log Message: Current Browser: chrome.exe 
 
Time in Milliseconds: 4793 
Test Case: automationFramework.TestCases.TransitBenefitsTest 
Time Stamp: 2016-09-01 01:02:13,474 
Code Location: automationFramework.TestCases.TransitBenefitsTest.setUp(TransitBenefitsTest.java:31) 
Log Message: Current Browser: chrome.exe 
 
Time in Milliseconds: 4793 
Test Case: automationFramework.TestCases.TransitBenefitsTest 
Time Stamp: 2016-09-01 01:02:13,474 
Code Location: automationFramework.TestCases.TransitBenefitsTest.setUp(TransitBenefitsTest.java:31) 
Log Message: Current Browser: chrome.exe 
 
2016-09-01 01:02:13,474 INFO  [Logger] Current Browser: chrome.exe 
</system-out>
    <system-err>Starting ChromeDriver 2.23.409699 (49b0fa931cda1caad0ae15b7d1b68004acd05129) on port 38438
Only local connections are allowed.
</system-err>
  </testcase>
  <testcase classname="automationFramework.TestCases.TransitBenefitsTest" name="enterEmployerDetails" time="0">
    <skipped/>
  </testcase>
  <testcase classname="automationFramework.TestCases.TransitBenefitsTest" name="tearDown" time="0">
    <skipped/>
  </testcase>
  <testcase classname="automationFramework.TestCases.VentraCardTest" name="setUp" time="2.096">
    <failure type="java.lang.NullPointerException">java.lang.NullPointerException
	at automationFramework.TestCases.VentraCardTest.setUp(VentraCardTest.java:57)
</failure>
    <system-out>Time in Milliseconds: 6323 
Test Case: automationFramework.TestCases.VentraCardTest 
Time Stamp: 2016-09-01 01:02:15,004 
Code Location: automationFramework.TestCases.VentraCardTest.setUp(VentraCardTest.java:53) 
Log Message: Setup Started 
 
Time in Milliseconds: 6323 
Test Case: automationFramework.TestCases.VentraCardTest 
Time Stamp: 2016-09-01 01:02:15,004 
Code Location: automationFramework.TestCases.VentraCardTest.setUp(VentraCardTest.java:53) 
Log Message: Setup Started 
 
Time in Milliseconds: 6323 
Test Case: automationFramework.TestCases.VentraCardTest 
Time Stamp: 2016-09-01 01:02:15,004 
Code Location: automationFramework.TestCases.VentraCardTest.setUp(VentraCardTest.java:53) 
Log Message: Setup Started 
 
Time in Milliseconds: 6323 
Test Case: automationFramework.TestCases.VentraCardTest 
Time Stamp: 2016-09-01 01:02:15,004 
Code Location: automationFramework.TestCases.VentraCardTest.setUp(VentraCardTest.java:53) 
Log Message: Setup Started 
 
2016-09-01 01:02:15,004 INFO  [Logger] Setup Started 
Time in Milliseconds: 6378 
Test Case: automationFramework.TestCases.VentraCardTest 
Time Stamp: 2016-09-01 01:02:15,059 
Code Location: automationFramework.TestCases.VentraCardTest.setUp(VentraCardTest.java:54) 
Log Message: Current OS: Windows 7 Enterprise 
 
Time in Milliseconds: 6378 
Test Case: automationFramework.TestCases.VentraCardTest 
Time Stamp: 2016-09-01 01:02:15,059 
Code Location: automationFramework.TestCases.VentraCardTest.setUp(VentraCardTest.java:54) 
Log Message: Current OS: Windows 7 Enterprise 
 
Time in Milliseconds: 6378 
Test Case: automationFramework.TestCases.VentraCardTest 
Time Stamp: 2016-09-01 01:02:15,059 
Code Location: automationFramework.TestCases.VentraCardTest.setUp(VentraCardTest.java:54) 
Log Message: Current OS: Windows 7 Enterprise 
 
Time in Milliseconds: 6378 
Test Case: automationFramework.TestCases.VentraCardTest 
Time Stamp: 2016-09-01 01:02:15,059 
Code Location: automationFramework.TestCases.VentraCardTest.setUp(VentraCardTest.java:54) 
Log Message: Current OS: Windows 7 Enterprise 
 
2016-09-01 01:02:15,059 INFO  [Logger] Current OS: Windows 7 Enterprise 
Time in Milliseconds: 6379 
Test Case: automationFramework.TestCases.VentraCardTest 
Time Stamp: 2016-09-01 01:02:15,060 
Code Location: automationFramework.TestCases.VentraCardTest.setUp(VentraCardTest.java:55) 
Log Message: Current Browser: chrome.exe 
 
Time in Milliseconds: 6379 
Test Case: automationFramework.TestCases.VentraCardTest 
Time Stamp: 2016-09-01 01:02:15,060 
Code Location: automationFramework.TestCases.VentraCardTest.setUp(VentraCardTest.java:55) 
Log Message: Current Browser: chrome.exe 
 
Time in Milliseconds: 6379 
Test Case: automationFramework.TestCases.VentraCardTest 
Time Stamp: 2016-09-01 01:02:15,060 
Code Location: automationFramework.TestCases.VentraCardTest.setUp(VentraCardTest.java:55) 
Log Message: Current Browser: chrome.exe 
 
Time in Milliseconds: 6379 
Test Case: automationFramework.TestCases.VentraCardTest 
Time Stamp: 2016-09-01 01:02:15,060 
Code Location: automationFramework.TestCases.VentraCardTest.setUp(VentraCardTest.java:55) 
Log Message: Current Browser: chrome.exe 
 
2016-09-01 01:02:15,060 INFO  [Logger] Current Browser: chrome.exe 
</system-out>
    <system-err>Starting ChromeDriver 2.23.409699 (49b0fa931cda1caad0ae15b7d1b68004acd05129) on port 12654
Only local connections are allowed.
</system-err>
  </testcase>
  <testcase classname="automationFramework.TestCases.VentraCardTest" name="getVentraCard" time="0">
    <skipped/>
  </testcase>
  <testcase classname="automationFramework.TestCases.VentraCardTest" name="tearDown" time="0">
    <skipped/>
  </testcase>
  <testcase classname="automationFramework.TestCases.VentraCardTest" name="setUp" time="0">
    <skipped/>
  </testcase>
  <testcase classname="automationFramework.TestCases.VentraCardTest" name="forgotPasswd" time="0">
    <skipped/>
  </testcase>
  <testcase classname="automationFramework.TestCases.VentraCardTest" name="tearDown" time="0">
    <skipped/>
  </testcase>
  <testcase classname="automationFramework.TestCases.VentraCardTest" name="setUp" time="0">
    <skipped/>
  </testcase>
  <testcase classname="automationFramework.TestCases.VentraCardTest" name="forgotUsername" time="0">
    <skipped/>
  </testcase>
  <testcase classname="automationFramework.TestCases.VentraCardTest" name="tearDown" time="0">
    <skipped/>
  </testcase>
  <testcase classname="automationFramework.TestCases.VentraCardTest" name="setUp" time="0">
    <skipped/>
  </testcase>
  <testcase classname="automationFramework.TestCases.VentraCardTest" name="accountLogin" time="0">
    <skipped/>
  </testcase>
  <testcase classname="automationFramework.TestCases.VentraCardTest" name="tearDown" time="0.004">
    <skipped/>
  </testcase>
</testsuite>