<?xml version="1.0" encoding="UTF-8"?>
<testng-results skipped="0" failed="3" total="19" passed="16">
  <reporter-output>
    <line>
      <![CDATA[TearDown Complete]]>
    </line>
    <line>
      <![CDATA[TearDown Complete]]>
    </line>
    <line>
      <![CDATA[TearDown Complete]]>
    </line>
    <line>
      <![CDATA[TearDown Complete]]>
    </line>
    <line>
      <![CDATA[TearDown Complete]]>
    </line>
    <line>
      <![CDATA[TearDown Complete]]>
    </line>
    <line>
      <![CDATA[TearDown Complete]]>
    </line>
    <line>
      <![CDATA[TearDown Complete]]>
    </line>
    <line>
      <![CDATA[TearDown Complete]]>
    </line>
    <line>
      <![CDATA[TearDown Complete]]>
    </line>
    <line>
      <![CDATA[TearDown Complete]]>
    </line>
    <line>
      <![CDATA[TearDown Complete]]>
    </line>
    <line>
      <![CDATA[TearDown Complete]]>
    </line>
    <line>
      <![CDATA[TearDown Complete]]>
    </line>
    <line>
      <![CDATA[TearDown Complete]]>
    </line>
  </reporter-output>
  <suite name="Automation - Suite" duration-ms="1231495" started-at="2016-09-28T00:22:36Z" finished-at="2016-09-28T00:43:08Z">
    <groups>
    </groups>
    <test name="ChromeTest" duration-ms="1231495" started-at="2016-09-28T00:22:36Z" finished-at="2016-09-28T00:43:08Z">
      <class name="automationFramework.TestCases.GroupAccountAddPaymentCC">
        <test-method status="PASS" signature="setUp(java.lang.String)[pri:0, instance:automationFramework.TestCases.GroupAccountAddPaymentCC@7a765367]" name="setUp" is-config="true" duration-ms="2055" started-at="2016-09-27T17:32:16Z" finished-at="2016-09-27T17:32:18Z">
          <params>
            <param index="0">
              <value>
                <![CDATA[chrome.exe]]>
              </value>
            </param>
          </params>
          <reporter-output>
          </reporter-output>
        </test-method> <!-- setUp -->
        <test-method status="PASS" signature="addCCPayment()[pri:0, instance:automationFramework.TestCases.GroupAccountAddPaymentCC@7a765367]" name="addCCPayment" duration-ms="40147" started-at="2016-09-27T17:32:18Z" finished-at="2016-09-27T17:32:58Z">
          <reporter-output>
          </reporter-output>
        </test-method> <!-- addCCPayment -->
        <test-method status="PASS" signature="tearDown()[pri:0, instance:automationFramework.TestCases.GroupAccountAddPaymentCC@7a765367]" name="tearDown" is-config="true" duration-ms="1062" started-at="2016-09-27T17:32:58Z" finished-at="2016-09-27T17:32:59Z">
          <reporter-output>
            <line>
              <![CDATA[TearDown Complete]]>
            </line>
          </reporter-output>
        </test-method> <!-- tearDown -->
      </class> <!-- automationFramework.TestCases.GroupAccountAddPaymentCC -->
      <class name="automationFramework.TestCases.VentraCardTest">
        <test-method status="PASS" signature="setUp(java.lang.String)[pri:0, instance:automationFramework.TestCases.VentraCardTest@4493d195]" name="setUp" is-config="true" duration-ms="2746" started-at="2016-09-27T17:22:36Z" finished-at="2016-09-27T17:22:39Z">
          <params>
            <param index="0">
              <value>
                <![CDATA[chrome.exe]]>
              </value>
            </param>
          </params>
          <reporter-output>
          </reporter-output>
        </test-method> <!-- setUp -->
        <test-method status="PASS" signature="getVentraCard()[pri:0, instance:automationFramework.TestCases.VentraCardTest@4493d195]" name="getVentraCard" duration-ms="77356" started-at="2016-09-27T17:22:39Z" finished-at="2016-09-27T17:23:56Z">
          <reporter-output>
          </reporter-output>
        </test-method> <!-- getVentraCard -->
        <test-method status="PASS" signature="tearDown()[pri:0, instance:automationFramework.TestCases.VentraCardTest@4493d195]" name="tearDown" is-config="true" duration-ms="1045" started-at="2016-09-27T17:23:56Z" finished-at="2016-09-27T17:23:57Z">
          <reporter-output>
            <line>
              <![CDATA[TearDown Complete]]>
            </line>
          </reporter-output>
        </test-method> <!-- tearDown -->
      </class> <!-- automationFramework.TestCases.VentraCardTest -->
      <class name="automationFramework.TestCases.AddMaxPassTest">
        <test-method status="PASS" signature="setUp(java.lang.String)[pri:0, instance:automationFramework.TestCases.AddMaxPassTest@7d70d1b1]" name="setUp" is-config="true" duration-ms="2071" started-at="2016-09-27T17:39:33Z" finished-at="2016-09-27T17:39:35Z">
          <params>
            <param index="0">
              <value>
                <![CDATA[chrome.exe]]>
              </value>
            </param>
          </params>
          <reporter-output>
          </reporter-output>
        </test-method> <!-- setUp -->
        <test-method status="FAIL" signature="addMaxPass()[pri:0, instance:automationFramework.TestCases.AddMaxPassTest@7d70d1b1]" name="addMaxPass" duration-ms="122986" started-at="2016-09-27T17:39:35Z" finished-at="2016-09-27T17:41:38Z">
          <exception class="org.openqa.selenium.NoSuchElementException">
            <message>
              <![CDATA[no such element: Unable to locate element: {"method":"xpath","selector":"//*[@id='CT_Main_2_pnlContent']/div[2]/div[6]/table/tbody/tr/td[1]/a"}
  (Session info: chrome=53.0.2785.116)
  (Driver info: chromedriver=2.23.409699 (49b0fa931cda1caad0ae15b7d1b68004acd05129),platform=Windows NT 6.1.7601 SP1 x86_64) (WARNING: The server did not provide any stacktrace information)
Command duration or timeout: 60.02 seconds
For documentation on this error, please visit: http://seleniumhq.org/exceptions/no_such_element.html
Build info: version: '2.45.0', revision: '5017cb8e7ca8e37638dc3091b2440b90a1d8686f', time: '2015-02-27 09:10:26'
System info: host: 'NACTS-081729', ip: '149.63.5.55', os.name: 'Windows 7', os.arch: 'amd64', os.version: '6.1', java.version: '1.8.0_77'
Driver info: org.openqa.selenium.chrome.ChromeDriver
Capabilities [{applicationCacheEnabled=false, rotatable=false, mobileEmulationEnabled=false, networkConnectionEnabled=false, chrome={chromedriverVersion=2.23.409699 (49b0fa931cda1caad0ae15b7d1b68004acd05129), userDataDir=C:\Users\200123\AppData\Local\Temp\scoped_dir15104_16111}, takesHeapSnapshot=true, databaseEnabled=false, handlesAlerts=true, hasTouchScreen=false, version=53.0.2785.116, platform=XP, browserConnectionEnabled=false, nativeEvents=true, acceptSslCerts=true, locationContextEnabled=true, webStorageEnabled=true, browserName=chrome, takesScreenshot=true, javascriptEnabled=true, cssSelectorsEnabled=true}]
Session ID: 24ca1e8e0957f59659b8a6584fc33706
*** Element info: {Using=xpath, value=//*[@id='CT_Main_2_pnlContent']/div[2]/div[6]/table/tbody/tr/td[1]/a}]]>
            </message>
            <full-stacktrace>
              <![CDATA[org.openqa.selenium.NoSuchElementException: no such element: Unable to locate element: {"method":"xpath","selector":"//*[@id='CT_Main_2_pnlContent']/div[2]/div[6]/table/tbody/tr/td[1]/a"}
  (Session info: chrome=53.0.2785.116)
  (Driver info: chromedriver=2.23.409699 (49b0fa931cda1caad0ae15b7d1b68004acd05129),platform=Windows NT 6.1.7601 SP1 x86_64) (WARNING: The server did not provide any stacktrace information)
Command duration or timeout: 60.02 seconds
For documentation on this error, please visit: http://seleniumhq.org/exceptions/no_such_element.html
Build info: version: '2.45.0', revision: '5017cb8e7ca8e37638dc3091b2440b90a1d8686f', time: '2015-02-27 09:10:26'
System info: host: 'NACTS-081729', ip: '149.63.5.55', os.name: 'Windows 7', os.arch: 'amd64', os.version: '6.1', java.version: '1.8.0_77'
Driver info: org.openqa.selenium.chrome.ChromeDriver
Capabilities [{applicationCacheEnabled=false, rotatable=false, mobileEmulationEnabled=false, networkConnectionEnabled=false, chrome={chromedriverVersion=2.23.409699 (49b0fa931cda1caad0ae15b7d1b68004acd05129), userDataDir=C:\Users\200123\AppData\Local\Temp\scoped_dir15104_16111}, takesHeapSnapshot=true, databaseEnabled=false, handlesAlerts=true, hasTouchScreen=false, version=53.0.2785.116, platform=XP, browserConnectionEnabled=false, nativeEvents=true, acceptSslCerts=true, locationContextEnabled=true, webStorageEnabled=true, browserName=chrome, takesScreenshot=true, javascriptEnabled=true, cssSelectorsEnabled=true}]
Session ID: 24ca1e8e0957f59659b8a6584fc33706
*** Element info: {Using=xpath, value=//*[@id='CT_Main_2_pnlContent']/div[2]/div[6]/table/tbody/tr/td[1]/a}
	at sun.reflect.NativeConstructorAccessorImpl.newInstance0(Native Method)
	at sun.reflect.NativeConstructorAccessorImpl.newInstance(Unknown Source)
	at sun.reflect.DelegatingConstructorAccessorImpl.newInstance(Unknown Source)
	at java.lang.reflect.Constructor.newInstance(Unknown Source)
	at org.openqa.selenium.remote.ErrorHandler.createThrowable(ErrorHandler.java:204)
	at org.openqa.selenium.remote.ErrorHandler.throwIfResponseFailed(ErrorHandler.java:156)
	at org.openqa.selenium.remote.RemoteWebDriver.execute(RemoteWebDriver.java:599)
	at org.openqa.selenium.remote.RemoteWebDriver.findElement(RemoteWebDriver.java:352)
	at org.openqa.selenium.remote.RemoteWebDriver.findElementByXPath(RemoteWebDriver.java:449)
	at org.openqa.selenium.By$ByXPath.findElement(By.java:357)
	at org.openqa.selenium.remote.RemoteWebDriver.findElement(RemoteWebDriver.java:344)
	at automationFramework.PageObjects.AccountVentraCardPage.clickAddPass(AccountVentraCardPage.java:63)
	at automationFramework.TestCases.AddMaxPassTest.addMaxPass(AddMaxPassTest.java:66)
	at sun.reflect.NativeMethodAccessorImpl.invoke0(Native Method)
	at sun.reflect.NativeMethodAccessorImpl.invoke(Unknown Source)
	at sun.reflect.DelegatingMethodAccessorImpl.invoke(Unknown Source)
	at java.lang.reflect.Method.invoke(Unknown Source)
	at org.testng.internal.MethodInvocationHelper.invokeMethod(MethodInvocationHelper.java:80)
	at org.testng.internal.Invoker.invokeMethod(Invoker.java:714)
	at org.testng.internal.Invoker.invokeTestMethod(Invoker.java:901)
	at org.testng.internal.Invoker.invokeTestMethods(Invoker.java:1231)
	at org.testng.internal.TestMethodWorker.invokeTestMethods(TestMethodWorker.java:127)
	at org.testng.internal.TestMethodWorker.run(TestMethodWorker.java:111)
	at org.testng.TestRunner.privateRun(TestRunner.java:767)
	at org.testng.TestRunner.run(TestRunner.java:617)
	at org.testng.SuiteRunner.runTest(SuiteRunner.java:334)
	at org.testng.SuiteRunner.runSequentially(SuiteRunner.java:329)
	at org.testng.SuiteRunner.privateRun(SuiteRunner.java:291)
	at org.testng.SuiteRunner.run(SuiteRunner.java:240)
	at org.testng.SuiteRunnerWorker.runSuite(SuiteRunnerWorker.java:52)
	at org.testng.SuiteRunnerWorker.run(SuiteRunnerWorker.java:86)
	at org.testng.TestNG.runSuitesSequentially(TestNG.java:1198)
	at org.testng.TestNG.runSuitesLocally(TestNG.java:1123)
	at org.testng.TestNG.run(TestNG.java:1031)
	at org.testng.remote.AbstractRemoteTestNG.run(AbstractRemoteTestNG.java:126)
	at org.testng.remote.RemoteTestNG.initAndRun(RemoteTestNG.java:137)
	at org.testng.remote.RemoteTestNG.main(RemoteTestNG.java:58)
]]>
            </full-stacktrace>
          </exception> <!-- org.openqa.selenium.NoSuchElementException -->
          <reporter-output>
          </reporter-output>
        </test-method> <!-- addMaxPass -->
        <test-method status="PASS" signature="tearDown()[pri:0, instance:automationFramework.TestCases.AddMaxPassTest@7d70d1b1]" name="tearDown" is-config="true" duration-ms="2116" started-at="2016-09-27T17:41:38Z" finished-at="2016-09-27T17:41:40Z">
          <reporter-output>
          </reporter-output>
        </test-method> <!-- tearDown -->
      </class> <!-- automationFramework.TestCases.AddMaxPassTest -->
      <class name="automationFramework.TestCases.ForgotPasswdTest">
        <test-method status="PASS" signature="setUp(java.lang.String)[pri:0, instance:automationFramework.TestCases.ForgotPasswdTest@52feb982]" name="setUp" is-config="true" duration-ms="2067" started-at="2016-09-27T17:26:27Z" finished-at="2016-09-27T17:26:29Z">
          <params>
            <param index="0">
              <value>
                <![CDATA[chrome.exe]]>
              </value>
            </param>
          </params>
          <reporter-output>
          </reporter-output>
        </test-method> <!-- setUp -->
        <test-method status="PASS" signature="forgotPasswd()[pri:0, instance:automationFramework.TestCases.ForgotPasswdTest@52feb982]" name="forgotPasswd" duration-ms="26962" started-at="2016-09-27T17:26:29Z" finished-at="2016-09-27T17:26:56Z">
          <reporter-output>
          </reporter-output>
        </test-method> <!-- forgotPasswd -->
        <test-method status="PASS" signature="tearDown()[pri:0, instance:automationFramework.TestCases.ForgotPasswdTest@52feb982]" name="tearDown" is-config="true" duration-ms="1045" started-at="2016-09-27T17:26:56Z" finished-at="2016-09-27T17:26:57Z">
          <reporter-output>
            <line>
              <![CDATA[TearDown Complete]]>
            </line>
          </reporter-output>
        </test-method> <!-- tearDown -->
      </class> <!-- automationFramework.TestCases.ForgotPasswdTest -->
      <class name="automationFramework.TestCases.TransitBenefitsTest">
        <test-method status="PASS" signature="setUp(java.lang.String)[pri:0, instance:automationFramework.TestCases.TransitBenefitsTest@17d677df]" name="setUp" is-config="true" duration-ms="2069" started-at="2016-09-27T17:28:00Z" finished-at="2016-09-27T17:28:02Z">
          <params>
            <param index="0">
              <value>
                <![CDATA[chrome.exe]]>
              </value>
            </param>
          </params>
          <reporter-output>
          </reporter-output>
        </test-method> <!-- setUp -->
        <test-method status="PASS" signature="enterEmployerDetails()[pri:0, instance:automationFramework.TestCases.TransitBenefitsTest@17d677df]" name="enterEmployerDetails" duration-ms="67437" started-at="2016-09-27T17:28:02Z" finished-at="2016-09-27T17:29:09Z">
          <reporter-output>
          </reporter-output>
        </test-method> <!-- enterEmployerDetails -->
        <test-method status="PASS" signature="tearDown()[pri:0, instance:automationFramework.TestCases.TransitBenefitsTest@17d677df]" name="tearDown" is-config="true" duration-ms="1031" started-at="2016-09-27T17:29:09Z" finished-at="2016-09-27T17:29:10Z">
          <reporter-output>
            <line>
              <![CDATA[TearDown Complete]]>
            </line>
          </reporter-output>
        </test-method> <!-- tearDown -->
      </class> <!-- automationFramework.TestCases.TransitBenefitsTest -->
      <class name="automationFramework.TestCases.CheckBalanceTest">
        <test-method status="PASS" signature="setUp(java.lang.String)[pri:0, instance:automationFramework.TestCases.CheckBalanceTest@78e67e0a]" name="setUp" is-config="true" duration-ms="2062" started-at="2016-09-27T17:26:57Z" finished-at="2016-09-27T17:26:59Z">
          <params>
            <param index="0">
              <value>
                <![CDATA[chrome.exe]]>
              </value>
            </param>
          </params>
          <reporter-output>
          </reporter-output>
        </test-method> <!-- setUp -->
        <test-method status="PASS" signature="checkBalance()[pri:0, instance:automationFramework.TestCases.CheckBalanceTest@78e67e0a]" name="checkBalance" duration-ms="25516" started-at="2016-09-27T17:26:59Z" finished-at="2016-09-27T17:27:25Z">
          <reporter-output>
          </reporter-output>
        </test-method> <!-- checkBalance -->
        <test-method status="PASS" signature="tearDown()[pri:0, instance:automationFramework.TestCases.CheckBalanceTest@78e67e0a]" name="tearDown" is-config="true" duration-ms="1062" started-at="2016-09-27T17:27:25Z" finished-at="2016-09-27T17:27:26Z">
          <reporter-output>
            <line>
              <![CDATA[TearDown Complete]]>
            </line>
          </reporter-output>
        </test-method> <!-- tearDown -->
      </class> <!-- automationFramework.TestCases.CheckBalanceTest -->
      <class name="automationFramework.TestCases.GroupSalesTest">
        <test-method status="PASS" signature="setUp(java.lang.String)[pri:0, instance:automationFramework.TestCases.GroupSalesTest@69a3d1d]" name="setUp" is-config="true" duration-ms="2100" started-at="2016-09-27T17:30:04Z" finished-at="2016-09-27T17:30:06Z">
          <params>
            <param index="0">
              <value>
                <![CDATA[chrome.exe]]>
              </value>
            </param>
          </params>
          <reporter-output>
          </reporter-output>
        </test-method> <!-- setUp -->
        <test-method status="PASS" signature="loadValueGroupSales()[pri:0, instance:automationFramework.TestCases.GroupSalesTest@69a3d1d]" name="loadValueGroupSales" duration-ms="65104" started-at="2016-09-27T17:30:06Z" finished-at="2016-09-27T17:31:11Z">
          <reporter-output>
          </reporter-output>
        </test-method> <!-- loadValueGroupSales -->
        <test-method status="PASS" signature="tearDown()[pri:0, instance:automationFramework.TestCases.GroupSalesTest@69a3d1d]" name="tearDown" is-config="true" duration-ms="1061" started-at="2016-09-27T17:31:11Z" finished-at="2016-09-27T17:31:12Z">
          <reporter-output>
            <line>
              <![CDATA[TearDown Complete]]>
            </line>
          </reporter-output>
        </test-method> <!-- tearDown -->
      </class> <!-- automationFramework.TestCases.GroupSalesTest -->
      <class name="automationFramework.TestCases.EmailTest">
        <test-method status="PASS" signature="setUp(java.lang.String)[pri:0, instance:automationFramework.TestCases.EmailTest@2a556333]" name="setUp" is-config="true" duration-ms="2094" started-at="2016-09-27T17:41:40Z" finished-at="2016-09-27T17:41:42Z">
          <params>
            <param index="0">
              <value>
                <![CDATA[chrome.exe]]>
              </value>
            </param>
          </params>
          <reporter-output>
          </reporter-output>
        </test-method> <!-- setUp -->
        <test-method status="FAIL" signature="checkEmailAddValueTest()[pri:0, instance:automationFramework.TestCases.EmailTest@2a556333]" name="checkEmailAddValueTest" duration-ms="84407" started-at="2016-09-27T17:41:42Z" finished-at="2016-09-27T17:43:06Z">
          <exception class="org.openqa.selenium.NoSuchElementException">
            <message>
              <![CDATA[no such element: Unable to locate element: {"method":"xpath","selector":" //*[@id='CT_Main_2_pnlContent']/div[2]/div[1]/div[1]/h1/span[1]"}
  (Session info: chrome=53.0.2785.116)
  (Driver info: chromedriver=2.23.409699 (49b0fa931cda1caad0ae15b7d1b68004acd05129),platform=Windows NT 6.1.7601 SP1 x86_64) (WARNING: The server did not provide any stacktrace information)
Command duration or timeout: 60.06 seconds
For documentation on this error, please visit: http://seleniumhq.org/exceptions/no_such_element.html
Build info: version: '2.45.0', revision: '5017cb8e7ca8e37638dc3091b2440b90a1d8686f', time: '2015-02-27 09:10:26'
System info: host: 'NACTS-081729', ip: '149.63.5.55', os.name: 'Windows 7', os.arch: 'amd64', os.version: '6.1', java.version: '1.8.0_77'
Driver info: org.openqa.selenium.chrome.ChromeDriver
Capabilities [{applicationCacheEnabled=false, rotatable=false, mobileEmulationEnabled=false, networkConnectionEnabled=false, chrome={chromedriverVersion=2.23.409699 (49b0fa931cda1caad0ae15b7d1b68004acd05129), userDataDir=C:\Users\200123\AppData\Local\Temp\scoped_dir1860_6933}, takesHeapSnapshot=true, databaseEnabled=false, handlesAlerts=true, hasTouchScreen=false, version=53.0.2785.116, platform=XP, browserConnectionEnabled=false, nativeEvents=true, acceptSslCerts=true, locationContextEnabled=true, webStorageEnabled=true, browserName=chrome, takesScreenshot=true, javascriptEnabled=true, cssSelectorsEnabled=true}]
Session ID: 851213d26711f70612e49e007d954eea
*** Element info: {Using=xpath, value= //*[@id='CT_Main_2_pnlContent']/div[2]/div[1]/div[1]/h1/span[1]}]]>
            </message>
            <full-stacktrace>
              <![CDATA[org.openqa.selenium.NoSuchElementException: no such element: Unable to locate element: {"method":"xpath","selector":" //*[@id='CT_Main_2_pnlContent']/div[2]/div[1]/div[1]/h1/span[1]"}
  (Session info: chrome=53.0.2785.116)
  (Driver info: chromedriver=2.23.409699 (49b0fa931cda1caad0ae15b7d1b68004acd05129),platform=Windows NT 6.1.7601 SP1 x86_64) (WARNING: The server did not provide any stacktrace information)
Command duration or timeout: 60.06 seconds
For documentation on this error, please visit: http://seleniumhq.org/exceptions/no_such_element.html
Build info: version: '2.45.0', revision: '5017cb8e7ca8e37638dc3091b2440b90a1d8686f', time: '2015-02-27 09:10:26'
System info: host: 'NACTS-081729', ip: '149.63.5.55', os.name: 'Windows 7', os.arch: 'amd64', os.version: '6.1', java.version: '1.8.0_77'
Driver info: org.openqa.selenium.chrome.ChromeDriver
Capabilities [{applicationCacheEnabled=false, rotatable=false, mobileEmulationEnabled=false, networkConnectionEnabled=false, chrome={chromedriverVersion=2.23.409699 (49b0fa931cda1caad0ae15b7d1b68004acd05129), userDataDir=C:\Users\200123\AppData\Local\Temp\scoped_dir1860_6933}, takesHeapSnapshot=true, databaseEnabled=false, handlesAlerts=true, hasTouchScreen=false, version=53.0.2785.116, platform=XP, browserConnectionEnabled=false, nativeEvents=true, acceptSslCerts=true, locationContextEnabled=true, webStorageEnabled=true, browserName=chrome, takesScreenshot=true, javascriptEnabled=true, cssSelectorsEnabled=true}]
Session ID: 851213d26711f70612e49e007d954eea
*** Element info: {Using=xpath, value= //*[@id='CT_Main_2_pnlContent']/div[2]/div[1]/div[1]/h1/span[1]}
	at sun.reflect.NativeConstructorAccessorImpl.newInstance0(Native Method)
	at sun.reflect.NativeConstructorAccessorImpl.newInstance(Unknown Source)
	at sun.reflect.DelegatingConstructorAccessorImpl.newInstance(Unknown Source)
	at java.lang.reflect.Constructor.newInstance(Unknown Source)
	at org.openqa.selenium.remote.ErrorHandler.createThrowable(ErrorHandler.java:204)
	at org.openqa.selenium.remote.ErrorHandler.throwIfResponseFailed(ErrorHandler.java:156)
	at org.openqa.selenium.remote.RemoteWebDriver.execute(RemoteWebDriver.java:599)
	at org.openqa.selenium.remote.RemoteWebDriver.findElement(RemoteWebDriver.java:352)
	at org.openqa.selenium.remote.RemoteWebDriver.findElementByXPath(RemoteWebDriver.java:449)
	at org.openqa.selenium.By$ByXPath.findElement(By.java:357)
	at org.openqa.selenium.remote.RemoteWebDriver.findElement(RemoteWebDriver.java:344)
	at automationFramework.PageObjects.AccountVentraCardPage.getUserName(AccountVentraCardPage.java:51)
	at automationFramework.TestCases.EmailTest.checkEmailAddValueTest(EmailTest.java:86)
	at sun.reflect.NativeMethodAccessorImpl.invoke0(Native Method)
	at sun.reflect.NativeMethodAccessorImpl.invoke(Unknown Source)
	at sun.reflect.DelegatingMethodAccessorImpl.invoke(Unknown Source)
	at java.lang.reflect.Method.invoke(Unknown Source)
	at org.testng.internal.MethodInvocationHelper.invokeMethod(MethodInvocationHelper.java:80)
	at org.testng.internal.Invoker.invokeMethod(Invoker.java:714)
	at org.testng.internal.Invoker.invokeTestMethod(Invoker.java:901)
	at org.testng.internal.Invoker.invokeTestMethods(Invoker.java:1231)
	at org.testng.internal.TestMethodWorker.invokeTestMethods(TestMethodWorker.java:127)
	at org.testng.internal.TestMethodWorker.run(TestMethodWorker.java:111)
	at org.testng.TestRunner.privateRun(TestRunner.java:767)
	at org.testng.TestRunner.run(TestRunner.java:617)
	at org.testng.SuiteRunner.runTest(SuiteRunner.java:334)
	at org.testng.SuiteRunner.runSequentially(SuiteRunner.java:329)
	at org.testng.SuiteRunner.privateRun(SuiteRunner.java:291)
	at org.testng.SuiteRunner.run(SuiteRunner.java:240)
	at org.testng.SuiteRunnerWorker.runSuite(SuiteRunnerWorker.java:52)
	at org.testng.SuiteRunnerWorker.run(SuiteRunnerWorker.java:86)
	at org.testng.TestNG.runSuitesSequentially(TestNG.java:1198)
	at org.testng.TestNG.runSuitesLocally(TestNG.java:1123)
	at org.testng.TestNG.run(TestNG.java:1031)
	at org.testng.remote.AbstractRemoteTestNG.run(AbstractRemoteTestNG.java:126)
	at org.testng.remote.RemoteTestNG.initAndRun(RemoteTestNG.java:137)
	at org.testng.remote.RemoteTestNG.main(RemoteTestNG.java:58)
]]>
            </full-stacktrace>
          </exception> <!-- org.openqa.selenium.NoSuchElementException -->
          <reporter-output>
          </reporter-output>
        </test-method> <!-- checkEmailAddValueTest -->
        <test-method status="PASS" signature="tearDown()[pri:0, instance:automationFramework.TestCases.EmailTest@2a556333]" name="tearDown" is-config="true" duration-ms="1301" started-at="2016-09-27T17:43:06Z" finished-at="2016-09-27T17:43:08Z">
          <reporter-output>
            <line>
              <![CDATA[TearDown Complete]]>
            </line>
          </reporter-output>
        </test-method> <!-- tearDown -->
      </class> <!-- automationFramework.TestCases.EmailTest -->
      <class name="automationFramework.TestCases.GroupSalesManageTest">
        <test-method status="PASS" signature="setUp(java.lang.String)[pri:0, instance:automationFramework.TestCases.GroupSalesManageTest@480bdb19]" name="setUp" is-config="true" duration-ms="2067" started-at="2016-09-27T17:31:12Z" finished-at="2016-09-27T17:31:14Z">
          <params>
            <param index="0">
              <value>
                <![CDATA[chrome.exe]]>
              </value>
            </param>
          </params>
          <reporter-output>
          </reporter-output>
        </test-method> <!-- setUp -->
        <test-method status="PASS" signature="manageTransitGroupSales()[pri:0, instance:automationFramework.TestCases.GroupSalesManageTest@480bdb19]" name="manageTransitGroupSales" duration-ms="60768" started-at="2016-09-27T17:31:14Z" finished-at="2016-09-27T17:32:15Z">
          <reporter-output>
          </reporter-output>
        </test-method> <!-- manageTransitGroupSales -->
        <test-method status="PASS" signature="tearDown()[pri:0, instance:automationFramework.TestCases.GroupSalesManageTest@480bdb19]" name="tearDown" is-config="true" duration-ms="1046" started-at="2016-09-27T17:32:15Z" finished-at="2016-09-27T17:32:16Z">
          <reporter-output>
            <line>
              <![CDATA[TearDown Complete]]>
            </line>
          </reporter-output>
        </test-method> <!-- tearDown -->
      </class> <!-- automationFramework.TestCases.GroupSalesManageTest -->
      <class name="automationFramework.TestCases.AutoloadNewPassTest">
        <test-method status="PASS" signature="setUp(java.lang.String)[pri:0, instance:automationFramework.TestCases.AutoloadNewPassTest@bd8db5a]" name="setUp" is-config="true" duration-ms="3797" started-at="2016-09-27T17:35:28Z" finished-at="2016-09-27T17:35:32Z">
          <params>
            <param index="0">
              <value>
                <![CDATA[chrome.exe]]>
              </value>
            </param>
          </params>
          <reporter-output>
          </reporter-output>
        </test-method> <!-- setUp -->
        <test-method status="PASS" signature="autoLoadNewPass()[pri:0, instance:automationFramework.TestCases.AutoloadNewPassTest@bd8db5a]" name="autoLoadNewPass" duration-ms="66215" started-at="2016-09-27T17:35:32Z" finished-at="2016-09-27T17:36:38Z">
          <reporter-output>
          </reporter-output>
        </test-method> <!-- autoLoadNewPass -->
        <test-method status="PASS" signature="tearDown()[pri:0, instance:automationFramework.TestCases.AutoloadNewPassTest@bd8db5a]" name="tearDown" is-config="true" duration-ms="1061" started-at="2016-09-27T17:36:38Z" finished-at="2016-09-27T17:36:39Z">
          <reporter-output>
            <line>
              <![CDATA[TearDown Complete]]>
            </line>
          </reporter-output>
        </test-method> <!-- tearDown -->
      </class> <!-- automationFramework.TestCases.AutoloadNewPassTest -->
      <class name="automationFramework.TestCases.AutoloadTest">
        <test-method status="PASS" signature="setUp(java.lang.String)[pri:0, instance:automationFramework.TestCases.AutoloadTest@2f943d71]" name="setUp" is-config="true" duration-ms="2040" started-at="2016-09-27T17:34:52Z" finished-at="2016-09-27T17:34:54Z">
          <params>
            <param index="0">
              <value>
                <![CDATA[chrome.exe]]>
              </value>
            </param>
          </params>
          <reporter-output>
          </reporter-output>
        </test-method> <!-- setUp -->
        <test-method status="FAIL" signature="autoLoadNewCC()[pri:0, instance:automationFramework.TestCases.AutoloadTest@2f943d71]" name="autoLoadNewCC" duration-ms="33376" started-at="2016-09-27T17:34:54Z" finished-at="2016-09-27T17:35:27Z">
          <exception class="org.openqa.selenium.ElementNotVisibleException">
            <message>
              <![CDATA[element not visible
  (Session info: chrome=53.0.2785.116)
  (Driver info: chromedriver=2.23.409699 (49b0fa931cda1caad0ae15b7d1b68004acd05129),platform=Windows NT 6.1.7601 SP1 x86_64) (WARNING: The server did not provide any stacktrace information)
Command duration or timeout: 22 milliseconds
Build info: version: '2.45.0', revision: '5017cb8e7ca8e37638dc3091b2440b90a1d8686f', time: '2015-02-27 09:10:26'
System info: host: 'NACTS-081729', ip: '149.63.5.55', os.name: 'Windows 7', os.arch: 'amd64', os.version: '6.1', java.version: '1.8.0_77'
Driver info: org.openqa.selenium.chrome.ChromeDriver
Capabilities [{applicationCacheEnabled=false, rotatable=false, mobileEmulationEnabled=false, networkConnectionEnabled=false, chrome={chromedriverVersion=2.23.409699 (49b0fa931cda1caad0ae15b7d1b68004acd05129), userDataDir=C:\Users\200123\AppData\Local\Temp\scoped_dir14644_4839}, takesHeapSnapshot=true, databaseEnabled=false, handlesAlerts=true, hasTouchScreen=false, version=53.0.2785.116, platform=XP, browserConnectionEnabled=false, nativeEvents=true, acceptSslCerts=true, locationContextEnabled=true, webStorageEnabled=true, browserName=chrome, takesScreenshot=true, javascriptEnabled=true, cssSelectorsEnabled=true}]
Session ID: d573fbc089224074b4fb37b9d79576ae]]>
            </message>
            <full-stacktrace>
              <![CDATA[org.openqa.selenium.ElementNotVisibleException: element not visible
  (Session info: chrome=53.0.2785.116)
  (Driver info: chromedriver=2.23.409699 (49b0fa931cda1caad0ae15b7d1b68004acd05129),platform=Windows NT 6.1.7601 SP1 x86_64) (WARNING: The server did not provide any stacktrace information)
Command duration or timeout: 22 milliseconds
Build info: version: '2.45.0', revision: '5017cb8e7ca8e37638dc3091b2440b90a1d8686f', time: '2015-02-27 09:10:26'
System info: host: 'NACTS-081729', ip: '149.63.5.55', os.name: 'Windows 7', os.arch: 'amd64', os.version: '6.1', java.version: '1.8.0_77'
Driver info: org.openqa.selenium.chrome.ChromeDriver
Capabilities [{applicationCacheEnabled=false, rotatable=false, mobileEmulationEnabled=false, networkConnectionEnabled=false, chrome={chromedriverVersion=2.23.409699 (49b0fa931cda1caad0ae15b7d1b68004acd05129), userDataDir=C:\Users\200123\AppData\Local\Temp\scoped_dir14644_4839}, takesHeapSnapshot=true, databaseEnabled=false, handlesAlerts=true, hasTouchScreen=false, version=53.0.2785.116, platform=XP, browserConnectionEnabled=false, nativeEvents=true, acceptSslCerts=true, locationContextEnabled=true, webStorageEnabled=true, browserName=chrome, takesScreenshot=true, javascriptEnabled=true, cssSelectorsEnabled=true}]
Session ID: d573fbc089224074b4fb37b9d79576ae
	at sun.reflect.NativeConstructorAccessorImpl.newInstance0(Native Method)
	at sun.reflect.NativeConstructorAccessorImpl.newInstance(Unknown Source)
	at sun.reflect.DelegatingConstructorAccessorImpl.newInstance(Unknown Source)
	at java.lang.reflect.Constructor.newInstance(Unknown Source)
	at org.openqa.selenium.remote.ErrorHandler.createThrowable(ErrorHandler.java:204)
	at org.openqa.selenium.remote.ErrorHandler.throwIfResponseFailed(ErrorHandler.java:156)
	at org.openqa.selenium.remote.RemoteWebDriver.execute(RemoteWebDriver.java:599)
	at org.openqa.selenium.remote.RemoteWebElement.execute(RemoteWebElement.java:268)
	at org.openqa.selenium.remote.RemoteWebElement.click(RemoteWebElement.java:79)
	at automationFramework.PageObjects.AutoLoadPage.clickAgreement(AutoLoadPage.java:92)
	at automationFramework.TestCases.AutoloadTest.autoLoadNewCC(AutoloadTest.java:153)
	at sun.reflect.NativeMethodAccessorImpl.invoke0(Native Method)
	at sun.reflect.NativeMethodAccessorImpl.invoke(Unknown Source)
	at sun.reflect.DelegatingMethodAccessorImpl.invoke(Unknown Source)
	at java.lang.reflect.Method.invoke(Unknown Source)
	at org.testng.internal.MethodInvocationHelper.invokeMethod(MethodInvocationHelper.java:80)
	at org.testng.internal.Invoker.invokeMethod(Invoker.java:714)
	at org.testng.internal.Invoker.invokeTestMethod(Invoker.java:901)
	at org.testng.internal.Invoker.invokeTestMethods(Invoker.java:1231)
	at org.testng.internal.TestMethodWorker.invokeTestMethods(TestMethodWorker.java:127)
	at org.testng.internal.TestMethodWorker.run(TestMethodWorker.java:111)
	at org.testng.TestRunner.privateRun(TestRunner.java:767)
	at org.testng.TestRunner.run(TestRunner.java:617)
	at org.testng.SuiteRunner.runTest(SuiteRunner.java:334)
	at org.testng.SuiteRunner.runSequentially(SuiteRunner.java:329)
	at org.testng.SuiteRunner.privateRun(SuiteRunner.java:291)
	at org.testng.SuiteRunner.run(SuiteRunner.java:240)
	at org.testng.SuiteRunnerWorker.runSuite(SuiteRunnerWorker.java:52)
	at org.testng.SuiteRunnerWorker.run(SuiteRunnerWorker.java:86)
	at org.testng.TestNG.runSuitesSequentially(TestNG.java:1198)
	at org.testng.TestNG.runSuitesLocally(TestNG.java:1123)
	at org.testng.TestNG.run(TestNG.java:1031)
	at org.testng.remote.AbstractRemoteTestNG.run(AbstractRemoteTestNG.java:126)
	at org.testng.remote.RemoteTestNG.initAndRun(RemoteTestNG.java:137)
	at org.testng.remote.RemoteTestNG.main(RemoteTestNG.java:58)
]]>
            </full-stacktrace>
          </exception> <!-- org.openqa.selenium.ElementNotVisibleException -->
          <reporter-output>
          </reporter-output>
        </test-method> <!-- autoLoadNewCC -->
        <test-method status="PASS" signature="tearDown()[pri:0, instance:automationFramework.TestCases.AutoloadTest@2f943d71]" name="tearDown" is-config="true" duration-ms="1203" started-at="2016-09-27T17:35:27Z" finished-at="2016-09-27T17:35:28Z">
          <reporter-output>
            <line>
              <![CDATA[TearDown Complete]]>
            </line>
          </reporter-output>
        </test-method> <!-- tearDown -->
      </class> <!-- automationFramework.TestCases.AutoloadTest -->
      <class name="automationFramework.TestCases.AddValueTest">
        <test-method status="PASS" signature="setUp(java.lang.String)[pri:0, instance:automationFramework.TestCases.AddValueTest@80503]" name="setUp" is-config="true" duration-ms="2094" started-at="2016-09-27T17:29:10Z" finished-at="2016-09-27T17:29:13Z">
          <params>
            <param index="0">
              <value>
                <![CDATA[chrome.exe]]>
              </value>
            </param>
          </params>
          <reporter-output>
          </reporter-output>
        </test-method> <!-- setUp -->
        <test-method status="PASS" signature="addValue()[pri:0, instance:automationFramework.TestCases.AddValueTest@80503]" name="addValue" duration-ms="50513" started-at="2016-09-27T17:29:13Z" finished-at="2016-09-27T17:30:03Z">
          <reporter-output>
          </reporter-output>
        </test-method> <!-- addValue -->
        <test-method status="PASS" signature="tearDown()[pri:0, instance:automationFramework.TestCases.AddValueTest@80503]" name="tearDown" is-config="true" duration-ms="1031" started-at="2016-09-27T17:30:03Z" finished-at="2016-09-27T17:30:04Z">
          <reporter-output>
            <line>
              <![CDATA[TearDown Complete]]>
            </line>
          </reporter-output>
        </test-method> <!-- tearDown -->
      </class> <!-- automationFramework.TestCases.AddValueTest -->
      <class name="automationFramework.TestCases.AddSevenDayPassTest">
        <test-method status="PASS" signature="setUp(java.lang.String)[pri:0, instance:automationFramework.TestCases.AddSevenDayPassTest@34c4973]" name="setUp" is-config="true" duration-ms="2051" started-at="2016-09-27T17:37:36Z" finished-at="2016-09-27T17:37:38Z">
          <params>
            <param index="0">
              <value>
                <![CDATA[chrome.exe]]>
              </value>
            </param>
          </params>
          <reporter-output>
          </reporter-output>
        </test-method> <!-- setUp -->
        <test-method status="PASS" signature="addSevenDayPass()[pri:0, instance:automationFramework.TestCases.AddSevenDayPassTest@34c4973]" name="addSevenDayPass" duration-ms="53332" started-at="2016-09-27T17:37:38Z" finished-at="2016-09-27T17:38:32Z">
          <reporter-output>
          </reporter-output>
        </test-method> <!-- addSevenDayPass -->
        <test-method status="PASS" signature="tearDown()[pri:0, instance:automationFramework.TestCases.AddSevenDayPassTest@34c4973]" name="tearDown" is-config="true" duration-ms="2530" started-at="2016-09-27T17:38:32Z" finished-at="2016-09-27T17:38:34Z">
          <reporter-output>
          </reporter-output>
        </test-method> <!-- tearDown -->
      </class> <!-- automationFramework.TestCases.AddSevenDayPassTest -->
      <class name="automationFramework.TestCases.AddOneDayPassTest">
        <test-method status="PASS" signature="setUp(java.lang.String)[pri:0, instance:automationFramework.TestCases.AddOneDayPassTest@86be70a]" name="setUp" is-config="true" duration-ms="2000" started-at="2016-09-27T17:36:39Z" finished-at="2016-09-27T17:36:41Z">
          <params>
            <param index="0">
              <value>
                <![CDATA[chrome.exe]]>
              </value>
            </param>
          </params>
          <reporter-output>
          </reporter-output>
        </test-method> <!-- setUp -->
        <test-method status="PASS" signature="addOneDayPass()[pri:0, instance:automationFramework.TestCases.AddOneDayPassTest@86be70a]" name="addOneDayPass" duration-ms="52650" started-at="2016-09-27T17:36:41Z" finished-at="2016-09-27T17:37:34Z">
          <reporter-output>
          </reporter-output>
        </test-method> <!-- addOneDayPass -->
        <test-method status="PASS" signature="tearDown()[pri:0, instance:automationFramework.TestCases.AddOneDayPassTest@86be70a]" name="tearDown" is-config="true" duration-ms="2155" started-at="2016-09-27T17:37:34Z" finished-at="2016-09-27T17:37:36Z">
          <reporter-output>
          </reporter-output>
        </test-method> <!-- tearDown -->
      </class> <!-- automationFramework.TestCases.AddOneDayPassTest -->
      <class name="automationFramework.TestCases.AddThreeDayPassTest">
        <test-method status="PASS" signature="setUp(java.lang.String)[pri:0, instance:automationFramework.TestCases.AddThreeDayPassTest@3043fe0e]" name="setUp" is-config="true" duration-ms="2011" started-at="2016-09-27T17:38:34Z" finished-at="2016-09-27T17:38:36Z">
          <params>
            <param index="0">
              <value>
                <![CDATA[chrome.exe]]>
              </value>
            </param>
          </params>
          <reporter-output>
          </reporter-output>
        </test-method> <!-- setUp -->
        <test-method status="PASS" signature="addThreeDayPass()[pri:0, instance:automationFramework.TestCases.AddThreeDayPassTest@3043fe0e]" name="addThreeDayPass" duration-ms="54216" started-at="2016-09-27T17:38:36Z" finished-at="2016-09-27T17:39:30Z">
          <reporter-output>
          </reporter-output>
        </test-method> <!-- addThreeDayPass -->
        <test-method status="PASS" signature="tearDown()[pri:0, instance:automationFramework.TestCases.AddThreeDayPassTest@3043fe0e]" name="tearDown" is-config="true" duration-ms="2170" started-at="2016-09-27T17:39:30Z" finished-at="2016-09-27T17:39:33Z">
          <reporter-output>
          </reporter-output>
        </test-method> <!-- tearDown -->
      </class> <!-- automationFramework.TestCases.AddThreeDayPassTest -->
      <class name="automationFramework.TestCases.AccountLoginTest">
        <test-method status="PASS" signature="setUp(java.lang.String)[pri:0, instance:automationFramework.TestCases.AccountLoginTest@4b553d26]" name="setUp" is-config="true" duration-ms="2118" started-at="2016-09-27T17:23:57Z" finished-at="2016-09-27T17:23:59Z">
          <params>
            <param index="0">
              <value>
                <![CDATA[chrome.exe]]>
              </value>
            </param>
          </params>
          <reporter-output>
          </reporter-output>
        </test-method> <!-- setUp -->
        <test-method status="PASS" signature="accountLogin()[pri:0, instance:automationFramework.TestCases.AccountLoginTest@4b553d26]" name="accountLogin" duration-ms="146941" started-at="2016-09-27T17:23:59Z" finished-at="2016-09-27T17:26:26Z">
          <reporter-output>
          </reporter-output>
        </test-method> <!-- accountLogin -->
        <test-method status="PASS" signature="tearDown()[pri:0, instance:automationFramework.TestCases.AccountLoginTest@4b553d26]" name="tearDown" is-config="true" duration-ms="1049" started-at="2016-09-27T17:26:26Z" finished-at="2016-09-27T17:26:27Z">
          <reporter-output>
            <line>
              <![CDATA[TearDown Complete]]>
            </line>
          </reporter-output>
        </test-method> <!-- tearDown -->
      </class> <!-- automationFramework.TestCases.AccountLoginTest -->
      <class name="automationFramework.TestCases.GroupAccountAddPaymentAch">
        <test-method status="PASS" signature="setUp(java.lang.String)[pri:0, instance:automationFramework.TestCases.GroupAccountAddPaymentAch@33c7e1bb]" name="setUp" is-config="true" duration-ms="2080" started-at="2016-09-27T17:34:01Z" finished-at="2016-09-27T17:34:03Z">
          <params>
            <param index="0">
              <value>
                <![CDATA[chrome.exe]]>
              </value>
            </param>
          </params>
          <reporter-output>
          </reporter-output>
        </test-method> <!-- setUp -->
        <test-method status="PASS" signature="addACHPayment()[pri:0, instance:automationFramework.TestCases.GroupAccountAddPaymentAch@33c7e1bb]" name="addACHPayment" duration-ms="47579" started-at="2016-09-27T17:34:03Z" finished-at="2016-09-27T17:34:51Z">
          <reporter-output>
          </reporter-output>
        </test-method> <!-- addACHPayment -->
        <test-method status="PASS" signature="tearDown()[pri:0, instance:automationFramework.TestCases.GroupAccountAddPaymentAch@33c7e1bb]" name="tearDown" is-config="true" duration-ms="1062" started-at="2016-09-27T17:34:51Z" finished-at="2016-09-27T17:34:52Z">
          <reporter-output>
            <line>
              <![CDATA[TearDown Complete]]>
            </line>
          </reporter-output>
        </test-method> <!-- tearDown -->
      </class> <!-- automationFramework.TestCases.GroupAccountAddPaymentAch -->
      <class name="automationFramework.TestCases.ForgotUsernameTest">
        <test-method status="PASS" signature="setUp(java.lang.String)[pri:0, instance:automationFramework.TestCases.ForgotUsernameTest@76b0bfab]" name="setUp" is-config="true" duration-ms="2017" started-at="2016-09-27T17:27:26Z" finished-at="2016-09-27T17:27:28Z">
          <params>
            <param index="0">
              <value>
                <![CDATA[chrome.exe]]>
              </value>
            </param>
          </params>
          <reporter-output>
          </reporter-output>
        </test-method> <!-- setUp -->
        <test-method status="PASS" signature="forgotUsername()[pri:0, instance:automationFramework.TestCases.ForgotUsernameTest@76b0bfab]" name="forgotUsername" duration-ms="30807" started-at="2016-09-27T17:27:28Z" finished-at="2016-09-27T17:27:59Z">
          <reporter-output>
          </reporter-output>
        </test-method> <!-- forgotUsername -->
        <test-method status="PASS" signature="tearDown()[pri:0, instance:automationFramework.TestCases.ForgotUsernameTest@76b0bfab]" name="tearDown" is-config="true" duration-ms="1046" started-at="2016-09-27T17:27:59Z" finished-at="2016-09-27T17:28:00Z">
          <reporter-output>
            <line>
              <![CDATA[TearDown Complete]]>
            </line>
          </reporter-output>
        </test-method> <!-- tearDown -->
      </class> <!-- automationFramework.TestCases.ForgotUsernameTest -->
      <class name="automationFramework.TestCases.GroupSalesManageTest2">
        <test-method status="PASS" signature="setUp(java.lang.String)[pri:0, instance:automationFramework.TestCases.GroupSalesManageTest2@30a3107a]" name="setUp" is-config="true" duration-ms="2098" started-at="2016-09-27T17:32:59Z" finished-at="2016-09-27T17:33:02Z">
          <params>
            <param index="0">
              <value>
                <![CDATA[chrome.exe]]>
              </value>
            </param>
          </params>
          <reporter-output>
          </reporter-output>
        </test-method> <!-- setUp -->
        <test-method status="PASS" signature="manageTransitGroupSales()[pri:0, instance:automationFramework.TestCases.GroupSalesManageTest2@30a3107a]" name="manageTransitGroupSales" duration-ms="58362" started-at="2016-09-27T17:33:02Z" finished-at="2016-09-27T17:34:00Z">
          <reporter-output>
          </reporter-output>
        </test-method> <!-- manageTransitGroupSales -->
        <test-method status="PASS" signature="tearDown()[pri:0, instance:automationFramework.TestCases.GroupSalesManageTest2@30a3107a]" name="tearDown" is-config="true" duration-ms="1046" started-at="2016-09-27T17:34:00Z" finished-at="2016-09-27T17:34:01Z">
          <reporter-output>
            <line>
              <![CDATA[TearDown Complete]]>
            </line>
          </reporter-output>
        </test-method> <!-- tearDown -->
      </class> <!-- automationFramework.TestCases.GroupSalesManageTest2 -->
    </test> <!-- ChromeTest -->
  </suite> <!-- Automation - Suite -->
</testng-results>
