<?xml version="1.0" encoding="UTF-8"?>
<!-- Generated by org.testng.reporters.JUnitXMLReporter -->
<testsuite hostname="NACTS-081729" name="FirefoxTest" tests="1" failures="0" timestamp="30 Aug 2016 08:02:10 GMT" time="2.789" errors="0">
  <testcase name="@BeforeMethod setUp" time="0.0" classname="automationFramework.TestCases.VentraCardTest">
    <failure type="java.lang.NullPointerException">
      <![CDATA[java.lang.NullPointerException
	at automationFramework.TestCases.VentraCardTest.setUp(VentraCardTest.java:57)
	at org.apache.maven.surefire.testng.TestNGExecutor.run(TestNGExecutor.java:177)
	at org.apache.maven.surefire.testng.TestNGXmlTestSuite.execute(TestNGXmlTestSuite.java:92)
	at org.apache.maven.surefire.testng.TestNGProvider.invoke(TestNGProvider.java:105)
	at org.apache.maven.surefire.util.ReflectionUtils.invokeMethodWithArray(ReflectionUtils.java:189)
	at org.apache.maven.surefire.booter.ProviderFactory$ProviderProxy.invoke(ProviderFactory.java:165)
	at org.apache.maven.surefire.booter.ProviderFactory.invokeProvider(ProviderFactory.java:85)
	at org.apache.maven.surefire.booter.ForkedBooter.runSuitesInProcess(ForkedBooter.java:103)
	at org.apache.maven.surefire.booter.ForkedBooter.main(ForkedBooter.java:74)
... Removed 27 stack frames]]>
    </failure>
  </testcase> <!-- @BeforeMethod setUp -->
  <testcase name="@AfterMethod tearDown" time="0.0" classname="automationFramework.TestCases.VentraCardTest">
    <skipped/>
  </testcase> <!-- @AfterMethod tearDown -->
  <testcase name="getVentraCard" time="0.001" classname="automationFramework.TestCases.VentraCardTest">
    <skipped/>
  </testcase> <!-- getVentraCard -->
</testsuite> <!-- FirefoxTest -->
