<?xml version="1.0" encoding="UTF-8"?>
<testsuite name="FirefoxTest"
           tests="7"
           failures="0"
           errors="0"
           skipped="0"
           time="485.566">
  <properties />
  
  
            <testcase name="createFundingSourceCancel" time="54.951" classname="automationFramework.TestCases.CreateFundingTest" />
                <testcase name="createCustomerFundingInvalidCC" time="75.058" classname="automationFramework.TestCases.CreateFundingTest" />
                <testcase name="createCustomerFundingInvalidName" time="78.918" classname="automationFramework.TestCases.CreateFundingTest" />
                <testcase name="createFundingSource" time="83.540" classname="automationFramework.TestCases.CreateFundingTest" />
                <testcase name="createCustomerInvalidEmail" time="44.635" classname="automationFramework.TestCases.CreateFundingTest" />
                <testcase name="createFundingSourceTypeNotSelected" time="45.071" classname="automationFramework.TestCases.CreateFundingTest" />
                <testcase name="createFundingSourceNewBillingAddress" time="103.393" classname="automationFramework.TestCases.CreateFundingTest" />
      
</testsuite>
