<?xml version="1.0" encoding="UTF-8"?>
<testsuite name="FirefoxTest"
           tests="7"
           failures="0"
           errors="0"
           skipped="0"
           time="391.013">
  <properties />
  
  
            <testcase name="createNewCustomerDBCheckUserName" time="61.749" classname="automationFramework.TestCases.CreateCustomerDBTest" />
                <testcase name="createNewCustomerDBCheckAddressTable" time="60.757" classname="automationFramework.TestCases.CreateCustomerDBTest" />
                <testcase name="createNewCustomerDBCheckSecurityTable" time="60.607" classname="automationFramework.TestCases.CreateCustomerDBTest" />
                <testcase name="createNewCustomerCancelDBCheck" time="33.671" classname="automationFramework.TestCases.CreateCustomerDBTest" />
                <testcase name="createNewCustomerDBCheckAccountTable" time="54.913" classname="automationFramework.TestCases.CreateCustomerDBTest" />
                <testcase name="createNewCustomerDBCheckContactTable" time="59.166" classname="automationFramework.TestCases.CreateCustomerDBTest" />
                <testcase name="createNewCustomerDBCheckPhoneTable" time="60.150" classname="automationFramework.TestCases.CreateCustomerDBTest" />
      
</testsuite>
