<?xml version="1.0" encoding="UTF-8"?>
<testsuite name="FirefoxTest"
           tests="11"
           failures="0"
           errors="0"
           skipped="0"
           time="370.344">
  <properties />
  
  
            <testcase name="createCustomerInvalidPhone" time="23.538" classname="automationFramework.TestCases.CreateCustomerTest" />
                <testcase name="createCustomerInvalidUserName" time="35.596" classname="automationFramework.TestCases.CreateCustomerTest" />
                <testcase name="createNewCustomer" time="50.794" classname="automationFramework.TestCases.CreateCustomerTest" />
                <testcase name="createCustomerCancel" time="25.484" classname="automationFramework.TestCases.CreateCustomerTest" />
                <testcase name="createCustomerDuplicateUserName" time="46.624" classname="automationFramework.TestCases.CreateCustomerTest" />
                <testcase name="createCustomerFundingInvalidCC" time="36.190" classname="automationFramework.TestCases.CreateCustomerTest" />
                <testcase name="createCustomerContactTypeNotSelected" time="35.300" classname="automationFramework.TestCases.CreateCustomerTest" />
                <testcase name="createCustomerInvalidEmail" time="37.590" classname="automationFramework.TestCases.CreateCustomerTest" />
                <testcase name="createCustomerNameMissing" time="20.988" classname="automationFramework.TestCases.CreateCustomerTest" />
                <testcase name="createCustomerEmailMissing" time="25.672" classname="automationFramework.TestCases.CreateCustomerTest" />
                <testcase name="createCustomerInvalidPin" time="32.568" classname="automationFramework.TestCases.CreateCustomerTest" />
      
</testsuite>
