<?xml version="1.0" encoding="UTF-8"?>
<testsuite name="FirefoxTest"
           tests="12"
           failures="0"
           errors="0"
           skipped="0"
           time="374.533">
  <properties />
  
  
            <testcase name="searchCustomerCheckDuplicateTestEmailPhone" time="33.702" classname="automationFramework.TestCases.SearchTest" />
                <testcase name="searchCustomerCheckDuplicateTestEmail" time="29.873" classname="automationFramework.TestCases.SearchTest" />
                <testcase name="searchCustomerCheckDuplicateTestLname" time="30.590" classname="automationFramework.TestCases.SearchTest" />
                <testcase name="searchCustomerTypeNotSelected" time="20.792" classname="automationFramework.TestCases.SearchTest" />
                <testcase name="searchCustomerCheckDuplicateTestPhone" time="31.681" classname="automationFramework.TestCases.SearchTest" />
                <testcase name="searchCustomerInvalidEmail" time="29.827" classname="automationFramework.TestCases.SearchTest" />
                <testcase name="searchCustomerCheckDuplicateTestAll" time="36.434" classname="automationFramework.TestCases.SearchTest" />
                <testcase name="searchCustomerVerifiedTest" time="31.938" classname="automationFramework.TestCases.SearchTest" />
                <testcase name="searchCustomerNoResultsTest" time="28.087" classname="automationFramework.TestCases.SearchTest" />
                <testcase name="searchCustomerCheckDuplicateTestFnameLname" time="33.663" classname="automationFramework.TestCases.SearchTest" />
                <testcase name="searchCustomerNotVerifiedTest" time="37.939" classname="automationFramework.TestCases.SearchTest" />
                <testcase name="searchCustomerCheckDuplicateTestFname" time="30.007" classname="automationFramework.TestCases.SearchTest" />
      
</testsuite>
